This is pdfTeX, Version 3.141592653-2.6-1.40.26 (TeX Live 2024) (preloaded format=pdflatex 2024.7.22)  28 JUN 2025 14:37
entering extended mode
 restricted \write18 enabled.
 %&-line parsing enabled.
**en2_backup2
(./en2_backup2.tex
LaTeX2e <2023-11-01> patch level 1
L3 programming layer <2024-02-20>
(d:/app/latex/texlive/2024/texmf-dist/tex/latex/ieeetran/IEEEtran.cls
Document Class: IEEEtran 2015/08/26 V1.8b by Michael Shell
-- See the "IEEEtran_HOWTO" manual for usage information.
-- http://www.michaelshell.org/tex/ieeetran/
\@IEEEtrantmpdimenA=\dimen140
\@IEEEtrantmpdimenB=\dimen141
\@IEEEtrantmpdimenC=\dimen142
\@IEEEtrantmpcountA=\count188
\@IEEEtrantmpcountB=\count189
\@IEEEtrantmpcountC=\count190
\@IEEEtrantmptoksA=\toks17
LaTeX Font Info:    Trying to load font information for OT1+ptm on input line 5
03.
(d:/app/latex/texlive/2024/texmf-dist/tex/latex/psnfss/ot1ptm.fd
File: ot1ptm.fd 2001/06/04 font definitions for OT1/ptm.
)
-- Using 8.5in x 11in (letter) paper.
-- Using PDF output.
\@IEEEnormalsizeunitybaselineskip=\dimen143
-- This is a 10 point document.
\CLASSINFOnormalsizebaselineskip=\dimen144
\CLASSINFOnormalsizeunitybaselineskip=\dimen145
\IEEEnormaljot=\dimen146
LaTeX Font Info:    Font shape `OT1/ptm/bx/n' in size <5> not available
(Font)              Font shape `OT1/ptm/b/n' tried instead on input line 1090.
LaTeX Font Info:    Font shape `OT1/ptm/bx/it' in size <5> not available
(Font)              Font shape `OT1/ptm/b/it' tried instead on input line 1090.

LaTeX Font Info:    Font shape `OT1/ptm/bx/n' in size <7> not available
(Font)              Font shape `OT1/ptm/b/n' tried instead on input line 1090.
LaTeX Font Info:    Font shape `OT1/ptm/bx/it' in size <7> not available
(Font)              Font shape `OT1/ptm/b/it' tried instead on input line 1090.

LaTeX Font Info:    Font shape `OT1/ptm/bx/n' in size <8> not available
(Font)              Font shape `OT1/ptm/b/n' tried instead on input line 1090.
LaTeX Font Info:    Font shape `OT1/ptm/bx/it' in size <8> not available
(Font)              Font shape `OT1/ptm/b/it' tried instead on input line 1090.

LaTeX Font Info:    Font shape `OT1/ptm/bx/n' in size <9> not available
(Font)              Font shape `OT1/ptm/b/n' tried instead on input line 1090.
LaTeX Font Info:    Font shape `OT1/ptm/bx/it' in size <9> not available
(Font)              Font shape `OT1/ptm/b/it' tried instead on input line 1090.

LaTeX Font Info:    Font shape `OT1/ptm/bx/n' in size <10> not available
(Font)              Font shape `OT1/ptm/b/n' tried instead on input line 1090.
LaTeX Font Info:    Font shape `OT1/ptm/bx/it' in size <10> not available
(Font)              Font shape `OT1/ptm/b/it' tried instead on input line 1090.

LaTeX Font Info:    Font shape `OT1/ptm/bx/n' in size <11> not available
(Font)              Font shape `OT1/ptm/b/n' tried instead on input line 1090.
LaTeX Font Info:    Font shape `OT1/ptm/bx/it' in size <11> not available
(Font)              Font shape `OT1/ptm/b/it' tried instead on input line 1090.

LaTeX Font Info:    Font shape `OT1/ptm/bx/n' in size <12> not available
(Font)              Font shape `OT1/ptm/b/n' tried instead on input line 1090.
LaTeX Font Info:    Font shape `OT1/ptm/bx/it' in size <12> not available
(Font)              Font shape `OT1/ptm/b/it' tried instead on input line 1090.

LaTeX Font Info:    Font shape `OT1/ptm/bx/n' in size <17> not available
(Font)              Font shape `OT1/ptm/b/n' tried instead on input line 1090.
LaTeX Font Info:    Font shape `OT1/ptm/bx/it' in size <17> not available
(Font)              Font shape `OT1/ptm/b/it' tried instead on input line 1090.

LaTeX Font Info:    Font shape `OT1/ptm/bx/n' in size <20> not available
(Font)              Font shape `OT1/ptm/b/n' tried instead on input line 1090.
LaTeX Font Info:    Font shape `OT1/ptm/bx/it' in size <20> not available
(Font)              Font shape `OT1/ptm/b/it' tried instead on input line 1090.

LaTeX Font Info:    Font shape `OT1/ptm/bx/n' in size <24> not available
(Font)              Font shape `OT1/ptm/b/n' tried instead on input line 1090.
LaTeX Font Info:    Font shape `OT1/ptm/bx/it' in size <24> not available
(Font)              Font shape `OT1/ptm/b/it' tried instead on input line 1090.

\IEEEquantizedlength=\dimen147
\IEEEquantizedlengthdiff=\dimen148
\IEEEquantizedtextheightdiff=\dimen149
\IEEEilabelindentA=\dimen150
\IEEEilabelindentB=\dimen151
\IEEEilabelindent=\dimen152
\IEEEelabelindent=\dimen153
\IEEEdlabelindent=\dimen154
\IEEElabelindent=\dimen155
\IEEEiednormlabelsep=\dimen156
\IEEEiedmathlabelsep=\dimen157
\IEEEiedtopsep=\skip48
\c@section=\count191
\c@subsection=\count192
\c@subsubsection=\count193
\c@paragraph=\count194
\c@IEEEsubequation=\count195
\abovecaptionskip=\skip49
\belowcaptionskip=\skip50
\c@figure=\count196
\c@table=\count197
\@IEEEeqnnumcols=\count198
\@IEEEeqncolcnt=\count199
\@IEEEsubeqnnumrollback=\count266
\@IEEEquantizeheightA=\dimen158
\@IEEEquantizeheightB=\dimen159
\@IEEEquantizeheightC=\dimen160
\@IEEEquantizeprevdepth=\dimen161
\@IEEEquantizemultiple=\count267
\@IEEEquantizeboxA=\box51
\@IEEEtmpitemindent=\dimen162
\IEEEPARstartletwidth=\dimen163
\c@IEEEbiography=\count268
\@IEEEtranrubishbin=\box52
)
** ATTENTION: Overriding command lockouts (line 2).
(d:/app/latex/texlive/2024/texmf-dist/tex/latex/cite/cite.sty
LaTeX Info: Redefining \cite on input line 302.
LaTeX Info: Redefining \nocite on input line 332.
Package: cite 2015/02/27  v 5.5
)
(d:/app/latex/texlive/2024/texmf-dist/tex/latex/amsmath/amsmath.sty
Package: amsmath 2023/05/13 v2.17o AMS math features
\@mathmargin=\skip51

For additional information on amsmath, use the `?' option.
(d:/app/latex/texlive/2024/texmf-dist/tex/latex/amsmath/amstext.sty
Package: amstext 2021/08/26 v2.01 AMS text

(d:/app/latex/texlive/2024/texmf-dist/tex/latex/amsmath/amsgen.sty
File: amsgen.sty 1999/11/30 v2.0 generic functions
\@emptytoks=\toks18
\ex@=\dimen164
))
(d:/app/latex/texlive/2024/texmf-dist/tex/latex/amsmath/amsbsy.sty
Package: amsbsy 1999/11/29 v1.2d Bold Symbols
\pmbraise@=\dimen165
)
(d:/app/latex/texlive/2024/texmf-dist/tex/latex/amsmath/amsopn.sty
Package: amsopn 2022/04/08 v2.04 operator names
)
\inf@bad=\count269
LaTeX Info: Redefining \frac on input line 234.
\uproot@=\count270
\leftroot@=\count271
LaTeX Info: Redefining \overline on input line 399.
LaTeX Info: Redefining \colon on input line 410.
\classnum@=\count272
\DOTSCASE@=\count273
LaTeX Info: Redefining \ldots on input line 496.
LaTeX Info: Redefining \dots on input line 499.
LaTeX Info: Redefining \cdots on input line 620.
\Mathstrutbox@=\box53
\strutbox@=\box54
LaTeX Info: Redefining \big on input line 722.
LaTeX Info: Redefining \Big on input line 723.
LaTeX Info: Redefining \bigg on input line 724.
LaTeX Info: Redefining \Bigg on input line 725.
\big@size=\dimen166
LaTeX Font Info:    Redeclaring font encoding OML on input line 743.
LaTeX Font Info:    Redeclaring font encoding OMS on input line 744.
\macc@depth=\count274
LaTeX Info: Redefining \bmod on input line 905.
LaTeX Info: Redefining \pmod on input line 910.
LaTeX Info: Redefining \smash on input line 940.
LaTeX Info: Redefining \relbar on input line 970.
LaTeX Info: Redefining \Relbar on input line 971.
\c@MaxMatrixCols=\count275
\dotsspace@=\muskip16
\c@parentequation=\count276
\dspbrk@lvl=\count277
\tag@help=\toks19
\row@=\count278
\column@=\count279
\maxfields@=\count280
\andhelp@=\toks20
\eqnshift@=\dimen167
\alignsep@=\dimen168
\tagshift@=\dimen169
\tagwidth@=\dimen170
\totwidth@=\dimen171
\lineht@=\dimen172
\@envbody=\toks21
\multlinegap=\skip52
\multlinetaggap=\skip53
\mathdisplay@stack=\toks22
LaTeX Info: Redefining \[ on input line 2953.
LaTeX Info: Redefining \] on input line 2954.
)
(d:/app/latex/texlive/2024/texmf-dist/tex/latex/amsfonts/amssymb.sty
Package: amssymb 2013/01/14 v3.01 AMS font symbols

(d:/app/latex/texlive/2024/texmf-dist/tex/latex/amsfonts/amsfonts.sty
Package: amsfonts 2013/01/14 v3.01 Basic AMSFonts support
\symAMSa=\mathgroup4
\symAMSb=\mathgroup5
LaTeX Font Info:    Redeclaring math symbol \hbar on input line 98.
LaTeX Font Info:    Overwriting math alphabet `\mathfrak' in version `bold'
(Font)                  U/euf/m/n --> U/euf/b/n on input line 106.
))
(d:/app/latex/texlive/2024/texmf-dist/tex/latex/algorithms/algorithmic.sty
Package: algorithmic 2009/08/24 v0.1 Document Style `algorithmic'

(d:/app/latex/texlive/2024/texmf-dist/tex/latex/base/ifthen.sty
Package: ifthen 2022/04/13 v1.1d Standard LaTeX ifthen package (DPC)
)
(d:/app/latex/texlive/2024/texmf-dist/tex/latex/graphics/keyval.sty
Package: keyval 2022/05/29 v1.15 key=value parser (DPC)
\KV@toks@=\toks23
)
\c@ALC@unique=\count281
\c@ALC@line=\count282
\c@ALC@rem=\count283
\c@ALC@depth=\count284
\ALC@tlm=\skip54
\algorithmicindent=\skip55
)
(d:/app/latex/texlive/2024/texmf-dist/tex/latex/graphics/graphicx.sty
Package: graphicx 2021/09/16 v1.2d Enhanced LaTeX Graphics (DPC,SPQR)

(d:/app/latex/texlive/2024/texmf-dist/tex/latex/graphics/graphics.sty
Package: graphics 2022/03/10 v1.4e Standard LaTeX Graphics (DPC,SPQR)

(d:/app/latex/texlive/2024/texmf-dist/tex/latex/graphics/trig.sty
Package: trig 2021/08/11 v1.11 sin cos tan (DPC)
)
(d:/app/latex/texlive/2024/texmf-dist/tex/latex/graphics-cfg/graphics.cfg
File: graphics.cfg 2016/06/04 v1.11 sample graphics configuration
)
Package graphics Info: Driver file: pdftex.def on input line 107.

(d:/app/latex/texlive/2024/texmf-dist/tex/latex/graphics-def/pdftex.def
File: pdftex.def 2022/09/22 v1.2b Graphics/color driver for pdftex
))
\Gin@req@height=\dimen173
\Gin@req@width=\dimen174
)
(d:/app/latex/texlive/2024/texmf-dist/tex/latex/base/textcomp.sty
Package: textcomp 2020/02/02 v2.0n Standard LaTeX package
)
(d:/app/latex/texlive/2024/texmf-dist/tex/latex/xcolor/xcolor.sty
Package: xcolor 2023/11/15 v3.01 LaTeX color extensions (UK)

(d:/app/latex/texlive/2024/texmf-dist/tex/latex/graphics-cfg/color.cfg
File: color.cfg 2016/01/02 v1.6 sample color configuration
)
Package xcolor Info: Driver file: pdftex.def on input line 274.

(d:/app/latex/texlive/2024/texmf-dist/tex/latex/graphics/mathcolor.ltx)
Package xcolor Info: Model `cmy' substituted by `cmy0' on input line 1350.
Package xcolor Info: Model `hsb' substituted by `rgb' on input line 1354.
Package xcolor Info: Model `RGB' extended on input line 1366.
Package xcolor Info: Model `HTML' substituted by `rgb' on input line 1368.
Package xcolor Info: Model `Hsb' substituted by `hsb' on input line 1369.
Package xcolor Info: Model `tHsb' substituted by `hsb' on input line 1370.
Package xcolor Info: Model `HSB' substituted by `hsb' on input line 1371.
Package xcolor Info: Model `Gray' substituted by `gray' on input line 1372.
Package xcolor Info: Model `wave' substituted by `hsb' on input line 1373.
)
(d:/app/latex/texlive/2024/texmf-dist/tex/latex/booktabs/booktabs.sty
Package: booktabs 2020/01/12 v1.61803398 Publication quality tables
\heavyrulewidth=\dimen175
\lightrulewidth=\dimen176
\cmidrulewidth=\dimen177
\belowrulesep=\dimen178
\belowbottomsep=\dimen179
\aboverulesep=\dimen180
\abovetopsep=\dimen181
\cmidrulesep=\dimen182
\cmidrulekern=\dimen183
\defaultaddspace=\dimen184
\@cmidla=\count285
\@cmidlb=\count286
\@aboverulesep=\dimen185
\@belowrulesep=\dimen186
\@thisruleclass=\count287
\@lastruleclass=\count288
\@thisrulewidth=\dimen187
)
(d:/app/latex/texlive/2024/texmf-dist/tex/latex/multirow/multirow.sty
Package: multirow 2021/03/15 v2.8 Span multiple rows of a table
\multirow@colwidth=\skip56
\multirow@cntb=\count289
\multirow@dima=\skip57
\bigstrutjot=\dimen188
)
(d:/app/latex/texlive/2024/texmf-dist/tex/latex/subfigure/subfigure.sty
Package: subfigure 2002/03/15 v2.1.5 subfigure package
\subfigtopskip=\skip58
\subfigcapskip=\skip59
\subfigcaptopadj=\dimen189
\subfigbottomskip=\skip60
\subfigcapmargin=\dimen190
\subfiglabelskip=\skip61
\c@subfigure=\count290
\c@lofdepth=\count291
\c@subtable=\count292
\c@lotdepth=\count293

****************************************
* Local config file subfigure.cfg used *
****************************************
(d:/app/latex/texlive/2024/texmf-dist/tex/latex/subfigure/subfigure.cfg)
\subfig@top=\skip62
\subfig@bottom=\skip63
)
(d:/app/latex/texlive/2024/texmf-dist/tex/latex/url/url.sty
\Urlmuskip=\muskip17
Package: url 2013/09/16  ver 3.4  Verb mode for urls, etc.
)
(d:/app/latex/texlive/2024/texmf-dist/tex/latex/makecell/makecell.sty
Package: makecell 2009/08/03 V0.1e Managing of Tab Column Heads and Cells

(d:/app/latex/texlive/2024/texmf-dist/tex/latex/tools/array.sty
Package: array 2023/10/16 v2.5g Tabular extension package (FMi)
\col@sep=\dimen191
\ar@mcellbox=\box55
\extrarowheight=\dimen192
\NC@list=\toks24
\extratabsurround=\skip64
\backup@length=\skip65
\ar@cellbox=\box56
)
\rotheadsize=\dimen193
\c@nlinenum=\count294
\TeXr@lab=\toks25
)
(d:/app/latex/texlive/2024/texmf-dist/tex/latex/threeparttable/threeparttable.s
ty
Package: threeparttable 2003/06/13  v 3.0
\@tempboxb=\box57
)
(d:/app/latex/texlive/2024/texmf-dist/tex/latex/l3backend/l3backend-pdftex.def
File: l3backend-pdftex.def 2024-02-20 L3 backend support: PDF output (pdfTeX)
\l__color_backend_stack_int=\count295
\l__pdf_internal_box=\box58
) (./en2_backup2.aux)
\openout1 = `en2_backup2.aux'.

LaTeX Font Info:    Checking defaults for OML/cmm/m/it on input line 23.
LaTeX Font Info:    ... okay on input line 23.
LaTeX Font Info:    Checking defaults for OMS/cmsy/m/n on input line 23.
LaTeX Font Info:    ... okay on input line 23.
LaTeX Font Info:    Checking defaults for OT1/cmr/m/n on input line 23.
LaTeX Font Info:    ... okay on input line 23.
LaTeX Font Info:    Checking defaults for T1/cmr/m/n on input line 23.
LaTeX Font Info:    ... okay on input line 23.
LaTeX Font Info:    Checking defaults for TS1/cmr/m/n on input line 23.
LaTeX Font Info:    ... okay on input line 23.
LaTeX Font Info:    Checking defaults for OMX/cmex/m/n on input line 23.
LaTeX Font Info:    ... okay on input line 23.
LaTeX Font Info:    Checking defaults for U/cmr/m/n on input line 23.
LaTeX Font Info:    ... okay on input line 23.

-- Lines per column: 56 (exact).
(d:/app/latex/texlive/2024/texmf-dist/tex/context/base/mkii/supp-pdf.mkii
[Loading MPS to PDF converter (version 2006.09.02).]
\scratchcounter=\count296
\scratchdimen=\dimen194
\scratchbox=\box59
\nofMPsegments=\count297
\nofMParguments=\count298
\everyMPshowfont=\toks26
\MPscratchCnt=\count299
\MPscratchDim=\dimen195
\MPnumerator=\count300
\makeMPintoPDFobject=\count301
\everyMPtoPDFconversion=\toks27
)
(d:/app/latex/texlive/2024/texmf-dist/tex/latex/epstopdf-pkg/epstopdf-base.sty
Package: epstopdf-base 2020-01-24 v2.11 Base part for package epstopdf
Package epstopdf-base Info: Redefining graphics rule for `.eps' on input line 4
85.

(d:/app/latex/texlive/2024/texmf-dist/tex/latex/latexconfig/epstopdf-sys.cfg
File: epstopdf-sys.cfg 2010/07/13 v1.3 Configuration of (r)epstopdf for TeX Liv
e
))
LaTeX Font Info:    Trying to load font information for U+msa on input line 49.


(d:/app/latex/texlive/2024/texmf-dist/tex/latex/amsfonts/umsa.fd
File: umsa.fd 2013/01/14 v3.01 AMS symbols A
)
LaTeX Font Info:    Trying to load font information for U+msb on input line 49.


(d:/app/latex/texlive/2024/texmf-dist/tex/latex/amsfonts/umsb.fd
File: umsb.fd 2013/01/14 v3.01 AMS symbols B
)
Underfull \hbox (badness 1968) in paragraph at lines 52--54
[]\OT1/ptm/b/it/9 Index Terms\OT1/ptm/b/n/9 ---Automatic Mod-u-la-tion Clas-si-
fi-ca-tion, Deep
 []

[1{d:/app/latex/texlive/2024/texmf-var/fonts/map/pdftex/updmap/pdftex.map}{d:/a
pp/latex/texlive/2024/texmf-dist/fonts/enc/dvips/base/8r.enc}


] [2]
<figure/data_processing_pipeline.png, id=19, 1293.633pt x 447.5922pt>
File: figure/data_processing_pipeline.png Graphic file (type png)
<use figure/data_processing_pipeline.png>
Package pdftex.def Info: figure/data_processing_pipeline.png  used on input lin
e 125.
(pdftex.def)             Requested size: 464.39685pt x 160.67548pt.
 [3]
LaTeX Font Info:    Trying to load font information for TS1+ptm on input line 2
11.

(d:/app/latex/texlive/2024/texmf-dist/tex/latex/psnfss/ts1ptm.fd
File: ts1ptm.fd 2001/06/04 font definitions for TS1/ptm.
)
<figure/constellation.png, id=28, 1157.7654pt x 849.1725pt>
File: figure/constellation.png Graphic file (type png)
<use figure/constellation.png>
Package pdftex.def Info: figure/constellation.png  used on input line 215.
(pdftex.def)             Requested size: 232.19843pt x 170.29794pt.
<figure/enhanced_hybrid_model.pdf, id=29, 1229.4863pt x 404.13184pt>
File: figure/enhanced_hybrid_model.pdf Graphic file (type pdf)
<use figure/enhanced_hybrid_model.pdf>
Package pdftex.def Info: figure/enhanced_hybrid_model.pdf  used on input line 2
26.
(pdftex.def)             Requested size: 464.39685pt x 152.6467pt.


pdfTeX warning: pdflatex.exe (file ./figure/lightweight_hybrid_model.pdf): PDF 
inclusion: found PDF version <1.7>, but at most version <1.5> allowed
<figure/lightweight_hybrid_model.pdf, id=30, 2165.08875pt x 178.6675pt>
File: figure/lightweight_hybrid_model.pdf Graphic file (type pdf)
<use figure/lightweight_hybrid_model.pdf>
Package pdftex.def Info: figure/lightweight_hybrid_model.pdf  used on input lin
e 234.
(pdftex.def)             Requested size: 438.60315pt x 36.19359pt.
[4 <./figure/data_processing_pipeline.png>] [5 <./figure/constellation.png>]
[6 <./figure/enhanced_hybrid_model.pdf> <./figure/lightweight_hybrid_model.pdf>
]
<figure/snr_performance_comparison.pdf, id=94, 1293.60732pt x 570.17455pt>
File: figure/snr_performance_comparison.pdf Graphic file (type pdf)
<use figure/snr_performance_comparison.pdf>
Package pdftex.def Info: figure/snr_performance_comparison.pdf  used on input l
ine 404.
(pdftex.def)             Requested size: 232.19843pt x 102.33987pt.
<figure/baseline_model_comparison.pdf, id=95, 859.85051pt x 570.64536pt>
File: figure/baseline_model_comparison.pdf Graphic file (type pdf)
<use figure/baseline_model_comparison.pdf>
Package pdftex.def Info: figure/baseline_model_comparison.pdf  used on input li
ne 415.
(pdftex.def)             Requested size: 232.19843pt x 154.09372pt.
<figure/constellation_denoising.png, id=96, 1717.1352pt x 570.2103pt>
File: figure/constellation_denoising.png Graphic file (type png)
<use figure/constellation_denoising.png>
Package pdftex.def Info: figure/constellation_denoising.png  used on input line
 451.
(pdftex.def)             Requested size: 232.19843pt x 77.10558pt.
 [7 <./figure/snr_performance_comparison.pdf> <./figure/baseline_model_comparis
on.pdf>]
<figure/QAM16_rotation.png, id=281, 758.835pt x 641.0349pt>
File: figure/QAM16_rotation.png Graphic file (type png)
<use figure/QAM16_rotation.png>
Package pdftex.def Info: figure/QAM16_rotation.png  used on input line 525.
(pdftex.def)             Requested size: 232.19843pt x 196.14626pt.
 [8 <./figure/constellation_denoising.png>]
Underfull \hbox (badness 6675) in paragraph at lines 536--537
[]\OT1/ptm/m/n/10 The pro-posed hy-brid ComplexCNN-ResNet ar-chi-tec-
 []

<figure/sorted_stacked_comparison.png, id=287, 1148.6112pt x 714.0276pt>
File: figure/sorted_stacked_comparison.png Graphic file (type png)
<use figure/sorted_stacked_comparison.png>
Package pdftex.def Info: figure/sorted_stacked_comparison.png  used on input li
ne 561.
(pdftex.def)             Requested size: 232.19843pt x 144.3392pt.
<figure/validation_accuracy_convergence.pdf, id=288, 711.00507pt x 421.575pt>
File: figure/validation_accuracy_convergence.pdf Graphic file (type pdf)
<use figure/validation_accuracy_convergence.pdf>
Package pdftex.def Info: figure/validation_accuracy_convergence.pdf  used on in
put line 568.
(pdftex.def)             Requested size: 232.19843pt x 137.6728pt.
[9 <./figure/QAM16_rotation.png> <./figure/sorted_stacked_comparison.png> <./fi
gure/validation_accuracy_convergence.pdf>]
<figure/stacked_ablation_analysis.pdf, id=371, 1004.425pt x 570.06476pt>
File: figure/stacked_ablation_analysis.pdf Graphic file (type pdf)
<use figure/stacked_ablation_analysis.pdf>
Package pdftex.def Info: figure/stacked_ablation_analysis.pdf  used on input li
ne 618.
(pdftex.def)             Requested size: 232.19843pt x 131.78192pt.
 [10 <./figure/stacked_ablation_analysis.pdf>]
Underfull \hbox (badness 5091) in paragraph at lines 651--652
\OT1/ptm/m/n/10 achieved a clas-si-fi-ca-tion ac-cu-racy of 65.38% on the
 []


Underfull \hbox (badness 4291) in paragraph at lines 670--671
\OT1/ptm/m/n/10 ing at-ten-tion mech-a-nisms into the cur-rent hy-brid
 []


Underfull \hbox (badness 3250) in paragraph at lines 670--671
\OT1/ptm/m/n/10 ComplexCNN-ResNet ar-chi-tec-ture. By al-low-ing the
 []

[11]

** Conference Paper **
Before submitting the final camera ready copy, remember to:

 1. Manually equalize the lengths of two columns on the last page
 of your paper;

 2. Ensure that any PostScript and/or PDF output post-processing
 uses only Type 1 fonts and that every step in the generation
 process uses the appropriate paper size.

[12] (./en2_backup2.aux)
 ***********
LaTeX2e <2023-11-01> patch level 1
L3 programming layer <2024-02-20>
 ***********
 ) 
Here is how much of TeX's memory you used:
 5034 strings out of 474116
 80937 string characters out of 5742687
 1953190 words of memory out of 5000000
 27313 multiletter control sequences out of 15000+600000
 604457 words of font info for 125 fonts, out of 8000000 for 9000
 1141 hyphenation exceptions out of 8191
 57i,17n,65p,1352b,328s stack positions out of 10000i,1000n,20000p,200000b,200000s
<d:/app/latex/texlive/2024/texmf-dist/fonts/type1/public/amsfonts/cm/cmbx10.p
fb><d:/app/latex/texlive/2024/texmf-dist/fonts/type1/public/amsfonts/cm/cmbx12.
pfb><d:/app/latex/texlive/2024/texmf-dist/fonts/type1/public/amsfonts/cm/cmbx8.
pfb><d:/app/latex/texlive/2024/texmf-dist/fonts/type1/public/amsfonts/cm/cmbx9.
pfb><d:/app/latex/texlive/2024/texmf-dist/fonts/type1/public/amsfonts/cm/cmex10
.pfb><d:/app/latex/texlive/2024/texmf-dist/fonts/type1/public/amsfonts/cm/cmmi1
0.pfb><d:/app/latex/texlive/2024/texmf-dist/fonts/type1/public/amsfonts/cm/cmmi
5.pfb><d:/app/latex/texlive/2024/texmf-dist/fonts/type1/public/amsfonts/cm/cmmi
6.pfb><d:/app/latex/texlive/2024/texmf-dist/fonts/type1/public/amsfonts/cm/cmmi
7.pfb><d:/app/latex/texlive/2024/texmf-dist/fonts/type1/public/amsfonts/cm/cmr1
0.pfb><d:/app/latex/texlive/2024/texmf-dist/fonts/type1/public/amsfonts/cm/cmr5
.pfb><d:/app/latex/texlive/2024/texmf-dist/fonts/type1/public/amsfonts/cm/cmr7.
pfb><d:/app/latex/texlive/2024/texmf-dist/fonts/type1/public/amsfonts/cm/cmr8.p
fb><d:/app/latex/texlive/2024/texmf-dist/fonts/type1/public/amsfonts/cm/cmr9.pf
b><d:/app/latex/texlive/2024/texmf-dist/fonts/type1/public/amsfonts/cm/cmsy10.p
fb><d:/app/latex/texlive/2024/texmf-dist/fonts/type1/public/amsfonts/cm/cmsy7.p
fb><d:/app/latex/texlive/2024/texmf-dist/fonts/type1/public/amsfonts/cm/cmsy8.p
fb><d:/app/latex/texlive/2024/texmf-dist/fonts/type1/public/amsfonts/symbols/ms
am10.pfb><d:/app/latex/texlive/2024/texmf-dist/fonts/type1/public/amsfonts/symb
ols/msbm10.pfb><d:/app/latex/texlive/2024/texmf-dist/fonts/type1/public/cm-supe
r/sfbx0800.pfb><d:/app/latex/texlive/2024/texmf-dist/fonts/type1/urw/times/utmb
8a.pfb><d:/app/latex/texlive/2024/texmf-dist/fonts/type1/urw/times/utmbi8a.pfb>
<d:/app/latex/texlive/2024/texmf-dist/fonts/type1/urw/times/utmr8a.pfb><d:/app/
latex/texlive/2024/texmf-dist/fonts/type1/urw/times/utmri8a.pfb>
Output written on en2_backup2.pdf (12 pages, 1714909 bytes).
PDF statistics:
 551 PDF objects out of 1000 (max. 8388607)
 161 compressed objects within 2 object streams
 0 named destinations out of 1000 (max. 500000)
 56 words of extra memory for PDF output out of 10000 (max. 10000000)

