This is pdfTeX, Version 3.141592653-2.6-1.40.26 (TeX Live 2024) (preloaded format=pdflatex 2024.7.22)  9 JUN 2025 13:04
entering extended mode
 restricted \write18 enabled.
 %&-line parsing enabled.
**en2_to_ch2.tex
(./en2_to_ch2.tex
LaTeX2e <2023-11-01> patch level 1
L3 programming layer <2024-02-20>
(d:/app/latex/texlive/2024/texmf-dist/tex/latex/ieeetran/IEEEtran.cls
Document Class: IEEEtran 2015/08/26 V1.8b by Michael Shell
-- See the "IEEEtran_HOWTO" manual for usage information.
-- http://www.michaelshell.org/tex/ieeetran/
\@IEEEtrantmpdimenA=\dimen140
\@IEEEtrantmpdimenB=\dimen141
\@IEEEtrantmpdimenC=\dimen142
\@IEEEtrantmpcountA=\count188
\@IEEEtrantmpcountB=\count189
\@IEEEtrantmpcountC=\count190
\@IEEEtrantmptoksA=\toks17
LaTeX Font Info:    Trying to load font information for OT1+ptm on input line 5
03.
(d:/app/latex/texlive/2024/texmf-dist/tex/latex/psnfss/ot1ptm.fd
File: ot1ptm.fd 2001/06/04 font definitions for OT1/ptm.
)
-- Using 8.5in x 11in (letter) paper.
-- Using PDF output.
\@IEEEnormalsizeunitybaselineskip=\dimen143
-- This is a 10 point document.
\CLASSINFOnormalsizebaselineskip=\dimen144
\CLASSINFOnormalsizeunitybaselineskip=\dimen145
\IEEEnormaljot=\dimen146
LaTeX Font Info:    Font shape `OT1/ptm/bx/n' in size <5> not available
(Font)              Font shape `OT1/ptm/b/n' tried instead on input line 1090.
LaTeX Font Info:    Font shape `OT1/ptm/bx/it' in size <5> not available
(Font)              Font shape `OT1/ptm/b/it' tried instead on input line 1090.

LaTeX Font Info:    Font shape `OT1/ptm/bx/n' in size <7> not available
(Font)              Font shape `OT1/ptm/b/n' tried instead on input line 1090.
LaTeX Font Info:    Font shape `OT1/ptm/bx/it' in size <7> not available
(Font)              Font shape `OT1/ptm/b/it' tried instead on input line 1090.

LaTeX Font Info:    Font shape `OT1/ptm/bx/n' in size <8> not available
(Font)              Font shape `OT1/ptm/b/n' tried instead on input line 1090.
LaTeX Font Info:    Font shape `OT1/ptm/bx/it' in size <8> not available
(Font)              Font shape `OT1/ptm/b/it' tried instead on input line 1090.

LaTeX Font Info:    Font shape `OT1/ptm/bx/n' in size <9> not available
(Font)              Font shape `OT1/ptm/b/n' tried instead on input line 1090.
LaTeX Font Info:    Font shape `OT1/ptm/bx/it' in size <9> not available
(Font)              Font shape `OT1/ptm/b/it' tried instead on input line 1090.

LaTeX Font Info:    Font shape `OT1/ptm/bx/n' in size <10> not available
(Font)              Font shape `OT1/ptm/b/n' tried instead on input line 1090.
LaTeX Font Info:    Font shape `OT1/ptm/bx/it' in size <10> not available
(Font)              Font shape `OT1/ptm/b/it' tried instead on input line 1090.

LaTeX Font Info:    Font shape `OT1/ptm/bx/n' in size <11> not available
(Font)              Font shape `OT1/ptm/b/n' tried instead on input line 1090.
LaTeX Font Info:    Font shape `OT1/ptm/bx/it' in size <11> not available
(Font)              Font shape `OT1/ptm/b/it' tried instead on input line 1090.

LaTeX Font Info:    Font shape `OT1/ptm/bx/n' in size <12> not available
(Font)              Font shape `OT1/ptm/b/n' tried instead on input line 1090.
LaTeX Font Info:    Font shape `OT1/ptm/bx/it' in size <12> not available
(Font)              Font shape `OT1/ptm/b/it' tried instead on input line 1090.

LaTeX Font Info:    Font shape `OT1/ptm/bx/n' in size <17> not available
(Font)              Font shape `OT1/ptm/b/n' tried instead on input line 1090.
LaTeX Font Info:    Font shape `OT1/ptm/bx/it' in size <17> not available
(Font)              Font shape `OT1/ptm/b/it' tried instead on input line 1090.

LaTeX Font Info:    Font shape `OT1/ptm/bx/n' in size <20> not available
(Font)              Font shape `OT1/ptm/b/n' tried instead on input line 1090.
LaTeX Font Info:    Font shape `OT1/ptm/bx/it' in size <20> not available
(Font)              Font shape `OT1/ptm/b/it' tried instead on input line 1090.

LaTeX Font Info:    Font shape `OT1/ptm/bx/n' in size <24> not available
(Font)              Font shape `OT1/ptm/b/n' tried instead on input line 1090.
LaTeX Font Info:    Font shape `OT1/ptm/bx/it' in size <24> not available
(Font)              Font shape `OT1/ptm/b/it' tried instead on input line 1090.

\IEEEquantizedlength=\dimen147
\IEEEquantizedlengthdiff=\dimen148
\IEEEquantizedtextheightdiff=\dimen149
\IEEEilabelindentA=\dimen150
\IEEEilabelindentB=\dimen151
\IEEEilabelindent=\dimen152
\IEEEelabelindent=\dimen153
\IEEEdlabelindent=\dimen154
\IEEElabelindent=\dimen155
\IEEEiednormlabelsep=\dimen156
\IEEEiedmathlabelsep=\dimen157
\IEEEiedtopsep=\skip48
\c@section=\count191
\c@subsection=\count192
\c@subsubsection=\count193
\c@paragraph=\count194
\c@IEEEsubequation=\count195
\abovecaptionskip=\skip49
\belowcaptionskip=\skip50
\c@figure=\count196
\c@table=\count197
\@IEEEeqnnumcols=\count198
\@IEEEeqncolcnt=\count199
\@IEEEsubeqnnumrollback=\count266
\@IEEEquantizeheightA=\dimen158
\@IEEEquantizeheightB=\dimen159
\@IEEEquantizeheightC=\dimen160
\@IEEEquantizeprevdepth=\dimen161
\@IEEEquantizemultiple=\count267
\@IEEEquantizeboxA=\box51
\@IEEEtmpitemindent=\dimen162
\IEEEPARstartletwidth=\dimen163
\c@IEEEbiography=\count268
\@IEEEtranrubishbin=\box52
)
** ATTENTION: Overriding command lockouts (line 2).
(d:/app/latex/texlive/2024/texmf-dist/tex/latex/biblatex/biblatex.sty
Package: biblatex 2023/03/05 v3.19 programmable bibliographies (PK/MW)

(d:/app/latex/texlive/2024/texmf-dist/tex/generic/pdftexcmds/pdftexcmds.sty
Package: pdftexcmds 2020-06-27 v0.33 Utility functions of pdfTeX for LuaTeX (HO
)

(d:/app/latex/texlive/2024/texmf-dist/tex/generic/infwarerr/infwarerr.sty
Package: infwarerr 2019/12/03 v1.5 Providing info/warning/error messages (HO)
)
(d:/app/latex/texlive/2024/texmf-dist/tex/generic/iftex/iftex.sty
Package: iftex 2022/02/03 v1.0f TeX engine tests
)
(d:/app/latex/texlive/2024/texmf-dist/tex/generic/ltxcmds/ltxcmds.sty
Package: ltxcmds 2023-12-04 v1.26 LaTeX kernel commands for general use (HO)
)
Package pdftexcmds Info: \pdf@primitive is available.
Package pdftexcmds Info: \pdf@ifprimitive is available.
Package pdftexcmds Info: \pdfdraftmode found.
)
(d:/app/latex/texlive/2024/texmf-dist/tex/latex/etoolbox/etoolbox.sty
Package: etoolbox 2020/10/05 v2.5k e-TeX tools for LaTeX (JAW)
\etb@tempcnta=\count269
)
(d:/app/latex/texlive/2024/texmf-dist/tex/latex/graphics/keyval.sty
Package: keyval 2022/05/29 v1.15 key=value parser (DPC)
\KV@toks@=\toks18
)
(d:/app/latex/texlive/2024/texmf-dist/tex/latex/kvoptions/kvoptions.sty
Package: kvoptions 2022-06-15 v3.15 Key value format for package options (HO)

(d:/app/latex/texlive/2024/texmf-dist/tex/latex/kvsetkeys/kvsetkeys.sty
Package: kvsetkeys 2022-10-05 v1.19 Key value parser (HO)
))
(d:/app/latex/texlive/2024/texmf-dist/tex/latex/logreq/logreq.sty
Package: logreq 2010/08/04 v1.0 xml request logger
\lrq@indent=\count270

(d:/app/latex/texlive/2024/texmf-dist/tex/latex/logreq/logreq.def
File: logreq.def 2010/08/04 v1.0 logreq spec v1.0
))
(d:/app/latex/texlive/2024/texmf-dist/tex/latex/base/ifthen.sty
Package: ifthen 2022/04/13 v1.1d Standard LaTeX ifthen package (DPC)
)
(d:/app/latex/texlive/2024/texmf-dist/tex/latex/url/url.sty
\Urlmuskip=\muskip16
Package: url 2013/09/16  ver 3.4  Verb mode for urls, etc.
)
\c@tabx@nest=\count271
\c@listtotal=\count272
\c@listcount=\count273
\c@liststart=\count274
\c@liststop=\count275
\c@citecount=\count276
\c@citetotal=\count277
\c@multicitecount=\count278
\c@multicitetotal=\count279
\c@instcount=\count280
\c@maxnames=\count281
\c@minnames=\count282
\c@maxitems=\count283
\c@minitems=\count284
\c@citecounter=\count285
\c@maxcitecounter=\count286
\c@savedcitecounter=\count287
\c@uniquelist=\count288
\c@uniquename=\count289
\c@refsection=\count290
\c@refsegment=\count291
\c@maxextratitle=\count292
\c@maxextratitleyear=\count293
\c@maxextraname=\count294
\c@maxextradate=\count295
\c@maxextraalpha=\count296
\c@abbrvpenalty=\count297
\c@highnamepenalty=\count298
\c@lownamepenalty=\count299
\c@maxparens=\count300
\c@parenlevel=\count301
\blx@tempcnta=\count302
\blx@tempcntb=\count303
\blx@tempcntc=\count304
\c@blx@maxsection=\count305
\blx@maxsegment@0=\count306
\blx@notetype=\count307
\blx@parenlevel@text=\count308
\blx@parenlevel@foot=\count309
\blx@sectionciteorder@0=\count310
\blx@sectionciteorderinternal@0=\count311
\blx@entrysetcounter=\count312
\blx@biblioinstance=\count313
\labelnumberwidth=\skip51
\labelalphawidth=\skip52
\biblabelsep=\skip53
\bibitemsep=\skip54
\bibnamesep=\skip55
\bibinitsep=\skip56
\bibparsep=\skip57
\bibhang=\skip58
\blx@bcfin=\read2
\blx@bcfout=\write3
\blx@langwohyphens=\language89
\c@mincomprange=\count314
\c@maxcomprange=\count315
\c@mincompwidth=\count316
Package biblatex Info: Trying to load biblatex default data model...
Package biblatex Info: ... file 'blx-dm.def' found.

(d:/app/latex/texlive/2024/texmf-dist/tex/latex/biblatex/blx-dm.def
File: blx-dm.def 2023/03/05 v3.19 biblatex localization (PK/MW)
)
Package biblatex Info: Trying to load biblatex style data model...
Package biblatex Info: ... file 'ieee.dbx' not found.
Package biblatex Info: Trying to load biblatex custom data model...
Package biblatex Info: ... file 'biblatex-dm.cfg' not found.
\c@afterword=\count317
\c@savedafterword=\count318
\c@annotator=\count319
\c@savedannotator=\count320
\c@author=\count321
\c@savedauthor=\count322
\c@bookauthor=\count323
\c@savedbookauthor=\count324
\c@commentator=\count325
\c@savedcommentator=\count326
\c@editor=\count327
\c@savededitor=\count328
\c@editora=\count329
\c@savededitora=\count330
\c@editorb=\count331
\c@savededitorb=\count332
\c@editorc=\count333
\c@savededitorc=\count334
\c@foreword=\count335
\c@savedforeword=\count336
\c@holder=\count337
\c@savedholder=\count338
\c@introduction=\count339
\c@savedintroduction=\count340
\c@namea=\count341
\c@savednamea=\count342
\c@nameb=\count343
\c@savednameb=\count344
\c@namec=\count345
\c@savednamec=\count346
\c@translator=\count347
\c@savedtranslator=\count348
\c@shortauthor=\count349
\c@savedshortauthor=\count350
\c@shorteditor=\count351
\c@savedshorteditor=\count352
\c@labelname=\count353
\c@savedlabelname=\count354
\c@institution=\count355
\c@savedinstitution=\count356
\c@lista=\count357
\c@savedlista=\count358
\c@listb=\count359
\c@savedlistb=\count360
\c@listc=\count361
\c@savedlistc=\count362
\c@listd=\count363
\c@savedlistd=\count364
\c@liste=\count365
\c@savedliste=\count366
\c@listf=\count367
\c@savedlistf=\count368
\c@location=\count369
\c@savedlocation=\count370
\c@organization=\count371
\c@savedorganization=\count372
\c@origlocation=\count373
\c@savedoriglocation=\count374
\c@origpublisher=\count375
\c@savedorigpublisher=\count376
\c@publisher=\count377
\c@savedpublisher=\count378
\c@language=\count379
\c@savedlanguage=\count380
\c@origlanguage=\count381
\c@savedoriglanguage=\count382
\c@pageref=\count383
\c@savedpageref=\count384
\shorthandwidth=\skip59
\shortjournalwidth=\skip60
\shortserieswidth=\skip61
\shorttitlewidth=\skip62
\shortauthorwidth=\skip63
\shorteditorwidth=\skip64
\locallabelnumberwidth=\skip65
\locallabelalphawidth=\skip66
\localshorthandwidth=\skip67
\localshortjournalwidth=\skip68
\localshortserieswidth=\skip69
\localshorttitlewidth=\skip70
\localshortauthorwidth=\skip71
\localshorteditorwidth=\skip72
Package biblatex Info: Trying to load compatibility code...
Package biblatex Info: ... file 'blx-compat.def' found.

(d:/app/latex/texlive/2024/texmf-dist/tex/latex/biblatex/blx-compat.def
File: blx-compat.def 2023/03/05 v3.19 biblatex compatibility (PK/MW)
)
Package biblatex Info: Trying to load generic definitions...
Package biblatex Info: ... file 'biblatex.def' found.

(d:/app/latex/texlive/2024/texmf-dist/tex/latex/biblatex/biblatex.def
File: biblatex.def 2023/03/05 v3.19 biblatex compatibility (PK/MW)
\c@textcitecount=\count385
\c@textcitetotal=\count386
\c@textcitemaxnames=\count387
\c@biburlbigbreakpenalty=\count388
\c@biburlbreakpenalty=\count389
\c@biburlnumpenalty=\count390
\c@biburlucpenalty=\count391
\c@biburllcpenalty=\count392
\biburlbigskip=\muskip17
\biburlnumskip=\muskip18
\biburlucskip=\muskip19
\biburllcskip=\muskip20
\c@smartand=\count393
)
Package biblatex Info: Trying to load bibliography style 'ieee'...
Package biblatex Info: ... file 'ieee.bbx' found.

(d:/app/latex/texlive/2024/texmf-dist/tex/latex/biblatex-ieee/ieee.bbx
File: ieee.bbx 2021/12/06 v1.3f biblatex bibliography style
Package biblatex Info: Trying to load bibliography style 'numeric-comp'...
Package biblatex Info: ... file 'numeric-comp.bbx' found.

(d:/app/latex/texlive/2024/texmf-dist/tex/latex/biblatex/bbx/numeric-comp.bbx
File: numeric-comp.bbx 2023/03/05 v3.19 biblatex bibliography style (PK/MW)
Package biblatex Info: Trying to load bibliography style 'numeric'...
Package biblatex Info: ... file 'numeric.bbx' found.

(d:/app/latex/texlive/2024/texmf-dist/tex/latex/biblatex/bbx/numeric.bbx
File: numeric.bbx 2023/03/05 v3.19 biblatex bibliography style (PK/MW)
Package biblatex Info: Trying to load bibliography style 'standard'...
Package biblatex Info: ... file 'standard.bbx' found.

(d:/app/latex/texlive/2024/texmf-dist/tex/latex/biblatex/bbx/standard.bbx
File: standard.bbx 2023/03/05 v3.19 biblatex bibliography style (PK/MW)
\c@bbx:relatedcount=\count394
\c@bbx:relatedtotal=\count395
))))
Package biblatex Info: Trying to load citation style 'numeric'...
Package biblatex Info: ... file 'numeric.cbx' found.

(d:/app/latex/texlive/2024/texmf-dist/tex/latex/biblatex/cbx/numeric.cbx
File: numeric.cbx 2023/03/05 v3.19 biblatex citation style (PK/MW)
Package biblatex Info: Redefining '\cite'.
Package biblatex Info: Redefining '\parencite'.
Package biblatex Info: Redefining '\footcite'.
Package biblatex Info: Redefining '\footcitetext'.
Package biblatex Info: Redefining '\smartcite'.
Package biblatex Info: Redefining '\supercite'.
Package biblatex Info: Redefining '\textcite'.
Package biblatex Info: Redefining '\textcites'.
Package biblatex Info: Redefining '\cites'.
Package biblatex Info: Redefining '\parencites'.
Package biblatex Info: Redefining '\smartcites'.
)
Package biblatex Info: Trying to load configuration file...
Package biblatex Info: ... file 'biblatex.cfg' found.

(d:/app/latex/texlive/2024/texmf-dist/tex/latex/biblatex/biblatex.cfg
File: biblatex.cfg 
)
Package biblatex Info: Input encoding 'utf8' detected.
Package biblatex Info: Document encoding is UTF8 ....

(d:/app/latex/texlive/2024/texmf-dist/tex/latex/l3kernel/expl3.sty
Package: expl3 2024-02-20 L3 programming layer (loader) 

(d:/app/latex/texlive/2024/texmf-dist/tex/latex/l3backend/l3backend-pdftex.def
File: l3backend-pdftex.def 2024-02-20 L3 backend support: PDF output (pdfTeX)
\l__color_backend_stack_int=\count396
\l__pdf_internal_box=\box53
))
Package biblatex Info: ... and expl3
(biblatex)             2024-02-20 L3 programming layer (loader) 
(biblatex)             is new enough (at least 2020/04/06),
(biblatex)             setting 'casechanger=expl3'.
 (d:/app/latex/texlive/2024/texmf-dist/tex/latex/biblatex/blx-case-expl3.sty
(d:/app/latex/texlive/2024/texmf-dist/tex/latex/l3packages/xparse/xparse.sty
Package: xparse 2024-02-18 L3 Experimental document command parser
)
Package: blx-case-expl3 2023/03/05 v3.19 expl3 case changing code for biblatex
)) (d:/app/latex/texlive/2024/texmf-dist/tex/latex/amsmath/amsmath.sty
Package: amsmath 2023/05/13 v2.17o AMS math features
\@mathmargin=\skip73

For additional information on amsmath, use the `?' option.
(d:/app/latex/texlive/2024/texmf-dist/tex/latex/amsmath/amstext.sty
Package: amstext 2021/08/26 v2.01 AMS text

(d:/app/latex/texlive/2024/texmf-dist/tex/latex/amsmath/amsgen.sty
File: amsgen.sty 1999/11/30 v2.0 generic functions
\@emptytoks=\toks19
\ex@=\dimen164
))
(d:/app/latex/texlive/2024/texmf-dist/tex/latex/amsmath/amsbsy.sty
Package: amsbsy 1999/11/29 v1.2d Bold Symbols
\pmbraise@=\dimen165
)
(d:/app/latex/texlive/2024/texmf-dist/tex/latex/amsmath/amsopn.sty
Package: amsopn 2022/04/08 v2.04 operator names
)
\inf@bad=\count397
LaTeX Info: Redefining \frac on input line 234.
\uproot@=\count398
\leftroot@=\count399
LaTeX Info: Redefining \overline on input line 399.
LaTeX Info: Redefining \colon on input line 410.
\classnum@=\count400
\DOTSCASE@=\count401
LaTeX Info: Redefining \ldots on input line 496.
LaTeX Info: Redefining \dots on input line 499.
LaTeX Info: Redefining \cdots on input line 620.
\Mathstrutbox@=\box54
\strutbox@=\box55
LaTeX Info: Redefining \big on input line 722.
LaTeX Info: Redefining \Big on input line 723.
LaTeX Info: Redefining \bigg on input line 724.
LaTeX Info: Redefining \Bigg on input line 725.
\big@size=\dimen166
LaTeX Font Info:    Redeclaring font encoding OML on input line 743.
LaTeX Font Info:    Redeclaring font encoding OMS on input line 744.
\macc@depth=\count402
LaTeX Info: Redefining \bmod on input line 905.
LaTeX Info: Redefining \pmod on input line 910.
LaTeX Info: Redefining \smash on input line 940.
LaTeX Info: Redefining \relbar on input line 970.
LaTeX Info: Redefining \Relbar on input line 971.
\c@MaxMatrixCols=\count403
\dotsspace@=\muskip21
\c@parentequation=\count404
\dspbrk@lvl=\count405
\tag@help=\toks20
\row@=\count406
\column@=\count407
\maxfields@=\count408
\andhelp@=\toks21
\eqnshift@=\dimen167
\alignsep@=\dimen168
\tagshift@=\dimen169
\tagwidth@=\dimen170
\totwidth@=\dimen171
\lineht@=\dimen172
\@envbody=\toks22
\multlinegap=\skip74
\multlinetaggap=\skip75
\mathdisplay@stack=\toks23
LaTeX Info: Redefining \[ on input line 2953.
LaTeX Info: Redefining \] on input line 2954.
)
(d:/app/latex/texlive/2024/texmf-dist/tex/latex/amsfonts/amssymb.sty
Package: amssymb 2013/01/14 v3.01 AMS font symbols

(d:/app/latex/texlive/2024/texmf-dist/tex/latex/amsfonts/amsfonts.sty
Package: amsfonts 2013/01/14 v3.01 Basic AMSFonts support
\symAMSa=\mathgroup4
\symAMSb=\mathgroup5
LaTeX Font Info:    Redeclaring math symbol \hbar on input line 98.
LaTeX Font Info:    Overwriting math alphabet `\mathfrak' in version `bold'
(Font)                  U/euf/m/n --> U/euf/b/n on input line 106.
))
(d:/app/latex/texlive/2024/texmf-dist/tex/latex/algorithms/algorithmic.sty
Package: algorithmic 2009/08/24 v0.1 Document Style `algorithmic'
\c@ALC@unique=\count409
\c@ALC@line=\count410
\c@ALC@rem=\count411
\c@ALC@depth=\count412
\ALC@tlm=\skip76
\algorithmicindent=\skip77
)
(d:/app/latex/texlive/2024/texmf-dist/tex/latex/graphics/graphicx.sty
Package: graphicx 2021/09/16 v1.2d Enhanced LaTeX Graphics (DPC,SPQR)

(d:/app/latex/texlive/2024/texmf-dist/tex/latex/graphics/graphics.sty
Package: graphics 2022/03/10 v1.4e Standard LaTeX Graphics (DPC,SPQR)

(d:/app/latex/texlive/2024/texmf-dist/tex/latex/graphics/trig.sty
Package: trig 2021/08/11 v1.11 sin cos tan (DPC)
)
(d:/app/latex/texlive/2024/texmf-dist/tex/latex/graphics-cfg/graphics.cfg
File: graphics.cfg 2016/06/04 v1.11 sample graphics configuration
)
Package graphics Info: Driver file: pdftex.def on input line 107.

(d:/app/latex/texlive/2024/texmf-dist/tex/latex/graphics-def/pdftex.def
File: pdftex.def 2022/09/22 v1.2b Graphics/color driver for pdftex
))
\Gin@req@height=\dimen173
\Gin@req@width=\dimen174
)
(d:/app/latex/texlive/2024/texmf-dist/tex/latex/base/textcomp.sty
Package: textcomp 2020/02/02 v2.0n Standard LaTeX package
)
(d:/app/latex/texlive/2024/texmf-dist/tex/latex/xcolor/xcolor.sty
Package: xcolor 2023/11/15 v3.01 LaTeX color extensions (UK)

(d:/app/latex/texlive/2024/texmf-dist/tex/latex/graphics-cfg/color.cfg
File: color.cfg 2016/01/02 v1.6 sample color configuration
)
Package xcolor Info: Driver file: pdftex.def on input line 274.

(d:/app/latex/texlive/2024/texmf-dist/tex/latex/graphics/mathcolor.ltx)
Package xcolor Info: Model `cmy' substituted by `cmy0' on input line 1350.
Package xcolor Info: Model `hsb' substituted by `rgb' on input line 1354.
Package xcolor Info: Model `RGB' extended on input line 1366.
Package xcolor Info: Model `HTML' substituted by `rgb' on input line 1368.
Package xcolor Info: Model `Hsb' substituted by `hsb' on input line 1369.
Package xcolor Info: Model `tHsb' substituted by `hsb' on input line 1370.
Package xcolor Info: Model `HSB' substituted by `hsb' on input line 1371.
Package xcolor Info: Model `Gray' substituted by `gray' on input line 1372.
Package xcolor Info: Model `wave' substituted by `hsb' on input line 1373.
)
(d:/app/latex/texlive/2024/texmf-dist/tex/latex/booktabs/booktabs.sty
Package: booktabs 2020/01/12 v1.61803398 Publication quality tables
\heavyrulewidth=\dimen175
\lightrulewidth=\dimen176
\cmidrulewidth=\dimen177
\belowrulesep=\dimen178
\belowbottomsep=\dimen179
\aboverulesep=\dimen180
\abovetopsep=\dimen181
\cmidrulesep=\dimen182
\cmidrulekern=\dimen183
\defaultaddspace=\dimen184
\@cmidla=\count413
\@cmidlb=\count414
\@aboverulesep=\dimen185
\@belowrulesep=\dimen186
\@thisruleclass=\count415
\@lastruleclass=\count416
\@thisrulewidth=\dimen187
)
(d:/app/latex/texlive/2024/texmf-dist/tex/latex/multirow/multirow.sty
Package: multirow 2021/03/15 v2.8 Span multiple rows of a table
\multirow@colwidth=\skip78
\multirow@cntb=\count417
\multirow@dima=\skip79
\bigstrutjot=\dimen188
)
(d:/app/latex/texlive/2024/texmf-dist/tex/latex/subfigure/subfigure.sty
Package: subfigure 2002/03/15 v2.1.5 subfigure package
\subfigtopskip=\skip80
\subfigcapskip=\skip81
\subfigcaptopadj=\dimen189
\subfigbottomskip=\skip82
\subfigcapmargin=\dimen190
\subfiglabelskip=\skip83
\c@subfigure=\count418
\c@lofdepth=\count419
\c@subtable=\count420
\c@lotdepth=\count421

****************************************
* Local config file subfigure.cfg used *
****************************************
(d:/app/latex/texlive/2024/texmf-dist/tex/latex/subfigure/subfigure.cfg)
\subfig@top=\skip84
\subfig@bottom=\skip85
)
(d:/app/latex/texlive/2024/texmf-dist/tex/latex/makecell/makecell.sty
Package: makecell 2009/08/03 V0.1e Managing of Tab Column Heads and Cells

(d:/app/latex/texlive/2024/texmf-dist/tex/latex/tools/array.sty
Package: array 2023/10/16 v2.5g Tabular extension package (FMi)
\col@sep=\dimen191
\ar@mcellbox=\box56
\extrarowheight=\dimen192
\NC@list=\toks24
\extratabsurround=\skip86
\backup@length=\skip87
\ar@cellbox=\box57
)
\rotheadsize=\dimen193
\c@nlinenum=\count422
\TeXr@lab=\toks25
)
(d:/app/latex/texlive/2024/texmf-dist/tex/latex/threeparttable/threeparttable.s
ty
Package: threeparttable 2003/06/13  v 3.0
\@tempboxb=\box58
) (d:/app/latex/texlive/2024/texmf-dist/tex/latex/ctex/ctex.sty
Package: ctex 2022/07/14 v2.5.10 Chinese adapter in LaTeX (CTEX)

(d:/app/latex/texlive/2024/texmf-dist/tex/latex/ctex/ctexhook.sty
Package: ctexhook 2022/07/14 v2.5.10 Document and package hooks (CTEX)
)
(d:/app/latex/texlive/2024/texmf-dist/tex/latex/ctex/ctexpatch.sty
Package: ctexpatch 2022/07/14 v2.5.10 Patching commands (CTEX)
)
(d:/app/latex/texlive/2024/texmf-dist/tex/latex/base/fix-cm.sty
Package: fix-cm 2020/11/24 v1.1t fixes to LaTeX

(d:/app/latex/texlive/2024/texmf-dist/tex/latex/base/ts1enc.def
File: ts1enc.def 2001/06/05 v3.0e (jk/car/fm) Standard LaTeX file
LaTeX Font Info:    Redeclaring font encoding TS1 on input line 47.
))
\l__ctex_tmp_int=\count423
\l__ctex_tmp_box=\box59
\l__ctex_tmp_dim=\dimen194
\g__ctex_section_depth_int=\count424
\g__ctex_font_size_int=\count425

(d:/app/latex/texlive/2024/texmf-dist/tex/latex/ctex/config/ctexopts.cfg
File: ctexopts.cfg 2022/07/14 v2.5.10 Option configuration file (CTEX)
)
(d:/app/latex/texlive/2024/texmf-dist/tex/latex/ctex/engine/ctex-engine-pdftex.
def
File: ctex-engine-pdftex.def 2022/07/14 v2.5.10 (pdf)LaTeX adapter (CTEX)
 (d:/app/latex/texlive/2024/texmf-dist/tex/latex/cjk/texinput/CJKutf8.sty
Package: CJKutf8 2021/10/16 4.8.5

(d:/app/latex/texlive/2024/texmf-dist/tex/generic/iftex/ifpdf.sty
Package: ifpdf 2019/10/25 v3.4 ifpdf legacy package. Use iftex instead.
)
(d:/app/latex/texlive/2024/texmf-dist/tex/latex/base/inputenc.sty
Package: inputenc 2021/02/14 v1.3d Input encoding file
\inpenc@prehook=\toks26
\inpenc@posthook=\toks27
)
(d:/app/latex/texlive/2024/texmf-dist/tex/latex/cjk/texinput/CJK.sty
Package: CJK 2021/10/16 4.8.5

(d:/app/latex/texlive/2024/texmf-dist/tex/latex/cjk/texinput/mule/MULEenc.sty
Package: MULEenc 2021/10/16 4.8.5
)
(d:/app/latex/texlive/2024/texmf-dist/tex/latex/cjk/texinput/CJK.enc
File: CJK.enc 2021/10/16 4.8.5
Now handling font encoding C00 ...
... no UTF-8 mapping file for font encoding C00
Now handling font encoding C05 ...
... no UTF-8 mapping file for font encoding C05
Now handling font encoding C09 ...
... no UTF-8 mapping file for font encoding C09
Now handling font encoding C10 ...
... no UTF-8 mapping file for font encoding C10
Now handling font encoding C20 ...
... no UTF-8 mapping file for font encoding C20
Now handling font encoding C19 ...
... no UTF-8 mapping file for font encoding C19
Now handling font encoding C40 ...
... no UTF-8 mapping file for font encoding C40
Now handling font encoding C42 ...
... no UTF-8 mapping file for font encoding C42
Now handling font encoding C43 ...
... no UTF-8 mapping file for font encoding C43
Now handling font encoding C50 ...
... no UTF-8 mapping file for font encoding C50
Now handling font encoding C52 ...
... no UTF-8 mapping file for font encoding C52
Now handling font encoding C49 ...
... no UTF-8 mapping file for font encoding C49
Now handling font encoding C60 ...
... no UTF-8 mapping file for font encoding C60
Now handling font encoding C61 ...
... no UTF-8 mapping file for font encoding C61
Now handling font encoding C63 ...
... no UTF-8 mapping file for font encoding C63
Now handling font encoding C64 ...
... no UTF-8 mapping file for font encoding C64
Now handling font encoding C65 ...
... no UTF-8 mapping file for font encoding C65
Now handling font encoding C70 ...
... no UTF-8 mapping file for font encoding C70
Now handling font encoding C31 ...
... no UTF-8 mapping file for font encoding C31
Now handling font encoding C32 ...
... no UTF-8 mapping file for font encoding C32
Now handling font encoding C33 ...
... no UTF-8 mapping file for font encoding C33
Now handling font encoding C34 ...
... no UTF-8 mapping file for font encoding C34
Now handling font encoding C35 ...
... no UTF-8 mapping file for font encoding C35
Now handling font encoding C36 ...
... no UTF-8 mapping file for font encoding C36
Now handling font encoding C37 ...
... no UTF-8 mapping file for font encoding C37
Now handling font encoding C80 ...
... no UTF-8 mapping file for font encoding C80
Now handling font encoding C81 ...
... no UTF-8 mapping file for font encoding C81
Now handling font encoding C01 ...
... no UTF-8 mapping file for font encoding C01
Now handling font encoding C11 ...
... no UTF-8 mapping file for font encoding C11
Now handling font encoding C21 ...
... no UTF-8 mapping file for font encoding C21
Now handling font encoding C41 ...
... no UTF-8 mapping file for font encoding C41
Now handling font encoding C62 ...
... no UTF-8 mapping file for font encoding C62
)
\CJK@indent=\box60
)
(d:/app/latex/texlive/2024/texmf-dist/tex/latex/base/fontenc.sty
Package: fontenc 2021/04/29 v2.0v Standard LaTeX package
))
(d:/app/latex/texlive/2024/texmf-dist/tex/latex/cjkpunct/CJKpunct.sty
Package: CJKpunct 2016/05/14 4.8.4
\CJKpunct@cnta=\count426
\CJKpunct@cntb=\count427
\CJKpunct@cntc=\count428
\CJKpunct@cntd=\count429
\CJKpunct@cnte=\count430
   defining Unicode char U+2018 (decimal 8216)
   defining Unicode char U+2019 (decimal 8217)
   defining Unicode char U+201C (decimal 8220)
   defining Unicode char U+201D (decimal 8221)
   defining Unicode char U+2014 (decimal 8212)
   defining Unicode char U+2026 (decimal 8230)

(d:/app/latex/texlive/2024/texmf-dist/tex/latex/cjkpunct/CJKpunct.spa))
(d:/app/latex/texlive/2024/texmf-dist/tex/latex/cjk/texinput/CJKspace.sty
Package: CJKspace 2021/10/16 3.8.0
)
(d:/app/latex/texlive/2024/texmf-dist/tex/latex/cjk/texinput/UTF8/UTF8.bdg
File: UTF8.bdg 2021/10/16 4.8.5
)
(d:/app/latex/texlive/2024/texmf-dist/tex/latex/ctex/ctexspa.def
File: ctexspa.def 2022/07/14 v2.5.10 Space info for CJKpunct (CTEX)
)
\ccwd=\dimen195
\l__ctex_ccglue_skip=\skip88
)
\l__ctex_ziju_dim=\dimen196

(d:/app/latex/texlive/2024/texmf-dist/tex/latex/zhnumber/zhnumber.sty
Package: zhnumber 2022/07/14 v3.0 Typesetting numbers with Chinese glyphs
\l__zhnum_scale_int=\count431
\l__zhnum_tmp_int=\count432

(d:/app/latex/texlive/2024/texmf-dist/tex/latex/zhnumber/zhnumber-utf8.cfg
File: zhnumber-utf8.cfg 2022/07/14 v3.0 Chinese numerals with UTF8 encoding
))
(d:/app/latex/texlive/2024/texmf-dist/tex/latex/ctex/scheme/ctex-scheme-plain.d
ef
File: ctex-scheme-plain.def 2022/07/14 v2.5.10 Plain scheme for generic (CTEX)
)
(d:/app/latex/texlive/2024/texmf-dist/tex/latex/ctex/fontset/ctex-fontset-windo
ws.def
File: ctex-fontset-windows.def 2022/07/14 v2.5.10 Windows fonts definition (CTE
X)
)) (d:/app/latex/texlive/2024/texmf-dist/tex/latex/ctex/config/ctex.cfg
File: ctex.cfg 2022/07/14 v2.5.10 Configuration file (CTEX)
)

Package biblatex Warning: Load 'inputenc' before biblatex.

\@quotelevel=\count433
\@quotereset=\count434
(d:/app/latex/texlive/2024/texmf-dist/tex/latex/cjk/texinput/UTF8/UTF8.enc
File: UTF8.enc 2021/10/16 4.8.5
)
(d:/app/latex/texlive/2024/texmf-dist/tex/latex/cjk/texinput/UTF8/UTF8.chr
File: UTF8.chr 2021/10/16 4.8.5
)
(./en2_to_ch2.aux)
\openout1 = `en2_to_ch2.aux'.

LaTeX Font Info:    Checking defaults for OML/cmm/m/it on input line 27.
LaTeX Font Info:    ... okay on input line 27.
LaTeX Font Info:    Checking defaults for OMS/cmsy/m/n on input line 27.
LaTeX Font Info:    ... okay on input line 27.
LaTeX Font Info:    Checking defaults for OT1/cmr/m/n on input line 27.
LaTeX Font Info:    ... okay on input line 27.
LaTeX Font Info:    Checking defaults for T1/cmr/m/n on input line 27.
LaTeX Font Info:    ... okay on input line 27.
LaTeX Font Info:    Checking defaults for TS1/cmr/m/n on input line 27.
LaTeX Font Info:    ... okay on input line 27.
LaTeX Font Info:    Checking defaults for OMX/cmex/m/n on input line 27.
LaTeX Font Info:    ... okay on input line 27.
LaTeX Font Info:    Checking defaults for U/cmr/m/n on input line 27.
LaTeX Font Info:    ... okay on input line 27.
LaTeX Font Info:    Checking defaults for C00/song/m/n on input line 27.
LaTeX Font Info:    ... okay on input line 27.
LaTeX Font Info:    Checking defaults for C05/song/m/n on input line 27.
LaTeX Font Info:    ... okay on input line 27.
LaTeX Font Info:    Checking defaults for C09/song/m/n on input line 27.
LaTeX Font Info:    ... okay on input line 27.
LaTeX Font Info:    Checking defaults for C10/song/m/n on input line 27.
LaTeX Font Info:    ... okay on input line 27.
LaTeX Font Info:    Checking defaults for C20/song/m/n on input line 27.
LaTeX Font Info:    ... okay on input line 27.
LaTeX Font Info:    Checking defaults for C19/song/m/n on input line 27.
LaTeX Font Info:    ... okay on input line 27.
LaTeX Font Info:    Checking defaults for C40/song/m/n on input line 27.
LaTeX Font Info:    ... okay on input line 27.
LaTeX Font Info:    Checking defaults for C42/song/m/n on input line 27.
LaTeX Font Info:    ... okay on input line 27.
LaTeX Font Info:    Checking defaults for C43/song/m/n on input line 27.
LaTeX Font Info:    ... okay on input line 27.
LaTeX Font Info:    Checking defaults for C50/song/m/n on input line 27.
LaTeX Font Info:    ... okay on input line 27.
LaTeX Font Info:    Checking defaults for C52/song/m/n on input line 27.
LaTeX Font Info:    ... okay on input line 27.
LaTeX Font Info:    Checking defaults for C49/song/m/n on input line 27.
LaTeX Font Info:    ... okay on input line 27.
LaTeX Font Info:    Checking defaults for C60/mj/m/n on input line 27.
LaTeX Font Info:    ... okay on input line 27.
LaTeX Font Info:    Checking defaults for C61/mj/m/n on input line 27.
LaTeX Font Info:    ... okay on input line 27.
LaTeX Font Info:    Checking defaults for C63/mj/m/n on input line 27.
LaTeX Font Info:    ... okay on input line 27.
LaTeX Font Info:    Checking defaults for C64/mj/m/n on input line 27.
LaTeX Font Info:    ... okay on input line 27.
LaTeX Font Info:    Checking defaults for C65/mj/m/n on input line 27.
LaTeX Font Info:    ... okay on input line 27.
LaTeX Font Info:    Checking defaults for C70/song/m/n on input line 27.
LaTeX Font Info:    ... okay on input line 27.
LaTeX Font Info:    Checking defaults for C31/song/m/n on input line 27.
LaTeX Font Info:    ... okay on input line 27.
LaTeX Font Info:    Checking defaults for C32/song/m/n on input line 27.
LaTeX Font Info:    ... okay on input line 27.
LaTeX Font Info:    Checking defaults for C33/song/m/n on input line 27.
LaTeX Font Info:    ... okay on input line 27.
LaTeX Font Info:    Checking defaults for C34/song/m/n on input line 27.
LaTeX Font Info:    ... okay on input line 27.
LaTeX Font Info:    Checking defaults for C35/song/m/n on input line 27.
LaTeX Font Info:    ... okay on input line 27.
LaTeX Font Info:    Checking defaults for C36/song/m/n on input line 27.
LaTeX Font Info:    ... okay on input line 27.
LaTeX Font Info:    Checking defaults for C37/song/m/n on input line 27.
LaTeX Font Info:    ... okay on input line 27.
LaTeX Font Info:    Checking defaults for C80/song/m/n on input line 27.
LaTeX Font Info:    ... okay on input line 27.
LaTeX Font Info:    Checking defaults for C81/song/m/n on input line 27.
LaTeX Font Info:    ... okay on input line 27.
LaTeX Font Info:    Checking defaults for C01/song/m/n on input line 27.
LaTeX Font Info:    ... okay on input line 27.
LaTeX Font Info:    Checking defaults for C11/song/m/n on input line 27.
LaTeX Font Info:    ... okay on input line 27.
LaTeX Font Info:    Checking defaults for C21/song/m/n on input line 27.
LaTeX Font Info:    ... okay on input line 27.
LaTeX Font Info:    Checking defaults for C41/song/m/n on input line 27.
LaTeX Font Info:    ... okay on input line 27.
LaTeX Font Info:    Checking defaults for C62/song/m/n on input line 27.
LaTeX Font Info:    ... okay on input line 27.

-- Lines per column: 56 (exact).
Package biblatex Info: Trying to load language 'english'...
Package biblatex Info: ... file 'english.lbx' found.
(d:/app/latex/texlive/2024/texmf-dist/tex/latex/biblatex/lbx/english.lbx
File: english.lbx 2023/03/05 v3.19 biblatex localization (PK/MW)
)
Package biblatex Info: Input encoding 'utf8' detected.
Package biblatex Info: Automatic encoding selection.
(biblatex)             Assuming data encoding 'utf8'.
\openout3 = `en2_to_ch2.bcf'.

Package biblatex Info: Trying to load bibliographic data...
Package biblatex Info: ... file 'en2_to_ch2.bbl' found.

(./en2_to_ch2.bbl)
Package biblatex Info: Reference section=0 on input line 27.
Package biblatex Info: Reference segment=0 on input line 27.

(d:/app/latex/texlive/2024/texmf-dist/tex/context/base/mkii/supp-pdf.mkii
[Loading MPS to PDF converter (version 2006.09.02).]
\scratchcounter=\count435
\scratchdimen=\dimen197
\scratchbox=\box61
\nofMPsegments=\count436
\nofMParguments=\count437
\everyMPshowfont=\toks28
\MPscratchCnt=\count438
\MPscratchDim=\dimen198
\MPnumerator=\count439
\makeMPintoPDFobject=\count440
\everyMPtoPDFconversion=\toks29
)
(d:/app/latex/texlive/2024/texmf-dist/tex/latex/epstopdf-pkg/epstopdf-base.sty
Package: epstopdf-base 2020-01-24 v2.11 Base part for package epstopdf
Package epstopdf-base Info: Redefining graphics rule for `.eps' on input line 4
85.

(d:/app/latex/texlive/2024/texmf-dist/tex/latex/latexconfig/epstopdf-sys.cfg
File: epstopdf-sys.cfg 2010/07/13 v1.3 Configuration of (r)epstopdf for TeX Liv
e
))
LaTeX Font Info:    Trying to load font information for C70+rm on input line 41
.

(d:/app/latex/texlive/2024/texmf-dist/tex/latex/ctex/fd/c70rm.fd
File: c70rm.fd 2022/07/14 v2.5.10 Chinese font definition (CTEX)
)
Package CJKpunct Info: use punctuation spaces for family 'rm' with punctstyle (
quanjiao) on input line 41.
LaTeX Font Info:    Calculating math sizes for size <11> on input line 41.
LaTeX Font Info:    Trying to load font information for U+msa on input line 41.


(d:/app/latex/texlive/2024/texmf-dist/tex/latex/amsfonts/umsa.fd
File: umsa.fd 2013/01/14 v3.01 AMS symbols A
)
LaTeX Font Info:    Trying to load font information for U+msb on input line 41.


(d:/app/latex/texlive/2024/texmf-dist/tex/latex/amsfonts/umsb.fd
File: umsb.fd 2013/01/14 v3.01 AMS symbols B
)

LaTeX Font Warning: Font shape `C70/rm/m/sc' undefined
(Font)              using `C70/rm/m/n' instead on input line 82.


Underfull \hbox (badness 2435) in paragraph at lines 83--84
[]\C70/rm/m/n/10/81 Í \C70/rm/m/n/10/52 ® \C70/rm/m/n/10/8c ^^C \C70/rm/m/n/10/
52 6 ^^F \C70/rm/m/n/10/7c { |\C70/rm/m/n/10/ff ^^H|\OT1/ptm/m/n/10 Automatic M
od-u-la-tion Clas-si-fi-ca-tion,
 []


Underfull \hbox (badness 5893) in paragraph at lines 110--111
[]\C70/rm/m/n/10/51 v \C70/rm/m/n/10/4e -$\OML/cmm/m/it/10 s[]\OT1/cmr/m/n/10 (
\OML/cmm/m/it/10 t\OT1/cmr/m/n/10 )$\C70/rm/m/n/10/54 å$\OML/cmm/m/it/10 s[]\OT
1/cmr/m/n/10 (\OML/cmm/m/it/10 t\OT1/cmr/m/n/10 )$\C70/rm/m/n/10/52 ^^F + \C70/
rm/m/n/10/88 h \C70/rm/m/n/10/79 : \C70/rm/m/n/10/54 ^^L \C70/rm/m/n/10/76 ¯ |\
C70/rm/m/n/10/ff ^^H|\OT1/ptm/m/n/10 In-phase|\C70/rm/m/n/10/ff 	| \C70/rm/m/n/
10/54 å \C70/rm/m/n/10/6b c \C70/rm/m/n/10/4e §
 []


(d:/app/latex/texlive/2024/texmf-dist/tex/generic/ctex/zhmap/ctex-zhmap-windows
.tex
File: ctex-zhmap-windows.tex 2022/07/14 v2.5.10 Windows font map loader for pdf
TeX and DVIPDFMx (CTEX)
{d:/app/latex/texlive/2024/texmf-var/fonts/map/pdftex/updmap/pdftex.map}{UGBK.s
fd}{Unicode.sfd}) [1{d:/app/latex/texlive/2024/texmf-dist/fonts/enc/dvips/base/
8r.enc}


]
Underfull \hbox (badness 4168) in paragraph at lines 130--131
[]\OT1/ptm/m/n/10 RML2016.10a\C70/rm/m/sc/10/65 p \C70/rm/m/n/10/63 n \C70/rm/m
/n/10/96 ∆ \C70/rm/m/n/10/53 ^^E \C70/rm/m/n/10/54 +\OT1/ptm/m/n/10 11\C70/rm/m
/n/10/79 Õ \C70/rm/m/n/10/4e ^^M \C70/rm/m/n/10/54 ^^L \C70/rm/m/n/10/76 Ñ \C70
/rm/m/n/10/8c ^^C \C70/rm/m/n/10/52 6 \C70/rm/m/n/10/7c { \C70/rm/m/n/10/57 ã|\
C70/rm/m/n/10/ff ^^L| \C70/rm/m/n/10/6b œ
 []


Underfull \hbox (badness 2197) in paragraph at lines 130--131
\C70/rm/m/n/10/79 Õ \C70/rm/m/n/10/8c ^^C \C70/rm/m/n/10/52 6 \C70/rm/m/n/10/7c
 { \C70/rm/m/n/10/57 ã ( \C70/rm/m/n/10/4e ^^M \C70/rm/m/n/10/54 ^^L \C70/rm/m/
n/10/76 Ñ\OT1/ptm/m/n/10 SNR\C70/rm/m/n/10/67 a \C70/rm/m/n/10/4e ˆ  |\C70/rm/
m/n/10/ff ^^H|\OT1/ptm/m/n/10 -20dB\C70/rm/m/n/10/52 0\OT1/ptm/m/n/10 +18dB|\C7
0/rm/m/n/10/ff ^^L| \C70/rm/m/n/10/6b e
 []


Underfull \hbox (badness 4108) in paragraph at lines 130--131
\C70/rm/m/n/10/95 ^^? \C70/rm/m/n/10/4e :\OT1/ptm/m/n/10 2dB|\C70/rm/m/n/10/ff 
	| \C70/rm/m/n/10/75 ^^_ \C70/rm/m/n/10/62 ^^P \C70/rm/m/n/10/4f · \C70/rm/m/n/
10/53 ˜ \C70/rm/m/n/10/68 7 \C70/rm/m/n/10/67 ,|\C70/rm/m/n/10/30 ^^B| \C70/rm/
m/n/10/6b œ \C70/rm/m/n/10/4e * \C70/rm/m/n/10/4f · \C70/rm/m/n/10/53 ˜ \C70/rm
/m/n/10/68 7 \C70/rm/m/n/10/67 , \C70/rm/m/n/10/75 1\OT1/ptm/m/n/10 128\C70/rm/
m/n/10/4e * \C70/rm/m/n/10/59 ^^M
 []


Underfull \hbox (badness 4316) in paragraph at lines 130--131
\C70/rm/m/sc/10/65 p \C70/rm/m/n/10/91 « \C70/rm/m/n/10/68 7 \C70/rm/m/n/10/70 
π \C70/rm/m/n/10/7e ƒ \C70/rm/m/n/10/62 ^^P|\C70/rm/m/n/10/ff ^^L| \C70/rm/m/n/
10/88 h \C70/rm/m/n/10/79 : \C70/rm/m/n/10/4e : ^^@ * \C70/rm/m/n/10/95 ^^? \C7
0/rm/m/n/10/5e ¶ \C70/rm/m/n/10/4e :\OT1/ptm/m/n/10 256\C70/rm/m/n/10/76 Ñ \C70
/rm/m/n/10/5b û \C70/rm/m/n/10/50 < \C70/rm/m/n/10/54 ^^Q \C70/rm/m/n/10/91 œ|\
C70/rm/m/n/10/ff ^^Z|
 []

<figure/data_processing_pipeline.png, id=227, 1293.633pt x 447.5922pt>
File: figure/data_processing_pipeline.png Graphic file (type png)
<use figure/data_processing_pipeline.png>
Package pdftex.def Info: figure/data_processing_pipeline.png  used on input lin
e 134.
(pdftex.def)             Requested size: 464.39685pt x 160.67548pt.
[2]
<figure/constellation.png, id=256, 1157.7654pt x 849.1725pt>
File: figure/constellation.png Graphic file (type png)
<use figure/constellation.png>
Package pdftex.def Info: figure/constellation.png  used on input line 217.
(pdftex.def)             Requested size: 232.19843pt x 170.29794pt.
LaTeX Font Info:    Trying to load font information for TS1+ptm on input line 2
37.
 (d:/app/latex/texlive/2024/texmf-dist/tex/latex/psnfss/ts1ptm.fd
File: ts1ptm.fd 2001/06/04 font definitions for TS1/ptm.
)

pdfTeX warning: pdflatex.exe (file ./figure/lightweight_hybrid_model.pdf): PDF 
inclusion: found PDF version <1.7>, but at most version <1.5> allowed
<figure/lightweight_hybrid_model.pdf, id=257, 2165.08875pt x 178.6675pt>
File: figure/lightweight_hybrid_model.pdf Graphic file (type pdf)
<use figure/lightweight_hybrid_model.pdf>
Package pdftex.def Info: figure/lightweight_hybrid_model.pdf  used on input lin
e 244.
(pdftex.def)             Requested size: 438.60315pt x 36.19359pt.
<figure/enhanced_hybrid_model.pdf, id=258, 1229.4863pt x 404.13184pt>
File: figure/enhanced_hybrid_model.pdf Graphic file (type pdf)
<use figure/enhanced_hybrid_model.pdf>
Package pdftex.def Info: figure/enhanced_hybrid_model.pdf  used on input line 2
51.
(pdftex.def)             Requested size: 464.39685pt x 152.6467pt.

Underfull \hbox (badness 1939) in paragraph at lines 260--261
[]\C70/rm/m/n/10/6d ˜ \C70/rm/m/n/10/54 ^^H \C70/rm/m/n/10/67 ∂ Ñ \C70/rm/m/n/1
0/76 Ñ \C70/rm/m/n/10/68 8 \C70/rm/m/n/10/5f √ \C70/rm/m/n/10/57 ( \C70/rm/m/n/
10/4e é \C70/rm/m/n/10/5c ^^F\OT1/ptm/m/n/10 ComplexNN\C70/rm/m/n/10/76 Ñ \C70/
rm/m/n/10/52 ^^] \C70/rm/m/n/10/59 À \C70/rm/m/n/10/5f Î \C70/rm/m/n/10/90 ^^_ 
\C70/rm/m/sc/10/65 6 [
 []


Underfull \hbox (badness 2961) in paragraph at lines 260--261
\C70/rm/m/n/10/80 ˝ \C70/rm/m/n/10/52 õ \C70/rm/m/n/10/4e ^^N\OT1/ptm/m/n/10 Re
sNet\C70/rm/m/n/10/76 Ñ \C70/rm/m/n/10/6d Ò \C70/rm/m/n/10/5e ¶ \C70/rm/m/n/10/
72 y \C70/rm/m/n/10/5f Å \C70/rm/m/n/10/5b f \C70/rm/m/n/10/4e ` \C70/rm/m/n/10
/80 ˝ \C70/rm/m/n/10/52 õ \C70/rm/m/n/10/67 	 : \C70/rm/m/n/10/57 0 \C70/rm/m/n
/10/7e ﬂ \C70/rm/m/n/10/4e ^^@ \C70/rm/m/n/10/8d w \C70/rm/m/n/10/67 e|\C70/rm/
m/n/10/30 ^^B|
 []

[3 <./figure/data_processing_pipeline.png> <./figure/constellation.png>]
[4 <./figure/lightweight_hybrid_model.pdf> <./figure/enhanced_hybrid_model.pdf>
]
Underfull \hbox (badness 2753) in paragraph at lines 354--355
\C70/rm/m/sc/10/5b X|\C70/rm/m/n/10/ff 	| \C70/rm/m/n/10/54 å\OT1/ptm/m/n/10 64
GB\C70/rm/m/n/10/7c ˚ \C70/rm/m/n/10/7e ﬂ \C70/rm/m/n/10/51 Ö \C70/rm/m/sc/10/5
b X \C70/rm/m/n/10/76 Ñ \C70/rm/m/sc/10/9a ÿ \C70/rm/m/n/10/60 ' \C70/rm/m/n/10
/80 ˝ \C70/rm/m/n/10/5d Â \C70/rm/m/n/10/4f \ \C70/rm/m/n/10/7a Ÿ \C70/rm/m/n/1
0/4e 
 \C70/rm/m/n/10/8f € \C70/rm/m/n/10/88 L|\C70/rm/m/n/10/30 ^^B| \C70/rm/m/n/10/
6d Ò \C70/rm/m/n/10/5e ¶
 []


Underfull \hbox (badness 7099) in paragraph at lines 354--355
\C70/rm/m/sc/10/5b f \C70/rm/m/n/10/4e ` \C70/rm/m/n/10/68 F \C70/rm/m/n/10/67 
∂ \C70/rm/m/n/10/91 « \C70/rm/m/n/10/75 (\OT1/ptm/m/n/10 TensorFlow 2.17.0\C70/
rm/m/n/10/54 å\OT1/ptm/m/n/10 Keras 3.6.0|\C70/rm/m/n/10/ff ^^L| \C70/rm/m/n/10
/5e v \C70/rm/m/n/10/4f ^^?
 []


Underfull \hbox (badness 10000) in paragraph at lines 400--401
[]\C70/rm/m/sc/10/4e : \C70/rm/m/sc/10/9a å \C70/rm/m/sc/10/8b ¡ \C70/rm/m/n/10
/62 @ \C70/rm/m/n/10/63 – \C70/rm/m/n/10/6d ˜ \C70/rm/m/n/10/54 ^^H \C70/rm/m/s
c/10/67 ∂ Ñ \C70/rm/m/n/10/76 Ñ \C70/rm/m/sc/10/67 	 \C70/rm/m/sc/10/65 H \C70/
rm/m/n/10/60 '|\C70/rm/m/n/10/ff ^^L| \C70/rm/m/n/10/62 ^^Q \C70/rm/m/sc/10/4e 
Ï \C70/rm/m/n/10/99 ñ \C70/rm/m/n/10/51 H
 []


Underfull \hbox (badness 10000) in paragraph at lines 400--401
\C70/rm/m/n/10/57 (\OT1/ptm/m/n/10 RML2016.10a\C70/rm/m/sc/10/65 p \C70/rm/m/n/
10/63 n \C70/rm/m/n/10/96 ∆ \C70/rm/m/sc/10/4e 
 \C70/rm/m/sc/10/8b ƒ \C70/rm/m/n/10/4f 0 \C70/rm/m/sc/10/4e Ü \C70/rm/m/n/10/5
9 ^^Z \C70/rm/m/n/10/79 Õ \C70/rm/m/n/10/57 ˙ \C70/rm/m/sc/10/7e ø \C70/rm/m/n/
10/6a ! \C70/rm/m/n/10/57 ã \C70/rm/m/n/10/76 Ñ \C70/rm/m/n/10/60 '
 []


Underfull \hbox (badness 2443) in paragraph at lines 400--401
\C70/rm/m/sc/10/7e ‹ |\C70/rm/m/n/10/ff ^^H|\OT1/ptm/m/n/10 CNN1D|\C70/rm/m/n/1
0/ff 	||\C70/rm/m/n/10/30 ^^A| \C70/rm/m/sc/10/4e å \C70/rm/m/sc/10/7e Ù \C70/r
m/m/n/10/53 w \C70/rm/m/n/10/79 Ô ^ \C70/rm/m/sc/10/7e œ \C70/rm/m/sc/10/7f Q \
C70/rm/m/sc/10/7e ‹ |\C70/rm/m/n/10/ff ^^H|\OT1/ptm/m/n/10 CNN2D|\C70/rm/m/n/10
/ff 	||\C70/rm/m/n/10/30 ^^A| \C70/rm/m/n/10/6b ã \C70/rm/m/n/10/5d Ó
 []


Underfull \hbox (badness 5302) in paragraph at lines 400--401
\C70/rm/m/sc/10/7f Q \C70/rm/m/sc/10/7e ‹ |\C70/rm/m/n/10/ff ^^H|\OT1/ptm/m/n/1
0 ResNet|\C70/rm/m/n/10/ff 	||\C70/rm/m/n/10/30 ^^A| \OT1/ptm/m/n/10 Transforme
r\C70/rm/m/sc/10/4e Â \C70/rm/m/n/10/53   \C70/rm/m/n/10/59 ^^M \C70/rm/m/sc/10
/65 p \C70/rm/m/n/10/53 w \C70/rm/m/n/10/79 Ô ^ \C70/rm/m/sc/10/7e œ \C70/rm/m/
sc/10/7f Q \C70/rm/m/sc/10/7e ‹
 []

<figure/snr_performance_comparison.pdf, id=326, 1293.60732pt x 570.17455pt>
File: figure/snr_performance_comparison.pdf Graphic file (type pdf)
<use figure/snr_performance_comparison.pdf>
Package pdftex.def Info: figure/snr_performance_comparison.pdf  used on input l
ine 424.
(pdftex.def)             Requested size: 232.19843pt x 102.33987pt.
<figure/baseline_model_comparison.pdf, id=327, 859.85051pt x 570.64536pt>
File: figure/baseline_model_comparison.pdf Graphic file (type pdf)
<use figure/baseline_model_comparison.pdf>
Package pdftex.def Info: figure/baseline_model_comparison.pdf  used on input li
ne 435.
(pdftex.def)             Requested size: 232.19843pt x 154.09372pt.
[5 <./figure/snr_performance_comparison.pdf>]
<figure/constellation_denoising.png, id=429, 1717.1352pt x 570.2103pt>
File: figure/constellation_denoising.png Graphic file (type png)
<use figure/constellation_denoising.png>
Package pdftex.def Info: figure/constellation_denoising.png  used on input line
 471.
(pdftex.def)             Requested size: 232.19843pt x 77.10558pt.

Underfull \hbox (badness 2837) in paragraph at lines 523--524
[]\C70/rm/m/n/10/88 h \OT1/ptm/m/n/10 IV[] \C70/rm/m/n/10/5c U \C70/rm/m/n/10/7
9 : \C70/rm/m/sc/10/4e Ü \C70/rm/m/sc/10/65 p \C70/rm/m/n/10/63 n \C70/rm/m/n/1
0/58 û \C70/rm/m/n/10/5f : \C70/rm/m/sc/10/5b ˘ \C70/rm/m/sc/10/4e ^^M \C70/rm/
m/n/10/54 ^^L \C70/rm/m/n/10/8c ^^C \C70/rm/m/sc/10/52 6 \C70/rm/m/n/10/7c { \C
70/rm/m/n/10/57 ã \C70/rm/m/sc/10/52 ^^F \C70/rm/m/n/10/7c { \C70/rm/m/n/10/60 
' \C70/rm/m/n/10/80 ˝
 []


Underfull \hbox (badness 2334) in paragraph at lines 523--524
\C70/rm/m/n/10/76 ~ \C70/rm/m/sc/10/52 ^^F \C70/rm/m/n/10/70 π|\C70/rm/m/n/10/3
0 ^^B| \C70/rm/m/sc/10/5b ˘ \C70/rm/m/sc/10/4e é\OT1/ptm/m/n/10 8PSK|\C70/rm/m/
n/10/ff ^^L| \C70/rm/m/n/10/51 ∆ \C70/rm/m/n/10/78 n \C70/rm/m/n/10/73 á \C70/r
m/m/sc/10/4e Œ\OT1/ptm/m/n/10 72%\C70/rm/m/sc/10/4e 
 \C70/rm/m/n/10/53 G \C70/rm/m/n/10/81 Û\OT1/ptm/m/n/10 82%|\C70/rm/m/n/10/ff ^
^L| \C70/rm/m/n/10/58 û \C70/rm/m/sc/10/52 †
 []

<figure/QAM16_rotation.png, id=431, 758.835pt x 641.0349pt>
File: figure/QAM16_rotation.png Graphic file (type png)
<use figure/QAM16_rotation.png>
Package pdftex.def Info: figure/QAM16_rotation.png  used on input line 550.
(pdftex.def)             Requested size: 232.19843pt x 196.14626pt.
[6 <./figure/baseline_model_comparison.pdf> <./figure/constellation_denoising.p
ng>]
Underfull \hbox (badness 10000) in paragraph at lines 559--560
[]\C70/rm/m/n/10/62 @ \C70/rm/m/n/10/63 – \C70/rm/m/n/10/51 ˙ \C70/rm/m/n/10/76
 Ñ \C70/rm/m/n/10/6d ˜ \C70/rm/m/n/10/54 ^^H\OT1/ptm/m/n/10 ComplexCNN-ResNet\C
70/rm/m/sc/10/67 ∂ Ñ
 []


Underfull \hbox (badness 2707) in paragraph at lines 559--560
\C70/rm/m/n/10/57 (\OT1/ptm/m/n/10 RML2016.10a\C70/rm/m/sc/10/65 p \C70/rm/m/n/
10/63 n \C70/rm/m/n/10/96 ∆ \C70/rm/m/sc/10/4e 
 \C70/rm/m/n/10/53 ÷ \C70/rm/m/n/10/5f ó \C70/rm/m/sc/10/4e Ü \C70/rm/m/n/10/66
 > \C70/rm/m/n/10/84 W \C70/rm/m/n/10/76 Ñ \C70/rm/m/n/10/60 ' \C70/rm/m/n/10/8
0 ˝ \C70/rm/m/n/10/63 – \C70/rm/m/n/10/53 G|\C70/rm/m/n/10/ff ^^L| \C70/rm/m/sc
/10/67 ^^@
 []


Underfull \hbox (badness 4429) in paragraph at lines 563--564
[]\C70/rm/m/sc/10/5b ˘ \C70/rm/m/n/10/56 ˛ \OT1/ptm/m/n/10 9[] \C70/rm/m/n/10/7
6 Ñ \C70/rm/m/n/10/6d Ò \C70/rm/m/n/10/51 e \C70/rm/m/n/10/78 ^^T \C70/rm/m/n/1
0/7a v \C70/rm/m/n/10/63 Ì \C70/rm/m/n/10/79 : \C70/rm/m/sc/10/4e Ü \C70/rm/m/s
c/10/67 	 \C70/rm/m/n/10/8d £ \C70/rm/m/n/10/76 Ñ \C70/rm/m/sc/10/67 ∂ Ñ \C70/r
m/m/sc/10/52 ® \C70/rm/m/n/10/60 ^^A|\C70/rm/m/n/10/ff ^^L| \C70/rm/m/n/10/8f Ÿ

 []


Underfull \hbox (badness 1635) in paragraph at lines 563--564
\C70/rm/m/n/10/6f ¿ \C70/rm/m/n/10/53 — \C70/rm/m/sc/10/4e Ü \C70/rm/m/n/10/62 
^^Q \C70/rm/m/sc/10/4e Ï \C70/rm/m/n/10/76 Ñ \C70/rm/m/n/10/6d ˜ \C70/rm/m/n/10
/54 ^^H \C70/rm/m/sc/10/8b æ ° \C70/rm/m/sc/10/65 π \C70/rm/m/sc/10/6c ’|\C70/r
m/m/n/10/30 ^^B| \C70/rm/m/sc/10/67 ^^@ \C70/rm/m/sc/10/52 ^^]|\C70/rm/m/n/10/f
f ^^L| \C70/rm/m/n/10/57 ( ˙ \C70/rm/m/sc/10/7e ø \C70/rm/m/n/10/91 M \C70/rm/m
/sc/10/7f n \C70/rm/m/sc/10/4e -|\C70/rm/m/n/10/ff ^^L|
 []


Underfull \hbox (badness 3590) in paragraph at lines 563--564
\OT1/ptm/m/n/10 ComplexCNN\C70/rm/m/n/10/88 h \C70/rm/m/n/10/73 ∞ \C70/rm/m/n/1
0/51 ˙ \C70/rm/m/n/10/4f ^^X \C70/rm/m/sc/10/4e é\OT1/ptm/m/n/10 ResNet\C70/rm/
m/n/10/76 Ñ \C70/rm/m/sc/10/52 ^^F \C70/rm/m/n/10/7c { \C70/rm/m/n/10/51 ∆ \C70
/rm/m/n/10/78 n \C70/rm/m/n/10/73 á|\C70/rm/m/n/10/30 ^^B| \C70/rm/m/n/10/71 6 
\C70/rm/m/n/10/80 ^^L|\C70/rm/m/n/10/ff ^^L|
 []


Underfull \hbox (badness 4217) in paragraph at lines 563--564
\C70/rm/m/n/10/5f S \C70/rm/m/n/10/5e î \C70/rm/m/n/10/75 (\OT1/ptm/m/n/10 GPR\
C70/rm/m/n/10/53 ª \C70/rm/m/n/10/56 j \C70/rm/m/n/10/54 å \C70/rm/m/n/10/57 ˙ 
\C70/rm/m/sc/10/4e é \C70/rm/m/sc/10/65 À \C70/rm/m/n/10/8f l \C70/rm/m/n/10/76
 Ñ \C70/rm/m/sc/10/65 p \C70/rm/m/n/10/63 n \C70/rm/m/n/10/58 û \C70/rm/m/n/10/
5f : \C70/rm/m/n/10/54 ^^N|\C70/rm/m/n/10/ff ^^L| \C70/rm/m/n/10/51 ˙ \C70/rm/m
/n/10/73 ∞ \C70/rm/m/sc/10/4e Ü
 []

<figure/sorted_stacked_comparison.png, id=530, 1148.6112pt x 714.0276pt>
File: figure/sorted_stacked_comparison.png Graphic file (type png)
<use figure/sorted_stacked_comparison.png>
Package pdftex.def Info: figure/sorted_stacked_comparison.png  used on input li
ne 569.
(pdftex.def)             Requested size: 232.19843pt x 144.3392pt.
<figure/validation_accuracy_convergence.pdf, id=531, 711.00507pt x 421.575pt>
File: figure/validation_accuracy_convergence.pdf Graphic file (type pdf)
<use figure/validation_accuracy_convergence.pdf>
Package pdftex.def Info: figure/validation_accuracy_convergence.pdf  used on in
put line 594.
(pdftex.def)             Requested size: 232.19843pt x 137.6728pt.
[7 <./figure/QAM16_rotation.png> <./figure/sorted_stacked_comparison.png>]
Underfull \hbox (badness 2111) in paragraph at lines 607--608
\C70/rm/m/n/10/56 j \C70/rm/m/n/10/6b ‘ \C70/rm/m/sc/10/67 a \C70/rm/m/sc/10/4e
 ˆ |\C70/rm/m/n/10/ff ^^H|\OT1/ptm/m/n/10 -20dB\C70/rm/m/n/10/81 Û\OT1/ptm/m/n/
10 -8dB|\C70/rm/m/n/10/ff 	| \C70/rm/m/sc/10/4e |\C70/rm/m/n/10/ff ^^L| \C70/r
m/m/n/10/51 ∆ \C70/rm/m/n/10/78 n \C70/rm/m/n/10/73 á \C70/rm/m/n/10/8f æ \C70/
rm/m/sc/10/52 0\OT1/ptm/m/n/10 23.2%|\C70/rm/m/n/10/ff ^^L| \C70/rm/m/n/10/76 ¯

 []

<figure/stacked_ablation_analysis.pdf, id=538, 1004.425pt x 570.06476pt>
File: figure/stacked_ablation_analysis.pdf Graphic file (type pdf)
<use figure/stacked_ablation_analysis.pdf>
Package pdftex.def Info: figure/stacked_ablation_analysis.pdf  used on input li
ne 644.
(pdftex.def)             Requested size: 232.19843pt x 131.78192pt.

Underfull \hbox (badness 10000) in paragraph at lines 658--659
[]\C70/rm/m/sc/10/67 , \C70/rm/m/n/10/78 ^^T \C70/rm/m/n/10/7a v \C70/rm/m/n/10
/90 ^^Z \C70/rm/m/n/10/8f « \C70/rm/m/n/10/87 ç \C70/rm/m/n/10/54 ^^H\OT1/ptm/m
/n/10 GPR\C70/rm/m/n/10/53 ª \C70/rm/m/n/10/56 j|\C70/rm/m/n/10/30 ^^A| \C70/rm
/m/sc/10/65 À \C70/rm/m/n/10/8f l \C70/rm/m/sc/10/65 p \C70/rm/m/n/10/63 n \C70
/rm/m/n/10/58 û \C70/rm/m/n/10/5f : \C70/rm/m/n/10/54 å \C70/rm/m/n/10/6d ˜
 []


Underfull \hbox (badness 10000) in paragraph at lines 658--659
\C70/rm/m/n/10/54 ^^H\OT1/ptm/m/n/10 ComplexCNN-ResNet\C70/rm/m/sc/10/67 ∂ Ñ|\C
70/rm/m/n/10/ff ^^L| \C70/rm/m/n/10/57 (\OT1/ptm/m/n/10 RML2016.10a\C70/rm/m/sc
/10/65 p \C70/rm/m/n/10/63 n \C70/rm/m/n/10/96 ∆
 []


Underfull \hbox (badness 1371) in paragraph at lines 660--661
[]\C70/rm/b/n/10/74 ^^F \C70/rm/b/n/10/8b ∫ \C70/rm/b/n/10/52 ^^[ \C70/rm/b/n/1
0/65 ∞ \C70/rm/b/n/10/4e ^^N \C70/rm/b/n/10/5b û \C70/rm/b/n/10/8d ı \C70/rm/b/
n/10/76 Ñ \C70/rm/b/n/10/7e ” \C70/rm/b/n/10/54 ^^H|\C70/rm/b/n/10/ff ^^Z|  \C7
0/rm/m/sc/10/67 , \C70/rm/m/n/10/78 ^^T \C70/rm/m/n/10/7a v \C70/rm/m/n/10/5c ^
^F \C70/rm/m/n/10/4f · \C70/rm/m/n/10/53 ˜ \C70/rm/m/n/10/59 ^^D \C70/rm/m/n/10
/74 ^^F ^^F \C70/rm/m/sc/10/8b ∫
 []


Underfull \hbox (badness 10000) in paragraph at lines 662--663
[]\C70/rm/b/n/10/81 Í \C70/rm/b/n/10/90 ^^B \C70/rm/b/n/10/5e î \C70/rm/b/n/10/
56 j \C70/rm/b/n/10/58  \C70/rm/b/n/10/59 ^^D \C70/rm/b/n/10/74 ^^F \C70/rm/b/
n/10/80 ˝ \C70/rm/b/n/10/52 õ|\C70/rm/b/n/10/ff ^^Z|  \C70/rm/m/n/10/90 ^^Z \C7
0/rm/m/n/10/8f « \C70/rm/m/n/10/51 l \C70/rm/m/n/10/5f ^^O $\OML/cmm/m/it/10 ^^
[[] \OT1/cmr/m/n/10 =
 []


Underfull \hbox (badness 5637) in paragraph at lines 662--663
\OML/cmm/m/it/10 P[]=\OT1/cmr/m/n/10 (2(10[] + 1))$ \C70/rm/m/n/10/76 Ñ \C70/rm
/m/n/10/7c æ \C70/rm/m/n/10/78 n \C70/rm/m/n/10/56 j \C70/rm/m/n/10/58  \C70/r
m/m/sc/10/65 π \C70/rm/m/n/10/5d Ó \C70/rm/m/n/10/4f 0 \C70/rm/m/sc/10/8b ° \C7
0/rm/m/n/10/54 å \C70/rm/m/n/10/57 ˙
 []

[8 <./figure/validation_accuracy_convergence.pdf> <./figure/stacked_ablation_an
alysis.pdf>] [9]

** Conference Paper **
Before submitting the final camera ready copy, remember to:

 1. Manually equalize the lengths of two columns on the last page
 of your paper;

 2. Ensure that any PostScript and/or PDF output post-processing
 uses only Type 1 fonts and that every step in the generation
 process uses the appropriate paper size.

[10] (./en2_to_ch2.aux)
 ***********
LaTeX2e <2023-11-01> patch level 1
L3 programming layer <2022/07/14>
 ***********


LaTeX Font Warning: Some font shapes were not available, defaults substituted.


LaTeX Warning: There were undefined references.


LaTeX Warning: Label(s) may have changed. Rerun to get cross-references right.


Package biblatex Warning: Please (re)run Biber on the file:
(biblatex)                en2_to_ch2
(biblatex)                and rerun LaTeX afterwards.

Package logreq Info: Writing requests to 'en2_to_ch2.run.xml'.
\openout1 = `en2_to_ch2.run.xml'.

 ) 
Here is how much of TeX's memory you used:
 18579 strings out of 474116
 345008 string characters out of 5742687
 2005190 words of memory out of 5000000
 40101 multiletter control sequences out of 15000+600000
 704346 words of font info for 492 fonts, out of 8000000 for 9000
 1141 hyphenation exceptions out of 8191
 80i,17n,83p,1392b,1516s stack positions out of 10000i,1000n,20000p,200000b,200000s
<c:/Windows/Fonts/simhei.ttf><c:/Windows/Fonts/simhei.ttf><c:/Windows/Fonts/s
imkai.ttf><c:/Windows/Fonts/simkai.ttf><c:/Windows/Fonts/simkai.ttf><c:/Windows
/Fonts/simkai.ttf><c:/Windows/Fonts/simkai.ttf><c:/Windows/Fonts/simkai.ttf><c:
/Windows/Fonts/simkai.ttf><c:/Windows/Fonts/simsun.ttc><c:/Windows/Fonts/simkai
.ttf><c:/Windows/Fonts/simsun.ttc><c:/Windows/Fonts/simsun.ttc><c:/Windows/Font
s/simkai.ttf><c:/Windows/Fonts/simkai.ttf><c:/Windows/Fonts/simkai.ttf><c:/Wind
ows/Fonts/simhei.ttf><c:/Windows/Fonts/simkai.ttf><c:/Windows/Fonts/simkai.ttf>
<c:/Windows/Fonts/simkai.ttf><c:/Windows/Fonts/simkai.ttf><c:/Windows/Fonts/sim
hei.ttf><c:/Windows/Fonts/simsun.ttc><c:/Windows/Fonts/simkai.ttf><c:/Windows/F
onts/simkai.ttf><c:/Windows/Fonts/simkai.ttf><c:/Windows/Fonts/simkai.ttf><c:/W
indows/Fonts/simhei.ttf><c:/Windows/Fonts/simsun.ttc><c:/Windows/Fonts/simsun.t
tc><c:/Windows/Fonts/simsun.ttc><c:/Windows/Fonts/simkai.ttf><c:/Windows/Fonts/
simkai.ttf><c:/Windows/Fonts/simkai.ttf><c:/Windows/Fonts/simkai.ttf><c:/Window
s/Fonts/simsun.ttc><c:/Windows/Fonts/simsun.ttc><c:/Windows/Fonts/simkai.ttf><c
:/Windows/Fonts/simkai.ttf><c:/Windows/Fonts/simkai.ttf><c:/Windows/Fonts/simsu
n.ttc><c:/Windows/Fonts/simsun.ttc><c:/Windows/Fonts/simkai.ttf><c:/Windows/Fon
ts/simkai.ttf><c:/Windows/Fonts/simkai.ttf><c:/Windows/Fonts/simkai.ttf><c:/Win
dows/Fonts/simsun.ttc><c:/Windows/Fonts/simsun.ttc><c:/Windows/Fonts/simsun.ttc
><c:/Windows/Fonts/simsun.ttc><c:/Windows/Fonts/simsun.ttc><c:/Windows/Fonts/si
msun.ttc><c:/Windows/Fonts/simsun.ttc><c:/Windows/Fonts/simsun.ttc><c:/Windows/
Fonts/simsun.ttc><c:/Windows/Fonts/simsun.ttc><c:/Windows/Fonts/simsun.ttc><c:/
Windows/Fonts/simsun.ttc><c:/Windows/Fonts/simsun.ttc><c:/Windows/Fonts/simsun.
ttc><c:/Windows/Fonts/simsun.ttc><c:/Windows/Fonts/simsun.ttc><c:/Windows/Fonts
/simsun.ttc><c:/Windows/Fonts/simsun.ttc><c:/Windows/Fonts/simsun.ttc><c:/Windo
ws/Fonts/simsun.ttc><c:/Windows/Fonts/simsun.ttc><c:/Windows/Fonts/simsun.ttc><
c:/Windows/Fonts/simsun.ttc><c:/Windows/Fonts/simsun.ttc><c:/Windows/Fonts/sims
un.ttc><c:/Windows/Fonts/simsun.ttc><c:/Windows/Fonts/simsun.ttc><c:/Windows/Fo
nts/simsun.ttc><c:/Windows/Fonts/simsun.ttc><c:/Windows/Fonts/simsun.ttc><c:/Wi
ndows/Fonts/simsun.ttc><c:/Windows/Fonts/simsun.ttc><c:/Windows/Fonts/simsun.tt
c><c:/Windows/Fonts/simsun.ttc><c:/Windows/Fonts/simsun.ttc><c:/Windows/Fonts/s
imsun.ttc><c:/Windows/Fonts/simsun.ttc><c:/Windows/Fonts/simsun.ttc><c:/Windows
/Fonts/simsun.ttc><c:/Windows/Fonts/simsun.ttc><c:/Windows/Fonts/simhei.ttf><c:
/Windows/Fonts/simhei.ttf><c:/Windows/Fonts/simhei.ttf><c:/Windows/Fonts/simhei
.ttf><c:/Windows/Fonts/simhei.ttf><c:/Windows/Fonts/simhei.ttf><c:/Windows/Font
s/simhei.ttf><c:/Windows/Fonts/simhei.ttf><c:/Windows/Fonts/simhei.ttf><c:/Wind
ows/Fonts/simhei.ttf><c:/Windows/Fonts/simhei.ttf><c:/Windows/Fonts/simhei.ttf>
<c:/Windows/Fonts/simhei.ttf><c:/Windows/Fonts/simhei.ttf><c:/Windows/Fonts/sim
hei.ttf><c:/Windows/Fonts/simhei.ttf><c:/Windows/Fonts/simhei.ttf><c:/Windows/F
onts/simhei.ttf><c:/Windows/Fonts/simhei.ttf><c:/Windows/Fonts/simhei.ttf><c:/W
indows/Fonts/simhei.ttf><c:/Windows/Fonts/simhei.ttf><c:/Windows/Fonts/simhei.t
tf><c:/Windows/Fonts/simhei.ttf><c:/Windows/Fonts/simhei.ttf><c:/Windows/Fonts/
simhei.ttf><c:/Windows/Fonts/simhei.ttf><c:/Windows/Fonts/simhei.ttf><c:/Window
s/Fonts/simhei.ttf><c:/Windows/Fonts/simhei.ttf><c:/Windows/Fonts/simhei.ttf><c
:/Windows/Fonts/simhei.ttf><c:/Windows/Fonts/simhei.ttf><c:/Windows/Fonts/simhe
i.ttf><c:/Windows/Fonts/simhei.ttf><c:/Windows/Fonts/simhei.ttf><c:/Windows/Fon
ts/simhei.ttf><c:/Windows/Fonts/simhei.ttf><c:/Windows/Fonts/simhei.ttf><c:/Win
dows/Fonts/simhei.ttf><c:/Windows/Fonts/simhei.ttf><c:/Windows/Fonts/simhei.ttf
><c:/Windows/Fonts/simhei.ttf><c:/Windows/Fonts/simhei.ttf><c:/Windows/Fonts/si
mhei.ttf><c:/Windows/Fonts/simhei.ttf><c:/Windows/Fonts/simhei.ttf><c:/Windows/
Fonts/simhei.ttf><c:/Windows/Fonts/simhei.ttf><c:/Windows/Fonts/simhei.ttf><c:/
Windows/Fonts/simhei.ttf><c:/Windows/Fonts/simhei.ttf><c:/Windows/Fonts/simhei.
ttf><c:/Windows/Fonts/simhei.ttf><c:/Windows/Fonts/simhei.ttf><c:/Windows/Fonts
/simhei.ttf><c:/Windows/Fonts/simhei.ttf><c:/Windows/Fonts/simhei.ttf><c:/Windo
ws/Fonts/simhei.ttf><c:/Windows/Fonts/simhei.ttf><c:/Windows/Fonts/simhei.ttf><
c:/Windows/Fonts/simkai.ttf><c:/Windows/Fonts/simkai.ttf><c:/Windows/Fonts/simk
ai.ttf><c:/Windows/Fonts/simkai.ttf><c:/Windows/Fonts/simkai.ttf><c:/Windows/Fo
nts/simkai.ttf><c:/Windows/Fonts/simkai.ttf><c:/Windows/Fonts/simkai.ttf><c:/Wi
ndows/Fonts/simkai.ttf><c:/Windows/Fonts/simkai.ttf><c:/Windows/Fonts/simsun.tt
c><c:/Windows/Fonts/simsun.ttc><c:/Windows/Fonts/simsun.ttc><c:/Windows/Fonts/s
imsun.ttc><c:/Windows/Fonts/simsun.ttc><c:/Windows/Fonts/simsun.ttc><c:/Windows
/Fonts/simsun.ttc><c:/Windows/Fonts/simsun.ttc><c:/Windows/Fonts/simsun.ttc><c:
/Windows/Fonts/simsun.ttc><c:/Windows/Fonts/simsun.ttc><c:/Windows/Fonts/simsun
.ttc><c:/Windows/Fonts/simsun.ttc><c:/Windows/Fonts/simsun.ttc><c:/Windows/Font
s/simsun.ttc><c:/Windows/Fonts/simsun.ttc><c:/Windows/Fonts/simsun.ttc><c:/Wind
ows/Fonts/simsun.ttc><c:/Windows/Fonts/simsun.ttc><c:/Windows/Fonts/simsun.ttc>
<c:/Windows/Fonts/simsun.ttc><c:/Windows/Fonts/simsun.ttc><c:/Windows/Fonts/sim
sun.ttc><c:/Windows/Fonts/simsun.ttc><c:/Windows/Fonts/simsun.ttc><c:/Windows/F
onts/simsun.ttc><c:/Windows/Fonts/simsun.ttc><d:/app/latex/texlive/2024/texmf-d
ist/fonts/type1/public/amsfonts/cm/cmbx10.pfb><d:/app/latex/texlive/2024/texmf-
dist/fonts/type1/public/amsfonts/cm/cmbx12.pfb><d:/app/latex/texlive/2024/texmf
-dist/fonts/type1/public/amsfonts/cm/cmbx8.pfb><d:/app/latex/texlive/2024/texmf
-dist/fonts/type1/public/amsfonts/cm/cmbx9.pfb><d:/app/latex/texlive/2024/texmf
-dist/fonts/type1/public/amsfonts/cm/cmex10.pfb><d:/app/latex/texlive/2024/texm
f-dist/fonts/type1/public/amsfonts/cm/cmmi10.pfb><d:/app/latex/texlive/2024/tex
mf-dist/fonts/type1/public/amsfonts/cm/cmmi5.pfb><d:/app/latex/texlive/2024/tex
mf-dist/fonts/type1/public/amsfonts/cm/cmmi6.pfb><d:/app/latex/texlive/2024/tex
mf-dist/fonts/type1/public/amsfonts/cm/cmmi7.pfb><d:/app/latex/texlive/2024/tex
mf-dist/fonts/type1/public/amsfonts/cm/cmr10.pfb><d:/app/latex/texlive/2024/tex
mf-dist/fonts/type1/public/amsfonts/cm/cmr5.pfb><d:/app/latex/texlive/2024/texm
f-dist/fonts/type1/public/amsfonts/cm/cmr7.pfb><d:/app/latex/texlive/2024/texmf
-dist/fonts/type1/public/amsfonts/cm/cmr8.pfb><d:/app/latex/texlive/2024/texmf-
dist/fonts/type1/public/amsfonts/cm/cmr9.pfb><d:/app/latex/texlive/2024/texmf-d
ist/fonts/type1/public/amsfonts/cm/cmsy10.pfb><d:/app/latex/texlive/2024/texmf-
dist/fonts/type1/public/amsfonts/cm/cmsy7.pfb><d:/app/latex/texlive/2024/texmf-
dist/fonts/type1/public/amsfonts/cm/cmsy8.pfb><d:/app/latex/texlive/2024/texmf-
dist/fonts/type1/public/amsfonts/symbols/msam10.pfb><d:/app/latex/texlive/2024/
texmf-dist/fonts/type1/public/amsfonts/symbols/msbm10.pfb><d:/app/latex/texlive
/2024/texmf-dist/fonts/type1/public/cm-super/sfbx0800.pfb><d:/app/latex/texlive
/2024/texmf-dist/fonts/type1/urw/times/utmb8a.pfb><d:/app/latex/texlive/2024/te
xmf-dist/fonts/type1/urw/times/utmbi8a.pfb><d:/app/latex/texlive/2024/texmf-dis
t/fonts/type1/urw/times/utmr8a.pfb><d:/app/latex/texlive/2024/texmf-dist/fonts/
type1/urw/times/utmri8a.pfb>
Output written on en2_to_ch2.pdf (10 pages, 2443331 bytes).
PDF statistics:
 1365 PDF objects out of 1440 (max. 8388607)
 709 compressed objects within 8 object streams
 0 named destinations out of 1000 (max. 500000)
 368 words of extra memory for PDF output out of 10000 (max. 10000000)

