This is pdfTeX, Version 3.141592653-2.6-1.40.26 (TeX Live 2024) (preloaded format=pdflatex 2024.7.22)  10 JUN 2025 15:17
entering extended mode
 restricted \write18 enabled.
 %&-line parsing enabled.
**en2_to_ch1.tex
(./en2_to_ch1.tex
LaTeX2e <2023-11-01> patch level 1
L3 programming layer <2024-02-20>
(d:/app/latex/texlive/2024/texmf-dist/tex/latex/base/article.cls
Document Class: article 2023/05/17 v1.4n Standard LaTeX document class
(d:/app/latex/texlive/2024/texmf-dist/tex/latex/base/size10.clo
File: size10.clo 2023/05/17 v1.4n Standard LaTeX file (size option)
)
\c@part=\count188
\c@section=\count189
\c@subsection=\count190
\c@subsubsection=\count191
\c@paragraph=\count192
\c@subparagraph=\count193
\c@figure=\count194
\c@table=\count195
\abovecaptionskip=\skip48
\belowcaptionskip=\skip49
\bibindent=\dimen140
)
(d:/app/latex/texlive/2024/texmf-dist/tex/latex/biblatex/biblatex.sty
Package: biblatex 2023/03/05 v3.19 programmable bibliographies (PK/MW)

(d:/app/latex/texlive/2024/texmf-dist/tex/generic/pdftexcmds/pdftexcmds.sty
Package: pdftexcmds 2020-06-27 v0.33 Utility functions of pdfTeX for LuaTeX (HO
)

(d:/app/latex/texlive/2024/texmf-dist/tex/generic/infwarerr/infwarerr.sty
Package: infwarerr 2019/12/03 v1.5 Providing info/warning/error messages (HO)
)
(d:/app/latex/texlive/2024/texmf-dist/tex/generic/iftex/iftex.sty
Package: iftex 2022/02/03 v1.0f TeX engine tests
)
(d:/app/latex/texlive/2024/texmf-dist/tex/generic/ltxcmds/ltxcmds.sty
Package: ltxcmds 2023-12-04 v1.26 LaTeX kernel commands for general use (HO)
)
Package pdftexcmds Info: \pdf@primitive is available.
Package pdftexcmds Info: \pdf@ifprimitive is available.
Package pdftexcmds Info: \pdfdraftmode found.
)
(d:/app/latex/texlive/2024/texmf-dist/tex/latex/etoolbox/etoolbox.sty
Package: etoolbox 2020/10/05 v2.5k e-TeX tools for LaTeX (JAW)
\etb@tempcnta=\count196
)
(d:/app/latex/texlive/2024/texmf-dist/tex/latex/graphics/keyval.sty
Package: keyval 2022/05/29 v1.15 key=value parser (DPC)
\KV@toks@=\toks17
)
(d:/app/latex/texlive/2024/texmf-dist/tex/latex/kvoptions/kvoptions.sty
Package: kvoptions 2022-06-15 v3.15 Key value format for package options (HO)

(d:/app/latex/texlive/2024/texmf-dist/tex/latex/kvsetkeys/kvsetkeys.sty
Package: kvsetkeys 2022-10-05 v1.19 Key value parser (HO)
))
(d:/app/latex/texlive/2024/texmf-dist/tex/latex/logreq/logreq.sty
Package: logreq 2010/08/04 v1.0 xml request logger
\lrq@indent=\count197

(d:/app/latex/texlive/2024/texmf-dist/tex/latex/logreq/logreq.def
File: logreq.def 2010/08/04 v1.0 logreq spec v1.0
))
(d:/app/latex/texlive/2024/texmf-dist/tex/latex/base/ifthen.sty
Package: ifthen 2022/04/13 v1.1d Standard LaTeX ifthen package (DPC)
)
(d:/app/latex/texlive/2024/texmf-dist/tex/latex/url/url.sty
\Urlmuskip=\muskip16
Package: url 2013/09/16  ver 3.4  Verb mode for urls, etc.
)
\c@tabx@nest=\count198
\c@listtotal=\count199
\c@listcount=\count266
\c@liststart=\count267
\c@liststop=\count268
\c@citecount=\count269
\c@citetotal=\count270
\c@multicitecount=\count271
\c@multicitetotal=\count272
\c@instcount=\count273
\c@maxnames=\count274
\c@minnames=\count275
\c@maxitems=\count276
\c@minitems=\count277
\c@citecounter=\count278
\c@maxcitecounter=\count279
\c@savedcitecounter=\count280
\c@uniquelist=\count281
\c@uniquename=\count282
\c@refsection=\count283
\c@refsegment=\count284
\c@maxextratitle=\count285
\c@maxextratitleyear=\count286
\c@maxextraname=\count287
\c@maxextradate=\count288
\c@maxextraalpha=\count289
\c@abbrvpenalty=\count290
\c@highnamepenalty=\count291
\c@lownamepenalty=\count292
\c@maxparens=\count293
\c@parenlevel=\count294
\blx@tempcnta=\count295
\blx@tempcntb=\count296
\blx@tempcntc=\count297
\c@blx@maxsection=\count298
\blx@maxsegment@0=\count299
\blx@notetype=\count300
\blx@parenlevel@text=\count301
\blx@parenlevel@foot=\count302
\blx@sectionciteorder@0=\count303
\blx@sectionciteorderinternal@0=\count304
\blx@entrysetcounter=\count305
\blx@biblioinstance=\count306
\labelnumberwidth=\skip50
\labelalphawidth=\skip51
\biblabelsep=\skip52
\bibitemsep=\skip53
\bibnamesep=\skip54
\bibinitsep=\skip55
\bibparsep=\skip56
\bibhang=\skip57
\blx@bcfin=\read2
\blx@bcfout=\write3
\blx@langwohyphens=\language89
\c@mincomprange=\count307
\c@maxcomprange=\count308
\c@mincompwidth=\count309
Package biblatex Info: Trying to load biblatex default data model...
Package biblatex Info: ... file 'blx-dm.def' found.

(d:/app/latex/texlive/2024/texmf-dist/tex/latex/biblatex/blx-dm.def
File: blx-dm.def 2023/03/05 v3.19 biblatex localization (PK/MW)
)
Package biblatex Info: Trying to load biblatex style data model...
Package biblatex Info: ... file 'ieee.dbx' not found.
Package biblatex Info: Trying to load biblatex custom data model...
Package biblatex Info: ... file 'biblatex-dm.cfg' not found.
\c@afterword=\count310
\c@savedafterword=\count311
\c@annotator=\count312
\c@savedannotator=\count313
\c@author=\count314
\c@savedauthor=\count315
\c@bookauthor=\count316
\c@savedbookauthor=\count317
\c@commentator=\count318
\c@savedcommentator=\count319
\c@editor=\count320
\c@savededitor=\count321
\c@editora=\count322
\c@savededitora=\count323
\c@editorb=\count324
\c@savededitorb=\count325
\c@editorc=\count326
\c@savededitorc=\count327
\c@foreword=\count328
\c@savedforeword=\count329
\c@holder=\count330
\c@savedholder=\count331
\c@introduction=\count332
\c@savedintroduction=\count333
\c@namea=\count334
\c@savednamea=\count335
\c@nameb=\count336
\c@savednameb=\count337
\c@namec=\count338
\c@savednamec=\count339
\c@translator=\count340
\c@savedtranslator=\count341
\c@shortauthor=\count342
\c@savedshortauthor=\count343
\c@shorteditor=\count344
\c@savedshorteditor=\count345
\c@labelname=\count346
\c@savedlabelname=\count347
\c@institution=\count348
\c@savedinstitution=\count349
\c@lista=\count350
\c@savedlista=\count351
\c@listb=\count352
\c@savedlistb=\count353
\c@listc=\count354
\c@savedlistc=\count355
\c@listd=\count356
\c@savedlistd=\count357
\c@liste=\count358
\c@savedliste=\count359
\c@listf=\count360
\c@savedlistf=\count361
\c@location=\count362
\c@savedlocation=\count363
\c@organization=\count364
\c@savedorganization=\count365
\c@origlocation=\count366
\c@savedoriglocation=\count367
\c@origpublisher=\count368
\c@savedorigpublisher=\count369
\c@publisher=\count370
\c@savedpublisher=\count371
\c@language=\count372
\c@savedlanguage=\count373
\c@origlanguage=\count374
\c@savedoriglanguage=\count375
\c@pageref=\count376
\c@savedpageref=\count377
\shorthandwidth=\skip58
\shortjournalwidth=\skip59
\shortserieswidth=\skip60
\shorttitlewidth=\skip61
\shortauthorwidth=\skip62
\shorteditorwidth=\skip63
\locallabelnumberwidth=\skip64
\locallabelalphawidth=\skip65
\localshorthandwidth=\skip66
\localshortjournalwidth=\skip67
\localshortserieswidth=\skip68
\localshorttitlewidth=\skip69
\localshortauthorwidth=\skip70
\localshorteditorwidth=\skip71
Package biblatex Info: Trying to load compatibility code...
Package biblatex Info: ... file 'blx-compat.def' found.

(d:/app/latex/texlive/2024/texmf-dist/tex/latex/biblatex/blx-compat.def
File: blx-compat.def 2023/03/05 v3.19 biblatex compatibility (PK/MW)
)
Package biblatex Info: Trying to load generic definitions...
Package biblatex Info: ... file 'biblatex.def' found.

(d:/app/latex/texlive/2024/texmf-dist/tex/latex/biblatex/biblatex.def
File: biblatex.def 2023/03/05 v3.19 biblatex compatibility (PK/MW)
\c@textcitecount=\count378
\c@textcitetotal=\count379
\c@textcitemaxnames=\count380
\c@biburlbigbreakpenalty=\count381
\c@biburlbreakpenalty=\count382
\c@biburlnumpenalty=\count383
\c@biburlucpenalty=\count384
\c@biburllcpenalty=\count385
\biburlbigskip=\muskip17
\biburlnumskip=\muskip18
\biburlucskip=\muskip19
\biburllcskip=\muskip20
\c@smartand=\count386
)
Package biblatex Info: Trying to load bibliography style 'ieee'...
Package biblatex Info: ... file 'ieee.bbx' found.

(d:/app/latex/texlive/2024/texmf-dist/tex/latex/biblatex-ieee/ieee.bbx
File: ieee.bbx 2021/12/06 v1.3f biblatex bibliography style
Package biblatex Info: Trying to load bibliography style 'numeric-comp'...
Package biblatex Info: ... file 'numeric-comp.bbx' found.

(d:/app/latex/texlive/2024/texmf-dist/tex/latex/biblatex/bbx/numeric-comp.bbx
File: numeric-comp.bbx 2023/03/05 v3.19 biblatex bibliography style (PK/MW)
Package biblatex Info: Trying to load bibliography style 'numeric'...
Package biblatex Info: ... file 'numeric.bbx' found.

(d:/app/latex/texlive/2024/texmf-dist/tex/latex/biblatex/bbx/numeric.bbx
File: numeric.bbx 2023/03/05 v3.19 biblatex bibliography style (PK/MW)
Package biblatex Info: Trying to load bibliography style 'standard'...
Package biblatex Info: ... file 'standard.bbx' found.

(d:/app/latex/texlive/2024/texmf-dist/tex/latex/biblatex/bbx/standard.bbx
File: standard.bbx 2023/03/05 v3.19 biblatex bibliography style (PK/MW)
\c@bbx:relatedcount=\count387
\c@bbx:relatedtotal=\count388
))))
Package biblatex Info: Trying to load citation style 'numeric'...
Package biblatex Info: ... file 'numeric.cbx' found.

(d:/app/latex/texlive/2024/texmf-dist/tex/latex/biblatex/cbx/numeric.cbx
File: numeric.cbx 2023/03/05 v3.19 biblatex citation style (PK/MW)
Package biblatex Info: Redefining '\cite'.
Package biblatex Info: Redefining '\parencite'.
Package biblatex Info: Redefining '\footcite'.
Package biblatex Info: Redefining '\footcitetext'.
Package biblatex Info: Redefining '\smartcite'.
Package biblatex Info: Redefining '\supercite'.
Package biblatex Info: Redefining '\textcite'.
Package biblatex Info: Redefining '\textcites'.
Package biblatex Info: Redefining '\cites'.
Package biblatex Info: Redefining '\parencites'.
Package biblatex Info: Redefining '\smartcites'.
)
Package biblatex Info: Trying to load configuration file...
Package biblatex Info: ... file 'biblatex.cfg' found.

(d:/app/latex/texlive/2024/texmf-dist/tex/latex/biblatex/biblatex.cfg
File: biblatex.cfg 
)
Package biblatex Info: Input encoding 'utf8' detected.
Package biblatex Info: Document encoding is UTF8 ....

(d:/app/latex/texlive/2024/texmf-dist/tex/latex/l3kernel/expl3.sty
Package: expl3 2024-02-20 L3 programming layer (loader) 

(d:/app/latex/texlive/2024/texmf-dist/tex/latex/l3backend/l3backend-pdftex.def
File: l3backend-pdftex.def 2024-02-20 L3 backend support: PDF output (pdfTeX)
\l__color_backend_stack_int=\count389
\l__pdf_internal_box=\box51
))
Package biblatex Info: ... and expl3
(biblatex)             2024-02-20 L3 programming layer (loader) 
(biblatex)             is new enough (at least 2020/04/06),
(biblatex)             setting 'casechanger=expl3'.
 (d:/app/latex/texlive/2024/texmf-dist/tex/latex/biblatex/blx-case-expl3.sty
(d:/app/latex/texlive/2024/texmf-dist/tex/latex/l3packages/xparse/xparse.sty
Package: xparse 2024-02-18 L3 Experimental document command parser
)
Package: blx-case-expl3 2023/03/05 v3.19 expl3 case changing code for biblatex
)) (d:/app/latex/texlive/2024/texmf-dist/tex/latex/amsmath/amsmath.sty
Package: amsmath 2023/05/13 v2.17o AMS math features
\@mathmargin=\skip72

For additional information on amsmath, use the `?' option.
(d:/app/latex/texlive/2024/texmf-dist/tex/latex/amsmath/amstext.sty
Package: amstext 2021/08/26 v2.01 AMS text

(d:/app/latex/texlive/2024/texmf-dist/tex/latex/amsmath/amsgen.sty
File: amsgen.sty 1999/11/30 v2.0 generic functions
\@emptytoks=\toks18
\ex@=\dimen141
))
(d:/app/latex/texlive/2024/texmf-dist/tex/latex/amsmath/amsbsy.sty
Package: amsbsy 1999/11/29 v1.2d Bold Symbols
\pmbraise@=\dimen142
)
(d:/app/latex/texlive/2024/texmf-dist/tex/latex/amsmath/amsopn.sty
Package: amsopn 2022/04/08 v2.04 operator names
)
\inf@bad=\count390
LaTeX Info: Redefining \frac on input line 234.
\uproot@=\count391
\leftroot@=\count392
LaTeX Info: Redefining \overline on input line 399.
LaTeX Info: Redefining \colon on input line 410.
\classnum@=\count393
\DOTSCASE@=\count394
LaTeX Info: Redefining \ldots on input line 496.
LaTeX Info: Redefining \dots on input line 499.
LaTeX Info: Redefining \cdots on input line 620.
\Mathstrutbox@=\box52
\strutbox@=\box53
LaTeX Info: Redefining \big on input line 722.
LaTeX Info: Redefining \Big on input line 723.
LaTeX Info: Redefining \bigg on input line 724.
LaTeX Info: Redefining \Bigg on input line 725.
\big@size=\dimen143
LaTeX Font Info:    Redeclaring font encoding OML on input line 743.
LaTeX Font Info:    Redeclaring font encoding OMS on input line 744.
\macc@depth=\count395
LaTeX Info: Redefining \bmod on input line 905.
LaTeX Info: Redefining \pmod on input line 910.
LaTeX Info: Redefining \smash on input line 940.
LaTeX Info: Redefining \relbar on input line 970.
LaTeX Info: Redefining \Relbar on input line 971.
\c@MaxMatrixCols=\count396
\dotsspace@=\muskip21
\c@parentequation=\count397
\dspbrk@lvl=\count398
\tag@help=\toks19
\row@=\count399
\column@=\count400
\maxfields@=\count401
\andhelp@=\toks20
\eqnshift@=\dimen144
\alignsep@=\dimen145
\tagshift@=\dimen146
\tagwidth@=\dimen147
\totwidth@=\dimen148
\lineht@=\dimen149
\@envbody=\toks21
\multlinegap=\skip73
\multlinetaggap=\skip74
\mathdisplay@stack=\toks22
LaTeX Info: Redefining \[ on input line 2953.
LaTeX Info: Redefining \] on input line 2954.
)
(d:/app/latex/texlive/2024/texmf-dist/tex/latex/amsfonts/amssymb.sty
Package: amssymb 2013/01/14 v3.01 AMS font symbols

(d:/app/latex/texlive/2024/texmf-dist/tex/latex/amsfonts/amsfonts.sty
Package: amsfonts 2013/01/14 v3.01 Basic AMSFonts support
\symAMSa=\mathgroup4
\symAMSb=\mathgroup5
LaTeX Font Info:    Redeclaring math symbol \hbar on input line 98.
LaTeX Font Info:    Overwriting math alphabet `\mathfrak' in version `bold'
(Font)                  U/euf/m/n --> U/euf/b/n on input line 106.
))
(d:/app/latex/texlive/2024/texmf-dist/tex/latex/algorithms/algorithmic.sty
Package: algorithmic 2009/08/24 v0.1 Document Style `algorithmic'
\c@ALC@unique=\count402
\c@ALC@line=\count403
\c@ALC@rem=\count404
\c@ALC@depth=\count405
\ALC@tlm=\skip75
\algorithmicindent=\skip76
)
(d:/app/latex/texlive/2024/texmf-dist/tex/latex/graphics/graphicx.sty
Package: graphicx 2021/09/16 v1.2d Enhanced LaTeX Graphics (DPC,SPQR)

(d:/app/latex/texlive/2024/texmf-dist/tex/latex/graphics/graphics.sty
Package: graphics 2022/03/10 v1.4e Standard LaTeX Graphics (DPC,SPQR)

(d:/app/latex/texlive/2024/texmf-dist/tex/latex/graphics/trig.sty
Package: trig 2021/08/11 v1.11 sin cos tan (DPC)
)
(d:/app/latex/texlive/2024/texmf-dist/tex/latex/graphics-cfg/graphics.cfg
File: graphics.cfg 2016/06/04 v1.11 sample graphics configuration
)
Package graphics Info: Driver file: pdftex.def on input line 107.

(d:/app/latex/texlive/2024/texmf-dist/tex/latex/graphics-def/pdftex.def
File: pdftex.def 2022/09/22 v1.2b Graphics/color driver for pdftex
))
\Gin@req@height=\dimen150
\Gin@req@width=\dimen151
)
(d:/app/latex/texlive/2024/texmf-dist/tex/latex/base/textcomp.sty
Package: textcomp 2020/02/02 v2.0n Standard LaTeX package
)
(d:/app/latex/texlive/2024/texmf-dist/tex/latex/xcolor/xcolor.sty
Package: xcolor 2023/11/15 v3.01 LaTeX color extensions (UK)

(d:/app/latex/texlive/2024/texmf-dist/tex/latex/graphics-cfg/color.cfg
File: color.cfg 2016/01/02 v1.6 sample color configuration
)
Package xcolor Info: Driver file: pdftex.def on input line 274.

(d:/app/latex/texlive/2024/texmf-dist/tex/latex/graphics/mathcolor.ltx)
Package xcolor Info: Model `cmy' substituted by `cmy0' on input line 1350.
Package xcolor Info: Model `hsb' substituted by `rgb' on input line 1354.
Package xcolor Info: Model `RGB' extended on input line 1366.
Package xcolor Info: Model `HTML' substituted by `rgb' on input line 1368.
Package xcolor Info: Model `Hsb' substituted by `hsb' on input line 1369.
Package xcolor Info: Model `tHsb' substituted by `hsb' on input line 1370.
Package xcolor Info: Model `HSB' substituted by `hsb' on input line 1371.
Package xcolor Info: Model `Gray' substituted by `gray' on input line 1372.
Package xcolor Info: Model `wave' substituted by `hsb' on input line 1373.
)
(d:/app/latex/texlive/2024/texmf-dist/tex/latex/booktabs/booktabs.sty
Package: booktabs 2020/01/12 v1.61803398 Publication quality tables
\heavyrulewidth=\dimen152
\lightrulewidth=\dimen153
\cmidrulewidth=\dimen154
\belowrulesep=\dimen155
\belowbottomsep=\dimen156
\aboverulesep=\dimen157
\abovetopsep=\dimen158
\cmidrulesep=\dimen159
\cmidrulekern=\dimen160
\defaultaddspace=\dimen161
\@cmidla=\count406
\@cmidlb=\count407
\@aboverulesep=\dimen162
\@belowrulesep=\dimen163
\@thisruleclass=\count408
\@lastruleclass=\count409
\@thisrulewidth=\dimen164
)
(d:/app/latex/texlive/2024/texmf-dist/tex/latex/multirow/multirow.sty
Package: multirow 2021/03/15 v2.8 Span multiple rows of a table
\multirow@colwidth=\skip77
\multirow@cntb=\count410
\multirow@dima=\skip78
\bigstrutjot=\dimen165
)
(d:/app/latex/texlive/2024/texmf-dist/tex/latex/subfigure/subfigure.sty
Package: subfigure 2002/03/15 v2.1.5 subfigure package
\subfigtopskip=\skip79
\subfigcapskip=\skip80
\subfigcaptopadj=\dimen166
\subfigbottomskip=\skip81
\subfigcapmargin=\dimen167
\subfiglabelskip=\skip82
\c@subfigure=\count411
\c@lofdepth=\count412
\c@subtable=\count413
\c@lotdepth=\count414

****************************************
* Local config file subfigure.cfg used *
****************************************
(d:/app/latex/texlive/2024/texmf-dist/tex/latex/subfigure/subfigure.cfg)
\subfig@top=\skip83
\subfig@bottom=\skip84
)
(d:/app/latex/texlive/2024/texmf-dist/tex/latex/makecell/makecell.sty
Package: makecell 2009/08/03 V0.1e Managing of Tab Column Heads and Cells

(d:/app/latex/texlive/2024/texmf-dist/tex/latex/tools/array.sty
Package: array 2023/10/16 v2.5g Tabular extension package (FMi)
\col@sep=\dimen168
\ar@mcellbox=\box54
\extrarowheight=\dimen169
\NC@list=\toks23
\extratabsurround=\skip85
\backup@length=\skip86
\ar@cellbox=\box55
)
\rotheadsize=\dimen170
\c@nlinenum=\count415
\TeXr@lab=\toks24
)
(d:/app/latex/texlive/2024/texmf-dist/tex/latex/threeparttable/threeparttable.s
ty
Package: threeparttable 2003/06/13  v 3.0
\@tempboxb=\box56
) (d:/app/latex/texlive/2024/texmf-dist/tex/latex/ctex/ctex.sty
Package: ctex 2022/07/14 v2.5.10 Chinese adapter in LaTeX (CTEX)

(d:/app/latex/texlive/2024/texmf-dist/tex/latex/ctex/ctexhook.sty
Package: ctexhook 2022/07/14 v2.5.10 Document and package hooks (CTEX)
)
(d:/app/latex/texlive/2024/texmf-dist/tex/latex/ctex/ctexpatch.sty
Package: ctexpatch 2022/07/14 v2.5.10 Patching commands (CTEX)
)
(d:/app/latex/texlive/2024/texmf-dist/tex/latex/base/fix-cm.sty
Package: fix-cm 2020/11/24 v1.1t fixes to LaTeX

(d:/app/latex/texlive/2024/texmf-dist/tex/latex/base/ts1enc.def
File: ts1enc.def 2001/06/05 v3.0e (jk/car/fm) Standard LaTeX file
LaTeX Font Info:    Redeclaring font encoding TS1 on input line 47.
))
\l__ctex_tmp_int=\count416
\l__ctex_tmp_box=\box57
\l__ctex_tmp_dim=\dimen171
\g__ctex_section_depth_int=\count417
\g__ctex_font_size_int=\count418

(d:/app/latex/texlive/2024/texmf-dist/tex/latex/ctex/config/ctexopts.cfg
File: ctexopts.cfg 2022/07/14 v2.5.10 Option configuration file (CTEX)
)
(d:/app/latex/texlive/2024/texmf-dist/tex/latex/ctex/engine/ctex-engine-pdftex.
def
File: ctex-engine-pdftex.def 2022/07/14 v2.5.10 (pdf)LaTeX adapter (CTEX)
 (d:/app/latex/texlive/2024/texmf-dist/tex/latex/cjk/texinput/CJKutf8.sty
Package: CJKutf8 2021/10/16 4.8.5

(d:/app/latex/texlive/2024/texmf-dist/tex/generic/iftex/ifpdf.sty
Package: ifpdf 2019/10/25 v3.4 ifpdf legacy package. Use iftex instead.
)
(d:/app/latex/texlive/2024/texmf-dist/tex/latex/base/inputenc.sty
Package: inputenc 2021/02/14 v1.3d Input encoding file
\inpenc@prehook=\toks25
\inpenc@posthook=\toks26
)
(d:/app/latex/texlive/2024/texmf-dist/tex/latex/cjk/texinput/CJK.sty
Package: CJK 2021/10/16 4.8.5

(d:/app/latex/texlive/2024/texmf-dist/tex/latex/cjk/texinput/mule/MULEenc.sty
Package: MULEenc 2021/10/16 4.8.5
)
(d:/app/latex/texlive/2024/texmf-dist/tex/latex/cjk/texinput/CJK.enc
File: CJK.enc 2021/10/16 4.8.5
Now handling font encoding C00 ...
... no UTF-8 mapping file for font encoding C00
Now handling font encoding C05 ...
... no UTF-8 mapping file for font encoding C05
Now handling font encoding C09 ...
... no UTF-8 mapping file for font encoding C09
Now handling font encoding C10 ...
... no UTF-8 mapping file for font encoding C10
Now handling font encoding C20 ...
... no UTF-8 mapping file for font encoding C20
Now handling font encoding C19 ...
... no UTF-8 mapping file for font encoding C19
Now handling font encoding C40 ...
... no UTF-8 mapping file for font encoding C40
Now handling font encoding C42 ...
... no UTF-8 mapping file for font encoding C42
Now handling font encoding C43 ...
... no UTF-8 mapping file for font encoding C43
Now handling font encoding C50 ...
... no UTF-8 mapping file for font encoding C50
Now handling font encoding C52 ...
... no UTF-8 mapping file for font encoding C52
Now handling font encoding C49 ...
... no UTF-8 mapping file for font encoding C49
Now handling font encoding C60 ...
... no UTF-8 mapping file for font encoding C60
Now handling font encoding C61 ...
... no UTF-8 mapping file for font encoding C61
Now handling font encoding C63 ...
... no UTF-8 mapping file for font encoding C63
Now handling font encoding C64 ...
... no UTF-8 mapping file for font encoding C64
Now handling font encoding C65 ...
... no UTF-8 mapping file for font encoding C65
Now handling font encoding C70 ...
... no UTF-8 mapping file for font encoding C70
Now handling font encoding C31 ...
... no UTF-8 mapping file for font encoding C31
Now handling font encoding C32 ...
... no UTF-8 mapping file for font encoding C32
Now handling font encoding C33 ...
... no UTF-8 mapping file for font encoding C33
Now handling font encoding C34 ...
... no UTF-8 mapping file for font encoding C34
Now handling font encoding C35 ...
... no UTF-8 mapping file for font encoding C35
Now handling font encoding C36 ...
... no UTF-8 mapping file for font encoding C36
Now handling font encoding C37 ...
... no UTF-8 mapping file for font encoding C37
Now handling font encoding C80 ...
... no UTF-8 mapping file for font encoding C80
Now handling font encoding C81 ...
... no UTF-8 mapping file for font encoding C81
Now handling font encoding C01 ...
... no UTF-8 mapping file for font encoding C01
Now handling font encoding C11 ...
... no UTF-8 mapping file for font encoding C11
Now handling font encoding C21 ...
... no UTF-8 mapping file for font encoding C21
Now handling font encoding C41 ...
... no UTF-8 mapping file for font encoding C41
Now handling font encoding C62 ...
... no UTF-8 mapping file for font encoding C62
)
\CJK@indent=\box58
)
(d:/app/latex/texlive/2024/texmf-dist/tex/latex/base/fontenc.sty
Package: fontenc 2021/04/29 v2.0v Standard LaTeX package
))
(d:/app/latex/texlive/2024/texmf-dist/tex/latex/cjkpunct/CJKpunct.sty
Package: CJKpunct 2016/05/14 4.8.4
\CJKpunct@cnta=\count419
\CJKpunct@cntb=\count420
\CJKpunct@cntc=\count421
\CJKpunct@cntd=\count422
\CJKpunct@cnte=\count423
   defining Unicode char U+2018 (decimal 8216)
   defining Unicode char U+2019 (decimal 8217)
   defining Unicode char U+201C (decimal 8220)
   defining Unicode char U+201D (decimal 8221)
   defining Unicode char U+2014 (decimal 8212)
   defining Unicode char U+2026 (decimal 8230)

(d:/app/latex/texlive/2024/texmf-dist/tex/latex/cjkpunct/CJKpunct.spa))
(d:/app/latex/texlive/2024/texmf-dist/tex/latex/cjk/texinput/CJKspace.sty
Package: CJKspace 2021/10/16 3.8.0
)
(d:/app/latex/texlive/2024/texmf-dist/tex/latex/cjk/texinput/UTF8/UTF8.bdg
File: UTF8.bdg 2021/10/16 4.8.5
)
(d:/app/latex/texlive/2024/texmf-dist/tex/latex/ctex/ctexspa.def
File: ctexspa.def 2022/07/14 v2.5.10 Space info for CJKpunct (CTEX)
)
\ccwd=\dimen172
\l__ctex_ccglue_skip=\skip87
)
\l__ctex_ziju_dim=\dimen173

(d:/app/latex/texlive/2024/texmf-dist/tex/latex/zhnumber/zhnumber.sty
Package: zhnumber 2022/07/14 v3.0 Typesetting numbers with Chinese glyphs
\l__zhnum_scale_int=\count424
\l__zhnum_tmp_int=\count425

(d:/app/latex/texlive/2024/texmf-dist/tex/latex/zhnumber/zhnumber-utf8.cfg
File: zhnumber-utf8.cfg 2022/07/14 v3.0 Chinese numerals with UTF8 encoding
))
(d:/app/latex/texlive/2024/texmf-dist/tex/latex/ctex/scheme/ctex-scheme-plain.d
ef
File: ctex-scheme-plain.def 2022/07/14 v2.5.10 Plain scheme for generic (CTEX)
)
(d:/app/latex/texlive/2024/texmf-dist/tex/latex/ctex/fontset/ctex-fontset-windo
ws.def
File: ctex-fontset-windows.def 2022/07/14 v2.5.10 Windows fonts definition (CTE
X)
)) (d:/app/latex/texlive/2024/texmf-dist/tex/latex/ctex/config/ctex.cfg
File: ctex.cfg 2022/07/14 v2.5.10 Configuration file (CTEX)
)

Package biblatex Warning: Load 'inputenc' before biblatex.

\@quotelevel=\count426
\@quotereset=\count427
(d:/app/latex/texlive/2024/texmf-dist/tex/latex/cjk/texinput/UTF8/UTF8.enc
File: UTF8.enc 2021/10/16 4.8.5
)
(d:/app/latex/texlive/2024/texmf-dist/tex/latex/cjk/texinput/UTF8/UTF8.chr
File: UTF8.chr 2021/10/16 4.8.5
)
(./en2_to_ch1.aux)
\openout1 = `en2_to_ch1.aux'.

LaTeX Font Info:    Checking defaults for OML/cmm/m/it on input line 29.
LaTeX Font Info:    ... okay on input line 29.
LaTeX Font Info:    Checking defaults for OMS/cmsy/m/n on input line 29.
LaTeX Font Info:    ... okay on input line 29.
LaTeX Font Info:    Checking defaults for OT1/cmr/m/n on input line 29.
LaTeX Font Info:    ... okay on input line 29.
LaTeX Font Info:    Checking defaults for T1/cmr/m/n on input line 29.
LaTeX Font Info:    ... okay on input line 29.
LaTeX Font Info:    Checking defaults for TS1/cmr/m/n on input line 29.
LaTeX Font Info:    ... okay on input line 29.
LaTeX Font Info:    Checking defaults for OMX/cmex/m/n on input line 29.
LaTeX Font Info:    ... okay on input line 29.
LaTeX Font Info:    Checking defaults for U/cmr/m/n on input line 29.
LaTeX Font Info:    ... okay on input line 29.
LaTeX Font Info:    Checking defaults for C00/song/m/n on input line 29.
LaTeX Font Info:    ... okay on input line 29.
LaTeX Font Info:    Checking defaults for C05/song/m/n on input line 29.
LaTeX Font Info:    ... okay on input line 29.
LaTeX Font Info:    Checking defaults for C09/song/m/n on input line 29.
LaTeX Font Info:    ... okay on input line 29.
LaTeX Font Info:    Checking defaults for C10/song/m/n on input line 29.
LaTeX Font Info:    ... okay on input line 29.
LaTeX Font Info:    Checking defaults for C20/song/m/n on input line 29.
LaTeX Font Info:    ... okay on input line 29.
LaTeX Font Info:    Checking defaults for C19/song/m/n on input line 29.
LaTeX Font Info:    ... okay on input line 29.
LaTeX Font Info:    Checking defaults for C40/song/m/n on input line 29.
LaTeX Font Info:    ... okay on input line 29.
LaTeX Font Info:    Checking defaults for C42/song/m/n on input line 29.
LaTeX Font Info:    ... okay on input line 29.
LaTeX Font Info:    Checking defaults for C43/song/m/n on input line 29.
LaTeX Font Info:    ... okay on input line 29.
LaTeX Font Info:    Checking defaults for C50/song/m/n on input line 29.
LaTeX Font Info:    ... okay on input line 29.
LaTeX Font Info:    Checking defaults for C52/song/m/n on input line 29.
LaTeX Font Info:    ... okay on input line 29.
LaTeX Font Info:    Checking defaults for C49/song/m/n on input line 29.
LaTeX Font Info:    ... okay on input line 29.
LaTeX Font Info:    Checking defaults for C60/mj/m/n on input line 29.
LaTeX Font Info:    ... okay on input line 29.
LaTeX Font Info:    Checking defaults for C61/mj/m/n on input line 29.
LaTeX Font Info:    ... okay on input line 29.
LaTeX Font Info:    Checking defaults for C63/mj/m/n on input line 29.
LaTeX Font Info:    ... okay on input line 29.
LaTeX Font Info:    Checking defaults for C64/mj/m/n on input line 29.
LaTeX Font Info:    ... okay on input line 29.
LaTeX Font Info:    Checking defaults for C65/mj/m/n on input line 29.
LaTeX Font Info:    ... okay on input line 29.
LaTeX Font Info:    Checking defaults for C70/song/m/n on input line 29.
LaTeX Font Info:    ... okay on input line 29.
LaTeX Font Info:    Checking defaults for C31/song/m/n on input line 29.
LaTeX Font Info:    ... okay on input line 29.
LaTeX Font Info:    Checking defaults for C32/song/m/n on input line 29.
LaTeX Font Info:    ... okay on input line 29.
LaTeX Font Info:    Checking defaults for C33/song/m/n on input line 29.
LaTeX Font Info:    ... okay on input line 29.
LaTeX Font Info:    Checking defaults for C34/song/m/n on input line 29.
LaTeX Font Info:    ... okay on input line 29.
LaTeX Font Info:    Checking defaults for C35/song/m/n on input line 29.
LaTeX Font Info:    ... okay on input line 29.
LaTeX Font Info:    Checking defaults for C36/song/m/n on input line 29.
LaTeX Font Info:    ... okay on input line 29.
LaTeX Font Info:    Checking defaults for C37/song/m/n on input line 29.
LaTeX Font Info:    ... okay on input line 29.
LaTeX Font Info:    Checking defaults for C80/song/m/n on input line 29.
LaTeX Font Info:    ... okay on input line 29.
LaTeX Font Info:    Checking defaults for C81/song/m/n on input line 29.
LaTeX Font Info:    ... okay on input line 29.
LaTeX Font Info:    Checking defaults for C01/song/m/n on input line 29.
LaTeX Font Info:    ... okay on input line 29.
LaTeX Font Info:    Checking defaults for C11/song/m/n on input line 29.
LaTeX Font Info:    ... okay on input line 29.
LaTeX Font Info:    Checking defaults for C21/song/m/n on input line 29.
LaTeX Font Info:    ... okay on input line 29.
LaTeX Font Info:    Checking defaults for C41/song/m/n on input line 29.
LaTeX Font Info:    ... okay on input line 29.
LaTeX Font Info:    Checking defaults for C62/song/m/n on input line 29.
LaTeX Font Info:    ... okay on input line 29.
Package biblatex Info: Trying to load language 'english'...
Package biblatex Info: ... file 'english.lbx' found.

(d:/app/latex/texlive/2024/texmf-dist/tex/latex/biblatex/lbx/english.lbx
File: english.lbx 2023/03/05 v3.19 biblatex localization (PK/MW)
)
Package biblatex Info: Input encoding 'utf8' detected.
Package biblatex Info: Automatic encoding selection.
(biblatex)             Assuming data encoding 'utf8'.
\openout3 = `en2_to_ch1.bcf'.

Package biblatex Info: Trying to load bibliographic data...
Package biblatex Info: ... file 'en2_to_ch1.bbl' found.

(./en2_to_ch1.bbl)
Package biblatex Info: Reference section=0 on input line 29.
Package biblatex Info: Reference segment=0 on input line 29.

(d:/app/latex/texlive/2024/texmf-dist/tex/context/base/mkii/supp-pdf.mkii
[Loading MPS to PDF converter (version 2006.09.02).]
\scratchcounter=\count428
\scratchdimen=\dimen174
\scratchbox=\box59
\nofMPsegments=\count429
\nofMParguments=\count430
\everyMPshowfont=\toks27
\MPscratchCnt=\count431
\MPscratchDim=\dimen175
\MPnumerator=\count432
\makeMPintoPDFobject=\count433
\everyMPtoPDFconversion=\toks28
)
(d:/app/latex/texlive/2024/texmf-dist/tex/latex/epstopdf-pkg/epstopdf-base.sty
Package: epstopdf-base 2020-01-24 v2.11 Base part for package epstopdf
Package epstopdf-base Info: Redefining graphics rule for `.eps' on input line 4
85.

(d:/app/latex/texlive/2024/texmf-dist/tex/latex/latexconfig/epstopdf-sys.cfg
File: epstopdf-sys.cfg 2010/07/13 v1.3 Configuration of (r)epstopdf for TeX Liv
e
))
LaTeX Font Info:    Trying to load font information for C70+rm on input line 43
.

(d:/app/latex/texlive/2024/texmf-dist/tex/latex/ctex/fd/c70rm.fd
File: c70rm.fd 2022/07/14 v2.5.10 Chinese font definition (CTEX)
)
Package CJKpunct Info: use punctuation spaces for family 'rm' with punctstyle (
quanjiao) on input line 43.
LaTeX Font Info:    Trying to load font information for U+msa on input line 43.


(d:/app/latex/texlive/2024/texmf-dist/tex/latex/amsfonts/umsa.fd
File: umsa.fd 2013/01/14 v3.01 AMS symbols A
)
LaTeX Font Info:    Trying to load font information for U+msb on input line 43.


(d:/app/latex/texlive/2024/texmf-dist/tex/latex/amsfonts/umsb.fd
File: umsb.fd 2013/01/14 v3.01 AMS symbols B
)

LaTeX Warning: No \author given.


(d:/app/latex/texlive/2024/texmf-dist/tex/generic/ctex/zhmap/ctex-zhmap-windows
.tex
File: ctex-zhmap-windows.tex 2022/07/14 v2.5.10 Windows font map loader for pdf
TeX and DVIPDFMx (CTEX)
{d:/app/latex/texlive/2024/texmf-var/fonts/map/pdftex/updmap/pdftex.map}{UGBK.s
fd}{Unicode.sfd}) [1

]
Underfull \hbox (badness 6641) in paragraph at lines 99--100
[]\C70/rm/m/n/10/57 ( \C70/rm/m/n/10/6b d \C70/rm/m/n/10/80 Ã \C70/rm/m/n/10/66
 o \C70/rm/m/n/10/4e |\C70/rm/m/n/10/ff ^^L| \C70/rm/m/n/10/67 , \C70/rm/m/n/1
0/65 á \C70/rm/m/n/10/63 – \C70/rm/m/n/10/51 ˙ \C70/rm/m/n/10/4e Ü ^^@ \C70/rm/
m/n/10/79 Õ \C70/rm/m/n/10/58 û \C70/rm/m/n/10/5f : \C70/rm/m/n/10/76 Ñ\OT1/cmr
/m/n/10 AMC\C70/rm/m/n/10/65 π \C70/rm/m/n/10/6c ’|\C70/rm/m/n/10/ff ^^L| \C70/
rm/m/n/10/8b Â \C70/rm/m/n/10/65 π \C70/rm/m/n/10/6c ’ \C70/rm/m/n/10/96 ∆ \C70
/rm/m/n/10/62 ^^P \C70/rm/m/n/10/4e Ü \C70/rm/m/n/10/6d ˜
 []

[2]
Underfull \hbox (badness 7291) in paragraph at lines 134--135
[]\OT1/cmr/m/n/10 RML2016.10a\C70/rm/m/n/10/65 p \C70/rm/m/n/10/63 n \C70/rm/m/
n/10/96 ∆ \C70/rm/m/n/10/53 ^^E \C70/rm/m/n/10/54 +\OT1/cmr/m/n/10 11\C70/rm/m/
n/10/79 Õ \C70/rm/m/n/10/4e ^^M \C70/rm/m/n/10/54 ^^L \C70/rm/m/n/10/76 Ñ \C70/
rm/m/n/10/8c ^^C \C70/rm/m/n/10/52 6 \C70/rm/m/n/10/7c { \C70/rm/m/n/10/57 ã|\C
70/rm/m/n/10/ff ^^L| \C70/rm/m/n/10/6b œ \C70/rm/m/n/10/79 Õ \C70/rm/m/n/10/8c 
^^C \C70/rm/m/n/10/52 6 \C70/rm/m/n/10/7c { \C70/rm/m/n/10/57 ã ( \C70/rm/m/n/1
0/4e ^^M
 []


Underfull \hbox (badness 10000) in paragraph at lines 134--135
\C70/rm/m/n/10/54 ^^L \C70/rm/m/n/10/76 Ñ\OT1/cmr/m/n/10 SNR\C70/rm/m/n/10/67 a
 \C70/rm/m/n/10/4e ˆ  |\C70/rm/m/n/10/ff ^^H|\OT1/cmr/m/n/10 -20dB\C70/rm/m/n/
10/52 0\OT1/cmr/m/n/10 +18dB|\C70/rm/m/n/10/ff ^^L| \C70/rm/m/n/10/6b e \C70/rm
/m/n/10/95 ^^? \C70/rm/m/n/10/4e :\OT1/cmr/m/n/10 2dB|\C70/rm/m/n/10/ff 	| \C70
/rm/m/n/10/75 ^^_ \C70/rm/m/n/10/62 ^^P \C70/rm/m/n/10/4f · \C70/rm/m/n/10/53 ˜
 \C70/rm/m/n/10/68 7 \C70/rm/m/n/10/67 ,|\C70/rm/m/n/10/30 ^^B| \C70/rm/m/n/10/
6b œ \C70/rm/m/n/10/4e *
 []


Underfull \hbox (badness 4686) in paragraph at lines 134--135
\C70/rm/m/n/10/4f · \C70/rm/m/n/10/53 ˜ \C70/rm/m/n/10/68 7 \C70/rm/m/n/10/67 ,
 \C70/rm/m/n/10/75 1\OT1/cmr/m/n/10 128\C70/rm/m/n/10/4e * \C70/rm/m/n/10/59 ^^
M \C70/rm/m/n/10/65 p \C70/rm/m/n/10/91 « \C70/rm/m/n/10/68 7 \C70/rm/m/n/10/70
 π \C70/rm/m/n/10/7e ƒ \C70/rm/m/n/10/62 ^^P|\C70/rm/m/n/10/ff ^^L| \C70/rm/m/n
/10/88 h \C70/rm/m/n/10/79 : \C70/rm/m/n/10/4e : ^^@ * \C70/rm/m/n/10/95 ^^? \C
70/rm/m/n/10/5e ¶ \C70/rm/m/n/10/4e :\OT1/cmr/m/n/10 256\C70/rm/m/n/10/76 Ñ \C7
0/rm/m/n/10/5b û \C70/rm/m/n/10/50 < \C70/rm/m/n/10/54 ^^Q \C70/rm/m/n/10/91 œ|
\C70/rm/m/n/10/ff ^^Z|
 []

<figure/data_processing_pipeline.png, id=170, 1293.633pt x 447.5922pt>
File: figure/data_processing_pipeline.png Graphic file (type png)
<use figure/data_processing_pipeline.png>
Package pdftex.def Info: figure/data_processing_pipeline.png  used on input lin
e 138.
(pdftex.def)             Requested size: 310.4979pt x 107.43114pt.

Underfull \hbox (badness 1005) in paragraph at lines 145--146
\C70/rm/m/n/10/67 , \C70/rm/m/n/10/78 ^^T \C70/rm/m/n/10/7a v \C70/rm/m/n/10/91
 « \C70/rm/m/n/10/75 ( \C70/rm/m/n/10/51 l \C70/rm/m/n/10/5f ^^@ \C70/rm/m/n/10
/76 Ñ\OT1/cmr/m/n/10 RML2016.10a\C70/rm/m/n/10/65 p \C70/rm/m/n/10/63 n \C70/rm
/m/n/10/96 ∆ \C70/rm/m/n/10/8f € \C70/rm/m/n/10/88 L \C70/rm/m/n/10/81 Í \C70/r
m/m/n/10/52 ® \C70/rm/m/n/10/8c ^^C \C70/rm/m/n/10/52 6 ^^F \C70/rm/m/n/10/7c {
 \C70/rm/m/n/10/4e ˚ \C70/rm/m/n/10/52 °|\C70/rm/m/n/10/30 ^^B| \C70/rm/m/n/10/
8b Â \C70/rm/m/n/10/65 p \C70/rm/m/n/10/63 n \C70/rm/m/n/10/96 ∆
 []

[3 <./figure/data_processing_pipeline.png>]
Underfull \hbox (badness 2922) in paragraph at lines 164--167
[]\C70/rm/m/n/10/4f · \C70/rm/m/n/10/56 j \C70/rm/m/n/10/6b ‘ |\C70/rm/m/n/10/f
f ^^H|\OT1/cmr/m/n/10 SNR|\C70/rm/m/n/10/ff 	| \C70/rm/m/n/10/5b ö \C70/rm/m/n/
10/4e I : \C70/rm/m/n/10/53 ü \C70/rm/m/n/10/59 À \C70/rm/m/n/10/4f · \C70/rm/m
/n/10/53 ˜ \C70/rm/m/n/10/52 ü \C70/rm/m/n/10/73 á \C70/rm/m/n/10/4e ^^N \C70/r
m/m/n/10/56 j \C70/rm/m/n/10/58  \C70/rm/m/n/10/52 ü \C70/rm/m/n/10/73 á \C70/
rm/m/n/10/4e K \C70/rm/m/n/10/6b ‘|\C70/rm/m/n/10/ff ^^L| \C70/rm/m/n/10/51 v \
C70/rm/m/n/10/7e ø \C70/rm/m/n/10/60 ' \C70/rm/m/n/10/50 < \C70/rm/m/n/10/4e :
 []

[4]
<figure/constellation.png, id=203, 1157.7654pt x 849.1725pt>
File: figure/constellation.png Graphic file (type png)
<use figure/constellation.png>
Package pdftex.def Info: figure/constellation.png  used on input line 221.
(pdftex.def)             Requested size: 155.24895pt x 113.86885pt.
 [5]

pdfTeX warning: pdflatex.exe (file ./figure/lightweight_hybrid_model.pdf): PDF 
inclusion: found PDF version <1.7>, but at most version <1.5> allowed
<figure/lightweight_hybrid_model.pdf, id=218, 2165.08875pt x 178.6675pt>
File: figure/lightweight_hybrid_model.pdf Graphic file (type pdf)
<use figure/lightweight_hybrid_model.pdf>
Package pdftex.def Info: figure/lightweight_hybrid_model.pdf  used on input lin
e 248.
(pdftex.def)             Requested size: 293.2521pt x 24.19812pt.
<figure/enhanced_hybrid_model.pdf, id=219, 1229.4863pt x 404.13184pt>
File: figure/enhanced_hybrid_model.pdf Graphic file (type pdf)
<use figure/enhanced_hybrid_model.pdf>
Package pdftex.def Info: figure/enhanced_hybrid_model.pdf  used on input line 2
55.
(pdftex.def)             Requested size: 310.4979pt x 102.05635pt.
[6{d:/app/latex/texlive/2024/texmf-dist/fonts/enc/dvips/cm-super/cm-super-ts1.e
nc} <./figure/constellation.png> <./figure/lightweight_hybrid_model.pdf>]
[7 <./figure/enhanced_hybrid_model.pdf>] [8]
Underfull \hbox (badness 1005) in paragraph at lines 404--405
\C70/rm/m/n/10/4e : \C70/rm/m/n/10/9a å \C70/rm/m/n/10/8b ¡ \C70/rm/m/n/10/62 @
 \C70/rm/m/n/10/63 – \C70/rm/m/n/10/6d ˜ \C70/rm/m/n/10/54 ^^H \C70/rm/m/n/10/6
7 ∂ Ñ \C70/rm/m/n/10/76 Ñ \C70/rm/m/n/10/67 	 \C70/rm/m/n/10/65 H \C70/rm/m/n/1
0/60 '|\C70/rm/m/n/10/ff ^^L| \C70/rm/m/n/10/62 ^^Q \C70/rm/m/n/10/4e Ï \C70/rm
/m/n/10/99 ñ \C70/rm/m/n/10/51 H \C70/rm/m/n/10/57 (\OT1/cmr/m/n/10 RML2016.10a
\C70/rm/m/n/10/65 p \C70/rm/m/n/10/63 n \C70/rm/m/n/10/96 ∆ \C70/rm/m/n/10/4e 
 \C70/rm/m/n/10/8b ƒ \C70/rm/m/n/10/4f 0 \C70/rm/m/n/10/4e Ü
 []


Underfull \hbox (badness 3179) in paragraph at lines 404--405
\C70/rm/m/n/10/59 ^^Z \C70/rm/m/n/10/79 Õ \C70/rm/m/n/10/57 ˙ \C70/rm/m/n/10/7e
 ø \C70/rm/m/n/10/6a ! \C70/rm/m/n/10/57 ã \C70/rm/m/n/10/76 Ñ \C70/rm/m/n/10/6
0 ' \C70/rm/m/n/10/80 ˝|\C70/rm/m/n/10/ff ^^L| \C70/rm/m/n/10/53 ^^E \C70/rm/m/
n/10/62 Ï \C70/rm/m/n/10/51 h \C70/rm/m/n/10/8f ﬁ \C70/rm/m/n/10/63 • \C70/rm/m
/n/10/79 ^ \C70/rm/m/n/10/7e œ \C70/rm/m/n/10/7f Q \C70/rm/m/n/10/7e ‹ |\C70/rm
/m/n/10/ff ^^H|\OT1/cmr/m/n/10 FCNN|\C70/rm/m/n/10/ff 	||\C70/rm/m/n/10/30 ^^A|
 \C70/rm/m/n/10/4e ^^@ \C70/rm/m/n/10/7e Ù \C70/rm/m/n/10/53 w \C70/rm/m/n/10/7
9 Ô ^ \C70/rm/m/n/10/7e œ
 []


Underfull \hbox (badness 2894) in paragraph at lines 404--405
\C70/rm/m/n/10/7f Q \C70/rm/m/n/10/7e ‹ |\C70/rm/m/n/10/ff ^^H|\OT1/cmr/m/n/10 
CNN1D|\C70/rm/m/n/10/ff 	||\C70/rm/m/n/10/30 ^^A| \C70/rm/m/n/10/4e å \C70/rm/m
/n/10/7e Ù \C70/rm/m/n/10/53 w \C70/rm/m/n/10/79 Ô ^ \C70/rm/m/n/10/7e œ \C70/r
m/m/n/10/7f Q \C70/rm/m/n/10/7e ‹ |\C70/rm/m/n/10/ff ^^H|\OT1/cmr/m/n/10 CNN2D|
\C70/rm/m/n/10/ff 	||\C70/rm/m/n/10/30 ^^A| \C70/rm/m/n/10/6b ã \C70/rm/m/n/10/
5d Ó \C70/rm/m/n/10/7f Q \C70/rm/m/n/10/7e ‹ |\C70/rm/m/n/10/ff ^^H|\OT1/cmr/m/
n/10 ResNet|\C70/rm/m/n/10/ff 	||\C70/rm/m/n/10/30 ^^A|
 []

[9]
<figure/snr_performance_comparison.pdf, id=310, 1293.60732pt x 570.17455pt>
File: figure/snr_performance_comparison.pdf Graphic file (type pdf)
<use figure/snr_performance_comparison.pdf>
Package pdftex.def Info: figure/snr_performance_comparison.pdf  used on input l
ine 428.
(pdftex.def)             Requested size: 155.24895pt x 68.42668pt.
<figure/baseline_model_comparison.pdf, id=311, 859.85051pt x 570.64536pt>
File: figure/baseline_model_comparison.pdf Graphic file (type pdf)
<use figure/baseline_model_comparison.pdf>
Package pdftex.def Info: figure/baseline_model_comparison.pdf  used on input li
ne 439.
(pdftex.def)             Requested size: 155.24895pt x 103.02519pt.
 [10 <./figure/snr_performance_comparison.pdf>]
<figure/constellation_denoising.png, id=405, 1717.1352pt x 570.2103pt>
File: figure/constellation_denoising.png Graphic file (type png)
<use figure/constellation_denoising.png>
Package pdftex.def Info: figure/constellation_denoising.png  used on input line
 475.
(pdftex.def)             Requested size: 155.24895pt x 51.55162pt.
 [11 <./figure/baseline_model_comparison.pdf> <./figure/constellation_denoising
.png>]
Underfull \hbox (badness 2103) in paragraph at lines 482--483
\C70/rm/m/n/10/80 ^^L \C70/rm/m/n/10/57 ( \C70/rm/m/n/10/4e - \C70/rm/m/n/10/4f
 N · \C70/rm/m/n/10/56 j \C70/rm/m/n/10/6b ‘ \C70/rm/m/n/10/67 a \C70/rm/m/n/10
/4e ˆ |\C70/rm/m/n/10/ff ^^H|\OT1/cmr/m/n/10 -12dB\C70/rm/m/n/10/81 Û\OT1/cmr/m
/n/10 -10dB|\C70/rm/m/n/10/ff 	| \C70/rm/m/n/10/4e |\C70/rm/m/n/10/ff ^^L| \C7
0/rm/m/n/10/63 – \C70/rm/m/n/10/53 G \C70/rm/m/n/10/65 H \C70/rm/m/n/10/67 ú \C
70/rm/m/n/10/8f æ \C70/rm/m/n/10/52 0 \C70/rm/m/n/10/5c  \C70/rm/m/n/10/50 <|\
C70/rm/m/n/10/ff ^^L| \C70/rm/m/n/10/52 ^^F + \C70/rm/m/n/10/53 ÷
 []


Underfull \hbox (badness 4205) in paragraph at lines 482--483
\C70/rm/m/n/10/5f ó \C70/rm/m/n/10/4e Ü\OT1/cmr/m/n/10 11.53%\C70/rm/m/n/10/54 
å\OT1/cmr/m/n/10 14.90%\C70/rm/m/n/10/76 Ñ \C70/rm/m/n/10/66 > \C70/rm/m/n/10/8
4 W \C70/rm/m/n/10/58 û \C70/rm/m/n/10/76  |\C70/rm/m/n/10/30 ^^B| \C70/rm/m/n/
10/57 ( \C70/rm/m/n/10/4e - \C70/rm/m/n/10/4f · \C70/rm/m/n/10/56 j \C70/rm/m/n
/10/6b ‘ \C70/rm/m/n/10/67 a \C70/rm/m/n/10/4e ˆ |\C70/rm/m/n/10/ff ^^H|\OT1/cm
r/m/n/10 0dB|\C70/rm/m/n/10/ff 	| \C70/rm/m/n/10/4e |\C70/rm/m/n/10/ff ^^L| \C
70/rm/m/n/10/51 ∆ \C70/rm/m/n/10/78 n \C70/rm/m/n/10/73 á
 []

[12]
<figure/QAM16_rotation.png, id=508, 758.835pt x 641.0349pt>
File: figure/QAM16_rotation.png Graphic file (type png)
<use figure/QAM16_rotation.png>
Package pdftex.def Info: figure/QAM16_rotation.png  used on input line 554.
(pdftex.def)             Requested size: 155.24895pt x 131.1489pt.

Underfull \hbox (badness 2310) in paragraph at lines 563--564
\C70/rm/m/n/10/62 @ \C70/rm/m/n/10/63 – \C70/rm/m/n/10/51 ˙ \C70/rm/m/n/10/76 Ñ
 \C70/rm/m/n/10/6d ˜ \C70/rm/m/n/10/54 ^^H\OT1/cmr/m/n/10 ComplexCNN-ResNet\C70
/rm/m/n/10/67 ∂ Ñ \C70/rm/m/n/10/57 (\OT1/cmr/m/n/10 RML2016.10a\C70/rm/m/n/10/
65 p \C70/rm/m/n/10/63 n \C70/rm/m/n/10/96 ∆ \C70/rm/m/n/10/4e 
 \C70/rm/m/n/10/53 ÷ \C70/rm/m/n/10/5f ó \C70/rm/m/n/10/4e Ü \C70/rm/m/n/10/66 
>
 []


Underfull \hbox (badness 1859) in paragraph at lines 563--564
\C70/rm/m/n/10/84 W \C70/rm/m/n/10/76 Ñ \C70/rm/m/n/10/60 ' \C70/rm/m/n/10/80 ˝
 \C70/rm/m/n/10/63 – \C70/rm/m/n/10/53 G|\C70/rm/m/n/10/ff ^^L| \C70/rm/m/n/10/
67 ^^@ \C70/rm/m/n/10/7e » \C70/rm/m/n/10/52 ^^F \C70/rm/m/n/10/7c { \C70/rm/m/
n/10/51 ∆ \C70/rm/m/n/10/78 n \C70/rm/m/n/10/73 á \C70/rm/m/n/10/8f æ \C70/rm/m
/n/10/52 0\OT1/cmr/m/n/10 65.38%|\C70/rm/m/n/10/30 ^^B| \C70/rm/m/n/10/8f Ÿ \C7
0/rm/m/n/10/76 ¯ \C70/rm/m/n/10/6b ‘ \C70/rm/m/n/10/4e é \C70/rm/m/n/10/67 ^^@ 
\C70/rm/m/n/10/4f ^^X \C70/rm/m/n/10/53 U \C70/rm/m/n/10/4e ^^@ \C70/rm/m/n/10/
57 ˙ \C70/rm/m/n/10/7e ø \C70/rm/m/n/10/67 ∂
 []

[13 <./figure/QAM16_rotation.png>]
<figure/sorted_stacked_comparison.png, id=514, 1148.6112pt x 714.0276pt>
File: figure/sorted_stacked_comparison.png Graphic file (type png)
<use figure/sorted_stacked_comparison.png>
Package pdftex.def Info: figure/sorted_stacked_comparison.png  used on input li
ne 573.
(pdftex.def)             Requested size: 155.24895pt x 96.50941pt.
<figure/validation_accuracy_convergence.pdf, id=515, 711.00507pt x 421.575pt>
File: figure/validation_accuracy_convergence.pdf Graphic file (type pdf)
<use figure/validation_accuracy_convergence.pdf>
Package pdftex.def Info: figure/validation_accuracy_convergence.pdf  used on in
put line 598.
(pdftex.def)             Requested size: 155.24895pt x 92.04561pt.
 [14 <./figure/sorted_stacked_comparison.png>] [15 <./figure/validation_accurac
y_convergence.pdf>]
Underfull \hbox (badness 4391) in paragraph at lines 644--645
[]\C70/rm/m/n/10/50 < \C70/rm/m/n/10/5f ó \C70/rm/m/n/10/6c Ë \C70/rm/m/n/10/61
 ^^O \C70/rm/m/n/10/76 Ñ \C70/rm/m/n/10/66 /|\C70/rm/m/n/10/ff ^^L| \C70/rm/m/n
/10/4e $ \C70/rm/m/n/10/79 Õ \C70/rm/m/n/10/58 û \C70/rm/m/n/10/5f : \C70/rm/m/
n/10/62 Ä \C70/rm/m/n/10/67 / \C70/rm/m/n/10/76 Ñ \C70/rm/m/n/10/7e ƒ \C70/rm/m
/n/10/54 ^^H \C70/rm/m/n/10/4f ^^? \C70/rm/m/n/10/75 ( \C70/rm/m/n/10/66 > \C70
/rm/m/n/10/79 : \C70/rm/m/n/10/51 ˙ \C70/rm/m/n/10/67 	 \C70/rm/m/n/10/96 P \C7
0/rm/m/n/10/76 Ñ \C70/rm/m/n/10/53 O \C70/rm/m/n/10/54 ^^L \C70/rm/m/n/10/65 H 
\C70/rm/m/n/10/5e î|\C70/rm/m/n/10/30 ^^B|
 []

<figure/stacked_ablation_analysis.pdf, id=602, 1004.425pt x 570.06476pt>
File: figure/stacked_ablation_analysis.pdf Graphic file (type pdf)
<use figure/stacked_ablation_analysis.pdf>
Package pdftex.def Info: figure/stacked_ablation_analysis.pdf  used on input li
ne 648.
(pdftex.def)             Requested size: 155.24895pt x 88.10686pt.
[16 <./figure/stacked_ablation_analysis.pdf>]
Underfull \hbox (badness 10000) in paragraph at lines 680--681
[]\OT1/cmr/m/n/10 (3) \C70/rm/bx/n/10/6d ˜ \C70/rm/bx/n/10/54 ^^H \C70/rm/bx/n/
10/79 ^ \C70/rm/bx/n/10/7e œ \C70/rm/bx/n/10/7f Q \C70/rm/bx/n/10/7e ‹ \C70/rm/
bx/n/10/67 ∂ Ñ|\C70/rm/bx/n/10/ff ^^Z|  \C70/rm/m/n/10/52 ^^[ \C70/rm/m/n/10/65
 ∞ \C70/rm/m/n/10/60 ' \C70/rm/m/n/10/57 0 \C70/rm/m/n/10/5c ^^F\OT1/cmr/m/n/10
 ResNet\C70/rm/m/n/10/76 Ñ \C70/rm/m/n/10/6b ã \C70/rm/m/n/10/5d Ó \C70/rm/m/n/
10/5b f \C70/rm/m/n/10/4e ` \C70/rm/m/n/10/80 ˝ \C70/rm/m/n/10/52 õ
 []

[17]
Underfull \hbox (badness 1496) in paragraph at lines 694--695
\C70/rm/m/n/10/5c = \C70/rm/m/n/10/7b ° \C70/rm/m/n/10/67 , \C70/rm/m/n/10/78 ^
^T \C70/rm/m/n/10/7a v \C70/rm/m/n/10/53 ÷ \C70/rm/m/n/10/5f ó \C70/rm/m/n/10/4
e Ü \C70/rm/m/n/10/66 > \C70/rm/m/n/10/84 W \C70/rm/m/n/10/62 ^^P \C70/rm/m/n/1
0/67 ú|\C70/rm/m/n/10/ff ^^L| \C70/rm/m/n/10/4f F \C70/rm/m/n/10/4e Õ \C70/rm/m
/n/10/5b X \C70/rm/m/n/10/57 ( \C70/rm/m/n/10/4e ^^@ \C70/rm/m/n/10/5b ö \C70/r
m/m/n/10/76 Ñ \C70/rm/m/n/10/5c @ \C70/rm/m/n/10/96 P \C70/rm/m/n/10/60 '|\C70/
rm/m/n/10/30 ^^B| \C70/rm/m/n/10/5f S \C70/rm/m/n/10/52 M \C70/rm/m/n/10/65 π \
C70/rm/m/n/10/6c ’ \C70/rm/m/n/10/4e ; \C70/rm/m/n/10/89 Å \C70/rm/m/n/10/94 à
 []

[18] [19] [20] (./en2_to_ch1.aux)
 ***********
LaTeX2e <2023-11-01> patch level 1
L3 programming layer <2022/07/14>
 ***********


LaTeX Warning: There were undefined references.


LaTeX Warning: Label(s) may have changed. Rerun to get cross-references right.


Package biblatex Warning: Please rerun LaTeX.

Package logreq Info: Writing requests to 'en2_to_ch1.run.xml'.
\openout1 = `en2_to_ch1.run.xml'.

 ) 
Here is how much of TeX's memory you used:
 17259 strings out of 474116
 320197 string characters out of 5742687
 1968190 words of memory out of 5000000
 38934 multiletter control sequences out of 15000+600000
 652992 words of font info for 386 fonts, out of 8000000 for 9000
 1141 hyphenation exceptions out of 8191
 80i,17n,83p,1395b,1334s stack positions out of 10000i,1000n,20000p,200000b,200000s
<c:/Windows/Fonts/simhei.ttf><c:/Windows/Fonts/simhei.ttf><c:/Windows/Fonts/s
imhei.ttf><c:/Windows/Fonts/simsun.ttc><c:/Windows/Fonts/simhei.ttf><c:/Windows
/Fonts/simhei.ttf><c:/Windows/Fonts/simsun.ttc><c:/Windows/Fonts/simsun.ttc><c:
/Windows/Fonts/simhei.ttf><c:/Windows/Fonts/simhei.ttf><c:/Windows/Fonts/simhei
.ttf><c:/Windows/Fonts/simhei.ttf><c:/Windows/Fonts/simhei.ttf><c:/Windows/Font
s/simhei.ttf><c:/Windows/Fonts/simhei.ttf><c:/Windows/Fonts/simhei.ttf><c:/Wind
ows/Fonts/simhei.ttf><c:/Windows/Fonts/simhei.ttf><c:/Windows/Fonts/simhei.ttf>
<c:/Windows/Fonts/simhei.ttf><c:/Windows/Fonts/simhei.ttf><c:/Windows/Fonts/sim
hei.ttf><c:/Windows/Fonts/simhei.ttf><c:/Windows/Fonts/simhei.ttf><c:/Windows/F
onts/simhei.ttf><c:/Windows/Fonts/simhei.ttf><c:/Windows/Fonts/simhei.ttf><c:/W
indows/Fonts/simhei.ttf><c:/Windows/Fonts/simsun.ttc><c:/Windows/Fonts/simhei.t
tf><c:/Windows/Fonts/simhei.ttf><c:/Windows/Fonts/simhei.ttf><c:/Windows/Fonts/
simhei.ttf><c:/Windows/Fonts/simsun.ttc><c:/Windows/Fonts/simhei.ttf><c:/Window
s/Fonts/simhei.ttf><c:/Windows/Fonts/simhei.ttf><c:/Windows/Fonts/simhei.ttf><c
:/Windows/Fonts/simhei.ttf><c:/Windows/Fonts/simhei.ttf><c:/Windows/Fonts/simhe
i.ttf><c:/Windows/Fonts/simsun.ttc><c:/Windows/Fonts/simsun.ttc><c:/Windows/Fon
ts/simsun.ttc><c:/Windows/Fonts/simhei.ttf><c:/Windows/Fonts/simhei.ttf><c:/Win
dows/Fonts/simhei.ttf><c:/Windows/Fonts/simhei.ttf><c:/Windows/Fonts/simsun.ttc
><c:/Windows/Fonts/simhei.ttf><c:/Windows/Fonts/simhei.ttf><c:/Windows/Fonts/si
mhei.ttf><c:/Windows/Fonts/simhei.ttf><c:/Windows/Fonts/simhei.ttf><c:/Windows/
Fonts/simhei.ttf><c:/Windows/Fonts/simsun.ttc><c:/Windows/Fonts/simsun.ttc><c:/
Windows/Fonts/simhei.ttf><c:/Windows/Fonts/simhei.ttf><c:/Windows/Fonts/simhei.
ttf><c:/Windows/Fonts/simhei.ttf><c:/Windows/Fonts/simhei.ttf><c:/Windows/Fonts
/simhei.ttf><c:/Windows/Fonts/simhei.ttf><c:/Windows/Fonts/simsun.ttc><c:/Windo
ws/Fonts/simsun.ttc><c:/Windows/Fonts/simsun.ttc><c:/Windows/Fonts/simsun.ttc><
c:/Windows/Fonts/simsun.ttc><c:/Windows/Fonts/simhei.ttf><c:/Windows/Fonts/simh
ei.ttf><c:/Windows/Fonts/simhei.ttf><c:/Windows/Fonts/simhei.ttf><c:/Windows/Fo
nts/simhei.ttf><c:/Windows/Fonts/simhei.ttf><c:/Windows/Fonts/simsun.ttc><c:/Wi
ndows/Fonts/simsun.ttc><c:/Windows/Fonts/simsun.ttc><c:/Windows/Fonts/simsun.tt
c><c:/Windows/Fonts/simsun.ttc><c:/Windows/Fonts/simsun.ttc><c:/Windows/Fonts/s
imsun.ttc><c:/Windows/Fonts/simsun.ttc><c:/Windows/Fonts/simsun.ttc><c:/Windows
/Fonts/simsun.ttc><c:/Windows/Fonts/simsun.ttc><c:/Windows/Fonts/simsun.ttc><c:
/Windows/Fonts/simsun.ttc><c:/Windows/Fonts/simsun.ttc><c:/Windows/Fonts/simsun
.ttc><c:/Windows/Fonts/simsun.ttc><c:/Windows/Fonts/simsun.ttc><c:/Windows/Font
s/simsun.ttc><c:/Windows/Fonts/simsun.ttc><c:/Windows/Fonts/simsun.ttc><c:/Wind
ows/Fonts/simsun.ttc><c:/Windows/Fonts/simsun.ttc><c:/Windows/Fonts/simsun.ttc>
<c:/Windows/Fonts/simsun.ttc><c:/Windows/Fonts/simsun.ttc><c:/Windows/Fonts/sim
sun.ttc><c:/Windows/Fonts/simsun.ttc><c:/Windows/Fonts/simsun.ttc><c:/Windows/F
onts/simsun.ttc><c:/Windows/Fonts/simsun.ttc><c:/Windows/Fonts/simsun.ttc><c:/W
indows/Fonts/simsun.ttc><c:/Windows/Fonts/simsun.ttc><c:/Windows/Fonts/simsun.t
tc><c:/Windows/Fonts/simsun.ttc><c:/Windows/Fonts/simsun.ttc><c:/Windows/Fonts/
simsun.ttc><c:/Windows/Fonts/simsun.ttc><c:/Windows/Fonts/simsun.ttc><c:/Window
s/Fonts/simsun.ttc><c:/Windows/Fonts/simsun.ttc><c:/Windows/Fonts/simsun.ttc><c
:/Windows/Fonts/simsun.ttc><c:/Windows/Fonts/simsun.ttc><c:/Windows/Fonts/simsu
n.ttc><c:/Windows/Fonts/simsun.ttc><c:/Windows/Fonts/simsun.ttc><c:/Windows/Fon
ts/simsun.ttc><c:/Windows/Fonts/simsun.ttc><c:/Windows/Fonts/simsun.ttc><c:/Win
dows/Fonts/simsun.ttc><c:/Windows/Fonts/simsun.ttc><c:/Windows/Fonts/simsun.ttc
><c:/Windows/Fonts/simsun.ttc><c:/Windows/Fonts/simsun.ttc><c:/Windows/Fonts/si
msun.ttc><c:/Windows/Fonts/simsun.ttc><c:/Windows/Fonts/simsun.ttc><c:/Windows/
Fonts/simsun.ttc><c:/Windows/Fonts/simsun.ttc><c:/Windows/Fonts/simsun.ttc><c:/
Windows/Fonts/simsun.ttc><d:/app/latex/texlive/2024/texmf-dist/fonts/type1/publ
ic/amsfonts/cm/cmbx10.pfb><d:/app/latex/texlive/2024/texmf-dist/fonts/type1/pub
lic/amsfonts/cm/cmbx12.pfb><d:/app/latex/texlive/2024/texmf-dist/fonts/type1/pu
blic/amsfonts/cm/cmbx8.pfb><d:/app/latex/texlive/2024/texmf-dist/fonts/type1/pu
blic/amsfonts/cm/cmbx9.pfb><d:/app/latex/texlive/2024/texmf-dist/fonts/type1/pu
blic/amsfonts/cm/cmcsc10.pfb><d:/app/latex/texlive/2024/texmf-dist/fonts/type1/
public/amsfonts/cm/cmex10.pfb><d:/app/latex/texlive/2024/texmf-dist/fonts/type1
/public/amsfonts/cm/cmmi10.pfb><d:/app/latex/texlive/2024/texmf-dist/fonts/type
1/public/amsfonts/cm/cmmi5.pfb><d:/app/latex/texlive/2024/texmf-dist/fonts/type
1/public/amsfonts/cm/cmmi7.pfb><d:/app/latex/texlive/2024/texmf-dist/fonts/type
1/public/amsfonts/cm/cmr10.pfb><d:/app/latex/texlive/2024/texmf-dist/fonts/type
1/public/amsfonts/cm/cmr12.pfb><d:/app/latex/texlive/2024/texmf-dist/fonts/type
1/public/amsfonts/cm/cmr17.pfb><d:/app/latex/texlive/2024/texmf-dist/fonts/type
1/public/amsfonts/cm/cmr5.pfb><d:/app/latex/texlive/2024/texmf-dist/fonts/type1
/public/amsfonts/cm/cmr6.pfb><d:/app/latex/texlive/2024/texmf-dist/fonts/type1/
public/amsfonts/cm/cmr7.pfb><d:/app/latex/texlive/2024/texmf-dist/fonts/type1/p
ublic/amsfonts/cm/cmr8.pfb><d:/app/latex/texlive/2024/texmf-dist/fonts/type1/pu
blic/amsfonts/cm/cmr9.pfb><d:/app/latex/texlive/2024/texmf-dist/fonts/type1/pub
lic/amsfonts/cm/cmsy10.pfb><d:/app/latex/texlive/2024/texmf-dist/fonts/type1/pu
blic/amsfonts/cm/cmsy7.pfb><d:/app/latex/texlive/2024/texmf-dist/fonts/type1/pu
blic/amsfonts/cm/cmti10.pfb><d:/app/latex/texlive/2024/texmf-dist/fonts/type1/p
ublic/amsfonts/cm/cmtt10.pfb><d:/app/latex/texlive/2024/texmf-dist/fonts/type1/
public/amsfonts/cm/cmtt9.pfb><d:/app/latex/texlive/2024/texmf-dist/fonts/type1/
public/amsfonts/symbols/msam10.pfb><d:/app/latex/texlive/2024/texmf-dist/fonts/
type1/public/amsfonts/symbols/msbm10.pfb><d:/app/latex/texlive/2024/texmf-dist/
fonts/type1/public/cm-super/sfbx0800.pfb><d:/app/latex/texlive/2024/texmf-dist/
fonts/type1/public/cm-super/sfrm1000.pfb>
Output written on en2_to_ch1.pdf (20 pages, 2360306 bytes).
PDF statistics:
 1229 PDF objects out of 1440 (max. 8388607)
 604 compressed objects within 7 object streams
 0 named destinations out of 1000 (max. 500000)
 368 words of extra memory for PDF output out of 10000 (max. 10000000)

