This is pdfTeX, Version 3.141592653-2.6-1.40.26 (TeX Live 2024) (preloaded format=pdflatex 2024.7.22)  3 JUN 2025 11:34
entering extended mode
 restricted \write18 enabled.
 %&-line parsing enabled.
**radio_modulation_classification.tex
(./radio_modulation_classification.tex
LaTeX2e <2023-11-01> patch level 1
L3 programming layer <2024-02-20>
(d:/app/latex/texlive/2024/texmf-dist/tex/latex/ieeetran/IEEEtran.cls
Document Class: IEEEtran 2015/08/26 V1.8b by Michael Shell
-- See the "IEEEtran_HOWTO" manual for usage information.
-- http://www.michaelshell.org/tex/ieeetran/
\@IEEEtrantmpdimenA=\dimen140
\@IEEEtrantmpdimenB=\dimen141
\@IEEEtrantmpdimenC=\dimen142
\@IEEEtrantmpcountA=\count188
\@IEEEtrantmpcountB=\count189
\@IEEEtrantmpcountC=\count190
\@IEEEtrantmptoksA=\toks17
LaTeX Font Info:    Trying to load font information for OT1+ptm on input line 5
03.
(d:/app/latex/texlive/2024/texmf-dist/tex/latex/psnfss/ot1ptm.fd
File: ot1ptm.fd 2001/06/04 font definitions for OT1/ptm.
)
-- Using 8.5in x 11in (letter) paper.
-- Using PDF output.
\@IEEEnormalsizeunitybaselineskip=\dimen143
-- This is a 10 point document.
\CLASSINFOnormalsizebaselineskip=\dimen144
\CLASSINFOnormalsizeunitybaselineskip=\dimen145
\IEEEnormaljot=\dimen146
LaTeX Font Info:    Font shape `OT1/ptm/bx/n' in size <5> not available
(Font)              Font shape `OT1/ptm/b/n' tried instead on input line 1090.
LaTeX Font Info:    Font shape `OT1/ptm/bx/it' in size <5> not available
(Font)              Font shape `OT1/ptm/b/it' tried instead on input line 1090.

LaTeX Font Info:    Font shape `OT1/ptm/bx/n' in size <7> not available
(Font)              Font shape `OT1/ptm/b/n' tried instead on input line 1090.
LaTeX Font Info:    Font shape `OT1/ptm/bx/it' in size <7> not available
(Font)              Font shape `OT1/ptm/b/it' tried instead on input line 1090.

LaTeX Font Info:    Font shape `OT1/ptm/bx/n' in size <8> not available
(Font)              Font shape `OT1/ptm/b/n' tried instead on input line 1090.
LaTeX Font Info:    Font shape `OT1/ptm/bx/it' in size <8> not available
(Font)              Font shape `OT1/ptm/b/it' tried instead on input line 1090.

LaTeX Font Info:    Font shape `OT1/ptm/bx/n' in size <9> not available
(Font)              Font shape `OT1/ptm/b/n' tried instead on input line 1090.
LaTeX Font Info:    Font shape `OT1/ptm/bx/it' in size <9> not available
(Font)              Font shape `OT1/ptm/b/it' tried instead on input line 1090.

LaTeX Font Info:    Font shape `OT1/ptm/bx/n' in size <10> not available
(Font)              Font shape `OT1/ptm/b/n' tried instead on input line 1090.
LaTeX Font Info:    Font shape `OT1/ptm/bx/it' in size <10> not available
(Font)              Font shape `OT1/ptm/b/it' tried instead on input line 1090.

LaTeX Font Info:    Font shape `OT1/ptm/bx/n' in size <11> not available
(Font)              Font shape `OT1/ptm/b/n' tried instead on input line 1090.
LaTeX Font Info:    Font shape `OT1/ptm/bx/it' in size <11> not available
(Font)              Font shape `OT1/ptm/b/it' tried instead on input line 1090.

LaTeX Font Info:    Font shape `OT1/ptm/bx/n' in size <12> not available
(Font)              Font shape `OT1/ptm/b/n' tried instead on input line 1090.
LaTeX Font Info:    Font shape `OT1/ptm/bx/it' in size <12> not available
(Font)              Font shape `OT1/ptm/b/it' tried instead on input line 1090.

LaTeX Font Info:    Font shape `OT1/ptm/bx/n' in size <17> not available
(Font)              Font shape `OT1/ptm/b/n' tried instead on input line 1090.
LaTeX Font Info:    Font shape `OT1/ptm/bx/it' in size <17> not available
(Font)              Font shape `OT1/ptm/b/it' tried instead on input line 1090.

LaTeX Font Info:    Font shape `OT1/ptm/bx/n' in size <20> not available
(Font)              Font shape `OT1/ptm/b/n' tried instead on input line 1090.
LaTeX Font Info:    Font shape `OT1/ptm/bx/it' in size <20> not available
(Font)              Font shape `OT1/ptm/b/it' tried instead on input line 1090.

LaTeX Font Info:    Font shape `OT1/ptm/bx/n' in size <24> not available
(Font)              Font shape `OT1/ptm/b/n' tried instead on input line 1090.
LaTeX Font Info:    Font shape `OT1/ptm/bx/it' in size <24> not available
(Font)              Font shape `OT1/ptm/b/it' tried instead on input line 1090.

\IEEEquantizedlength=\dimen147
\IEEEquantizedlengthdiff=\dimen148
\IEEEquantizedtextheightdiff=\dimen149
\IEEEilabelindentA=\dimen150
\IEEEilabelindentB=\dimen151
\IEEEilabelindent=\dimen152
\IEEEelabelindent=\dimen153
\IEEEdlabelindent=\dimen154
\IEEElabelindent=\dimen155
\IEEEiednormlabelsep=\dimen156
\IEEEiedmathlabelsep=\dimen157
\IEEEiedtopsep=\skip48
\c@section=\count191
\c@subsection=\count192
\c@subsubsection=\count193
\c@paragraph=\count194
\c@IEEEsubequation=\count195
\abovecaptionskip=\skip49
\belowcaptionskip=\skip50
\c@figure=\count196
\c@table=\count197
\@IEEEeqnnumcols=\count198
\@IEEEeqncolcnt=\count199
\@IEEEsubeqnnumrollback=\count266
\@IEEEquantizeheightA=\dimen158
\@IEEEquantizeheightB=\dimen159
\@IEEEquantizeheightC=\dimen160
\@IEEEquantizeprevdepth=\dimen161
\@IEEEquantizemultiple=\count267
\@IEEEquantizeboxA=\box51
\@IEEEtmpitemindent=\dimen162
\IEEEPARstartletwidth=\dimen163
\c@IEEEbiography=\count268
\@IEEEtranrubishbin=\box52
)
** ATTENTION: Overriding command lockouts (line 2).
(d:/app/latex/texlive/2024/texmf-dist/tex/latex/cite/cite.sty
LaTeX Info: Redefining \cite on input line 302.
LaTeX Info: Redefining \nocite on input line 332.
Package: cite 2015/02/27  v 5.5
)
(d:/app/latex/texlive/2024/texmf-dist/tex/latex/amsmath/amsmath.sty
Package: amsmath 2023/05/13 v2.17o AMS math features
\@mathmargin=\skip51

For additional information on amsmath, use the `?' option.
(d:/app/latex/texlive/2024/texmf-dist/tex/latex/amsmath/amstext.sty
Package: amstext 2021/08/26 v2.01 AMS text

(d:/app/latex/texlive/2024/texmf-dist/tex/latex/amsmath/amsgen.sty
File: amsgen.sty 1999/11/30 v2.0 generic functions
\@emptytoks=\toks18
\ex@=\dimen164
))
(d:/app/latex/texlive/2024/texmf-dist/tex/latex/amsmath/amsbsy.sty
Package: amsbsy 1999/11/29 v1.2d Bold Symbols
\pmbraise@=\dimen165
)
(d:/app/latex/texlive/2024/texmf-dist/tex/latex/amsmath/amsopn.sty
Package: amsopn 2022/04/08 v2.04 operator names
)
\inf@bad=\count269
LaTeX Info: Redefining \frac on input line 234.
\uproot@=\count270
\leftroot@=\count271
LaTeX Info: Redefining \overline on input line 399.
LaTeX Info: Redefining \colon on input line 410.
\classnum@=\count272
\DOTSCASE@=\count273
LaTeX Info: Redefining \ldots on input line 496.
LaTeX Info: Redefining \dots on input line 499.
LaTeX Info: Redefining \cdots on input line 620.
\Mathstrutbox@=\box53
\strutbox@=\box54
LaTeX Info: Redefining \big on input line 722.
LaTeX Info: Redefining \Big on input line 723.
LaTeX Info: Redefining \bigg on input line 724.
LaTeX Info: Redefining \Bigg on input line 725.
\big@size=\dimen166
LaTeX Font Info:    Redeclaring font encoding OML on input line 743.
LaTeX Font Info:    Redeclaring font encoding OMS on input line 744.
\macc@depth=\count274
LaTeX Info: Redefining \bmod on input line 905.
LaTeX Info: Redefining \pmod on input line 910.
LaTeX Info: Redefining \smash on input line 940.
LaTeX Info: Redefining \relbar on input line 970.
LaTeX Info: Redefining \Relbar on input line 971.
\c@MaxMatrixCols=\count275
\dotsspace@=\muskip16
\c@parentequation=\count276
\dspbrk@lvl=\count277
\tag@help=\toks19
\row@=\count278
\column@=\count279
\maxfields@=\count280
\andhelp@=\toks20
\eqnshift@=\dimen167
\alignsep@=\dimen168
\tagshift@=\dimen169
\tagwidth@=\dimen170
\totwidth@=\dimen171
\lineht@=\dimen172
\@envbody=\toks21
\multlinegap=\skip52
\multlinetaggap=\skip53
\mathdisplay@stack=\toks22
LaTeX Info: Redefining \[ on input line 2953.
LaTeX Info: Redefining \] on input line 2954.
)
(d:/app/latex/texlive/2024/texmf-dist/tex/latex/amsfonts/amssymb.sty
Package: amssymb 2013/01/14 v3.01 AMS font symbols

(d:/app/latex/texlive/2024/texmf-dist/tex/latex/amsfonts/amsfonts.sty
Package: amsfonts 2013/01/14 v3.01 Basic AMSFonts support
\symAMSa=\mathgroup4
\symAMSb=\mathgroup5
LaTeX Font Info:    Redeclaring math symbol \hbar on input line 98.
LaTeX Font Info:    Overwriting math alphabet `\mathfrak' in version `bold'
(Font)                  U/euf/m/n --> U/euf/b/n on input line 106.
))
(d:/app/latex/texlive/2024/texmf-dist/tex/latex/algorithms/algorithmic.sty
Package: algorithmic 2009/08/24 v0.1 Document Style `algorithmic'

(d:/app/latex/texlive/2024/texmf-dist/tex/latex/base/ifthen.sty
Package: ifthen 2022/04/13 v1.1d Standard LaTeX ifthen package (DPC)
)
(d:/app/latex/texlive/2024/texmf-dist/tex/latex/graphics/keyval.sty
Package: keyval 2022/05/29 v1.15 key=value parser (DPC)
\KV@toks@=\toks23
)
\c@ALC@unique=\count281
\c@ALC@line=\count282
\c@ALC@rem=\count283
\c@ALC@depth=\count284
\ALC@tlm=\skip54
\algorithmicindent=\skip55
)
(d:/app/latex/texlive/2024/texmf-dist/tex/latex/graphics/graphicx.sty
Package: graphicx 2021/09/16 v1.2d Enhanced LaTeX Graphics (DPC,SPQR)

(d:/app/latex/texlive/2024/texmf-dist/tex/latex/graphics/graphics.sty
Package: graphics 2022/03/10 v1.4e Standard LaTeX Graphics (DPC,SPQR)

(d:/app/latex/texlive/2024/texmf-dist/tex/latex/graphics/trig.sty
Package: trig 2021/08/11 v1.11 sin cos tan (DPC)
)
(d:/app/latex/texlive/2024/texmf-dist/tex/latex/graphics-cfg/graphics.cfg
File: graphics.cfg 2016/06/04 v1.11 sample graphics configuration
)
Package graphics Info: Driver file: pdftex.def on input line 107.

(d:/app/latex/texlive/2024/texmf-dist/tex/latex/graphics-def/pdftex.def
File: pdftex.def 2022/09/22 v1.2b Graphics/color driver for pdftex
))
\Gin@req@height=\dimen173
\Gin@req@width=\dimen174
)
(d:/app/latex/texlive/2024/texmf-dist/tex/latex/base/textcomp.sty
Package: textcomp 2020/02/02 v2.0n Standard LaTeX package
)
(d:/app/latex/texlive/2024/texmf-dist/tex/latex/xcolor/xcolor.sty
Package: xcolor 2023/11/15 v3.01 LaTeX color extensions (UK)

(d:/app/latex/texlive/2024/texmf-dist/tex/latex/graphics-cfg/color.cfg
File: color.cfg 2016/01/02 v1.6 sample color configuration
)
Package xcolor Info: Driver file: pdftex.def on input line 274.

(d:/app/latex/texlive/2024/texmf-dist/tex/latex/graphics/mathcolor.ltx)
Package xcolor Info: Model `cmy' substituted by `cmy0' on input line 1350.
Package xcolor Info: Model `hsb' substituted by `rgb' on input line 1354.
Package xcolor Info: Model `RGB' extended on input line 1366.
Package xcolor Info: Model `HTML' substituted by `rgb' on input line 1368.
Package xcolor Info: Model `Hsb' substituted by `hsb' on input line 1369.
Package xcolor Info: Model `tHsb' substituted by `hsb' on input line 1370.
Package xcolor Info: Model `HSB' substituted by `hsb' on input line 1371.
Package xcolor Info: Model `Gray' substituted by `gray' on input line 1372.
Package xcolor Info: Model `wave' substituted by `hsb' on input line 1373.
)
(d:/app/latex/texlive/2024/texmf-dist/tex/latex/booktabs/booktabs.sty
Package: booktabs 2020/01/12 v1.61803398 Publication quality tables
\heavyrulewidth=\dimen175
\lightrulewidth=\dimen176
\cmidrulewidth=\dimen177
\belowrulesep=\dimen178
\belowbottomsep=\dimen179
\aboverulesep=\dimen180
\abovetopsep=\dimen181
\cmidrulesep=\dimen182
\cmidrulekern=\dimen183
\defaultaddspace=\dimen184
\@cmidla=\count285
\@cmidlb=\count286
\@aboverulesep=\dimen185
\@belowrulesep=\dimen186
\@thisruleclass=\count287
\@lastruleclass=\count288
\@thisrulewidth=\dimen187
)
(d:/app/latex/texlive/2024/texmf-dist/tex/latex/multirow/multirow.sty
Package: multirow 2021/03/15 v2.8 Span multiple rows of a table
\multirow@colwidth=\skip56
\multirow@cntb=\count289
\multirow@dima=\skip57
\bigstrutjot=\dimen188
)
(d:/app/latex/texlive/2024/texmf-dist/tex/latex/subfigure/subfigure.sty
Package: subfigure 2002/03/15 v2.1.5 subfigure package
\subfigtopskip=\skip58
\subfigcapskip=\skip59
\subfigcaptopadj=\dimen189
\subfigbottomskip=\skip60
\subfigcapmargin=\dimen190
\subfiglabelskip=\skip61
\c@subfigure=\count290
\c@lofdepth=\count291
\c@subtable=\count292
\c@lotdepth=\count293

****************************************
* Local config file subfigure.cfg used *
****************************************
(d:/app/latex/texlive/2024/texmf-dist/tex/latex/subfigure/subfigure.cfg)
\subfig@top=\skip62
\subfig@bottom=\skip63
)
(d:/app/latex/texlive/2024/texmf-dist/tex/latex/url/url.sty
\Urlmuskip=\muskip17
Package: url 2013/09/16  ver 3.4  Verb mode for urls, etc.
)
(d:/app/latex/texlive/2024/texmf-dist/tex/latex/ctex/ctex.sty
(d:/app/latex/texlive/2024/texmf-dist/tex/latex/l3kernel/expl3.sty
Package: expl3 2024-02-20 L3 programming layer (loader) 

(d:/app/latex/texlive/2024/texmf-dist/tex/latex/l3backend/l3backend-pdftex.def
File: l3backend-pdftex.def 2024-02-20 L3 backend support: PDF output (pdfTeX)
\l__color_backend_stack_int=\count294
\l__pdf_internal_box=\box55
))
Package: ctex 2022/07/14 v2.5.10 Chinese adapter in LaTeX (CTEX)
 (d:/app/latex/texlive/2024/texmf-dist/tex/latex/ctex/ctexhook.sty
Package: ctexhook 2022/07/14 v2.5.10 Document and package hooks (CTEX)
)
(d:/app/latex/texlive/2024/texmf-dist/tex/latex/ctex/ctexpatch.sty
Package: ctexpatch 2022/07/14 v2.5.10 Patching commands (CTEX)
)
(d:/app/latex/texlive/2024/texmf-dist/tex/latex/base/fix-cm.sty
Package: fix-cm 2020/11/24 v1.1t fixes to LaTeX

(d:/app/latex/texlive/2024/texmf-dist/tex/latex/base/ts1enc.def
File: ts1enc.def 2001/06/05 v3.0e (jk/car/fm) Standard LaTeX file
LaTeX Font Info:    Redeclaring font encoding TS1 on input line 47.
))
\l__ctex_tmp_int=\count295
\l__ctex_tmp_box=\box56
\l__ctex_tmp_dim=\dimen191
\g__ctex_section_depth_int=\count296
\g__ctex_font_size_int=\count297

(d:/app/latex/texlive/2024/texmf-dist/tex/latex/ctex/config/ctexopts.cfg
File: ctexopts.cfg 2022/07/14 v2.5.10 Option configuration file (CTEX)
)
(d:/app/latex/texlive/2024/texmf-dist/tex/latex/ctex/engine/ctex-engine-pdftex.
def
File: ctex-engine-pdftex.def 2022/07/14 v2.5.10 (pdf)LaTeX adapter (CTEX)
 (d:/app/latex/texlive/2024/texmf-dist/tex/latex/cjk/texinput/CJKutf8.sty
Package: CJKutf8 2021/10/16 4.8.5

(d:/app/latex/texlive/2024/texmf-dist/tex/generic/iftex/ifpdf.sty
Package: ifpdf 2019/10/25 v3.4 ifpdf legacy package. Use iftex instead.

(d:/app/latex/texlive/2024/texmf-dist/tex/generic/iftex/iftex.sty
Package: iftex 2022/02/03 v1.0f TeX engine tests
))
(d:/app/latex/texlive/2024/texmf-dist/tex/latex/base/inputenc.sty
Package: inputenc 2021/02/14 v1.3d Input encoding file
\inpenc@prehook=\toks24
\inpenc@posthook=\toks25
)
(d:/app/latex/texlive/2024/texmf-dist/tex/latex/cjk/texinput/CJK.sty
Package: CJK 2021/10/16 4.8.5

(d:/app/latex/texlive/2024/texmf-dist/tex/latex/cjk/texinput/mule/MULEenc.sty
Package: MULEenc 2021/10/16 4.8.5
)
(d:/app/latex/texlive/2024/texmf-dist/tex/latex/cjk/texinput/CJK.enc
File: CJK.enc 2021/10/16 4.8.5
Now handling font encoding C00 ...
... no UTF-8 mapping file for font encoding C00
Now handling font encoding C05 ...
... no UTF-8 mapping file for font encoding C05
Now handling font encoding C09 ...
... no UTF-8 mapping file for font encoding C09
Now handling font encoding C10 ...
... no UTF-8 mapping file for font encoding C10
Now handling font encoding C20 ...
... no UTF-8 mapping file for font encoding C20
Now handling font encoding C19 ...
... no UTF-8 mapping file for font encoding C19
Now handling font encoding C40 ...
... no UTF-8 mapping file for font encoding C40
Now handling font encoding C42 ...
... no UTF-8 mapping file for font encoding C42
Now handling font encoding C43 ...
... no UTF-8 mapping file for font encoding C43
Now handling font encoding C50 ...
... no UTF-8 mapping file for font encoding C50
Now handling font encoding C52 ...
... no UTF-8 mapping file for font encoding C52
Now handling font encoding C49 ...
... no UTF-8 mapping file for font encoding C49
Now handling font encoding C60 ...
... no UTF-8 mapping file for font encoding C60
Now handling font encoding C61 ...
... no UTF-8 mapping file for font encoding C61
Now handling font encoding C63 ...
... no UTF-8 mapping file for font encoding C63
Now handling font encoding C64 ...
... no UTF-8 mapping file for font encoding C64
Now handling font encoding C65 ...
... no UTF-8 mapping file for font encoding C65
Now handling font encoding C70 ...
... no UTF-8 mapping file for font encoding C70
Now handling font encoding C31 ...
... no UTF-8 mapping file for font encoding C31
Now handling font encoding C32 ...
... no UTF-8 mapping file for font encoding C32
Now handling font encoding C33 ...
... no UTF-8 mapping file for font encoding C33
Now handling font encoding C34 ...
... no UTF-8 mapping file for font encoding C34
Now handling font encoding C35 ...
... no UTF-8 mapping file for font encoding C35
Now handling font encoding C36 ...
... no UTF-8 mapping file for font encoding C36
Now handling font encoding C37 ...
... no UTF-8 mapping file for font encoding C37
Now handling font encoding C80 ...
... no UTF-8 mapping file for font encoding C80
Now handling font encoding C81 ...
... no UTF-8 mapping file for font encoding C81
Now handling font encoding C01 ...
... no UTF-8 mapping file for font encoding C01
Now handling font encoding C11 ...
... no UTF-8 mapping file for font encoding C11
Now handling font encoding C21 ...
... no UTF-8 mapping file for font encoding C21
Now handling font encoding C41 ...
... no UTF-8 mapping file for font encoding C41
Now handling font encoding C62 ...
... no UTF-8 mapping file for font encoding C62
)
\CJK@indent=\box57
)
(d:/app/latex/texlive/2024/texmf-dist/tex/latex/base/fontenc.sty
Package: fontenc 2021/04/29 v2.0v Standard LaTeX package
))
(d:/app/latex/texlive/2024/texmf-dist/tex/latex/cjkpunct/CJKpunct.sty
Package: CJKpunct 2016/05/14 4.8.4
\CJKpunct@cnta=\count298
\CJKpunct@cntb=\count299
\CJKpunct@cntc=\count300
\CJKpunct@cntd=\count301
\CJKpunct@cnte=\count302
   defining Unicode char U+2018 (decimal 8216)
   defining Unicode char U+2019 (decimal 8217)
   defining Unicode char U+201C (decimal 8220)
   defining Unicode char U+201D (decimal 8221)
   defining Unicode char U+2014 (decimal 8212)
   defining Unicode char U+2026 (decimal 8230)

(d:/app/latex/texlive/2024/texmf-dist/tex/latex/cjkpunct/CJKpunct.spa))
(d:/app/latex/texlive/2024/texmf-dist/tex/latex/cjk/texinput/CJKspace.sty
Package: CJKspace 2021/10/16 3.8.0
)
(d:/app/latex/texlive/2024/texmf-dist/tex/latex/cjk/texinput/UTF8/UTF8.bdg
File: UTF8.bdg 2021/10/16 4.8.5
)
(d:/app/latex/texlive/2024/texmf-dist/tex/latex/ctex/ctexspa.def
File: ctexspa.def 2022/07/14 v2.5.10 Space info for CJKpunct (CTEX)
)
\ccwd=\dimen192
\l__ctex_ccglue_skip=\skip64
)
\l__ctex_ziju_dim=\dimen193

(d:/app/latex/texlive/2024/texmf-dist/tex/latex/zhnumber/zhnumber.sty
Package: zhnumber 2022/07/14 v3.0 Typesetting numbers with Chinese glyphs
\l__zhnum_scale_int=\count303
\l__zhnum_tmp_int=\count304

(d:/app/latex/texlive/2024/texmf-dist/tex/latex/zhnumber/zhnumber-utf8.cfg
File: zhnumber-utf8.cfg 2022/07/14 v3.0 Chinese numerals with UTF8 encoding
))
(d:/app/latex/texlive/2024/texmf-dist/tex/latex/ctex/scheme/ctex-scheme-plain.d
ef
File: ctex-scheme-plain.def 2022/07/14 v2.5.10 Plain scheme for generic (CTEX)
)
(d:/app/latex/texlive/2024/texmf-dist/tex/latex/ctex/fontset/ctex-fontset-windo
ws.def
File: ctex-fontset-windows.def 2022/07/14 v2.5.10 Windows fonts definition (CTE
X)
)) (d:/app/latex/texlive/2024/texmf-dist/tex/latex/ctex/config/ctex.cfg
File: ctex.cfg 2022/07/14 v2.5.10 Configuration file (CTEX)
)
(d:/app/latex/texlive/2024/texmf-dist/tex/latex/cjk/texinput/UTF8/UTF8.enc
File: UTF8.enc 2021/10/16 4.8.5
)
(d:/app/latex/texlive/2024/texmf-dist/tex/latex/cjk/texinput/UTF8/UTF8.chr
File: UTF8.chr 2021/10/16 4.8.5
)
(./radio_modulation_classification.aux)
\openout1 = `radio_modulation_classification.aux'.

LaTeX Font Info:    Checking defaults for OML/cmm/m/it on input line 18.
LaTeX Font Info:    ... okay on input line 18.
LaTeX Font Info:    Checking defaults for OMS/cmsy/m/n on input line 18.
LaTeX Font Info:    ... okay on input line 18.
LaTeX Font Info:    Checking defaults for OT1/cmr/m/n on input line 18.
LaTeX Font Info:    ... okay on input line 18.
LaTeX Font Info:    Checking defaults for T1/cmr/m/n on input line 18.
LaTeX Font Info:    ... okay on input line 18.
LaTeX Font Info:    Checking defaults for TS1/cmr/m/n on input line 18.
LaTeX Font Info:    ... okay on input line 18.
LaTeX Font Info:    Checking defaults for OMX/cmex/m/n on input line 18.
LaTeX Font Info:    ... okay on input line 18.
LaTeX Font Info:    Checking defaults for U/cmr/m/n on input line 18.
LaTeX Font Info:    ... okay on input line 18.
LaTeX Font Info:    Checking defaults for C00/song/m/n on input line 18.
LaTeX Font Info:    ... okay on input line 18.
LaTeX Font Info:    Checking defaults for C05/song/m/n on input line 18.
LaTeX Font Info:    ... okay on input line 18.
LaTeX Font Info:    Checking defaults for C09/song/m/n on input line 18.
LaTeX Font Info:    ... okay on input line 18.
LaTeX Font Info:    Checking defaults for C10/song/m/n on input line 18.
LaTeX Font Info:    ... okay on input line 18.
LaTeX Font Info:    Checking defaults for C20/song/m/n on input line 18.
LaTeX Font Info:    ... okay on input line 18.
LaTeX Font Info:    Checking defaults for C19/song/m/n on input line 18.
LaTeX Font Info:    ... okay on input line 18.
LaTeX Font Info:    Checking defaults for C40/song/m/n on input line 18.
LaTeX Font Info:    ... okay on input line 18.
LaTeX Font Info:    Checking defaults for C42/song/m/n on input line 18.
LaTeX Font Info:    ... okay on input line 18.
LaTeX Font Info:    Checking defaults for C43/song/m/n on input line 18.
LaTeX Font Info:    ... okay on input line 18.
LaTeX Font Info:    Checking defaults for C50/song/m/n on input line 18.
LaTeX Font Info:    ... okay on input line 18.
LaTeX Font Info:    Checking defaults for C52/song/m/n on input line 18.
LaTeX Font Info:    ... okay on input line 18.
LaTeX Font Info:    Checking defaults for C49/song/m/n on input line 18.
LaTeX Font Info:    ... okay on input line 18.
LaTeX Font Info:    Checking defaults for C60/mj/m/n on input line 18.
LaTeX Font Info:    ... okay on input line 18.
LaTeX Font Info:    Checking defaults for C61/mj/m/n on input line 18.
LaTeX Font Info:    ... okay on input line 18.
LaTeX Font Info:    Checking defaults for C63/mj/m/n on input line 18.
LaTeX Font Info:    ... okay on input line 18.
LaTeX Font Info:    Checking defaults for C64/mj/m/n on input line 18.
LaTeX Font Info:    ... okay on input line 18.
LaTeX Font Info:    Checking defaults for C65/mj/m/n on input line 18.
LaTeX Font Info:    ... okay on input line 18.
LaTeX Font Info:    Checking defaults for C70/song/m/n on input line 18.
LaTeX Font Info:    ... okay on input line 18.
LaTeX Font Info:    Checking defaults for C31/song/m/n on input line 18.
LaTeX Font Info:    ... okay on input line 18.
LaTeX Font Info:    Checking defaults for C32/song/m/n on input line 18.
LaTeX Font Info:    ... okay on input line 18.
LaTeX Font Info:    Checking defaults for C33/song/m/n on input line 18.
LaTeX Font Info:    ... okay on input line 18.
LaTeX Font Info:    Checking defaults for C34/song/m/n on input line 18.
LaTeX Font Info:    ... okay on input line 18.
LaTeX Font Info:    Checking defaults for C35/song/m/n on input line 18.
LaTeX Font Info:    ... okay on input line 18.
LaTeX Font Info:    Checking defaults for C36/song/m/n on input line 18.
LaTeX Font Info:    ... okay on input line 18.
LaTeX Font Info:    Checking defaults for C37/song/m/n on input line 18.
LaTeX Font Info:    ... okay on input line 18.
LaTeX Font Info:    Checking defaults for C80/song/m/n on input line 18.
LaTeX Font Info:    ... okay on input line 18.
LaTeX Font Info:    Checking defaults for C81/song/m/n on input line 18.
LaTeX Font Info:    ... okay on input line 18.
LaTeX Font Info:    Checking defaults for C01/song/m/n on input line 18.
LaTeX Font Info:    ... okay on input line 18.
LaTeX Font Info:    Checking defaults for C11/song/m/n on input line 18.
LaTeX Font Info:    ... okay on input line 18.
LaTeX Font Info:    Checking defaults for C21/song/m/n on input line 18.
LaTeX Font Info:    ... okay on input line 18.
LaTeX Font Info:    Checking defaults for C41/song/m/n on input line 18.
LaTeX Font Info:    ... okay on input line 18.
LaTeX Font Info:    Checking defaults for C62/song/m/n on input line 18.
LaTeX Font Info:    ... okay on input line 18.

-- Lines per column: 56 (exact).
(d:/app/latex/texlive/2024/texmf-dist/tex/context/base/mkii/supp-pdf.mkii
[Loading MPS to PDF converter (version 2006.09.02).]
\scratchcounter=\count305
\scratchdimen=\dimen194
\scratchbox=\box58
\nofMPsegments=\count306
\nofMParguments=\count307
\everyMPshowfont=\toks26
\MPscratchCnt=\count308
\MPscratchDim=\dimen195
\MPnumerator=\count309
\makeMPintoPDFobject=\count310
\everyMPtoPDFconversion=\toks27
)
(d:/app/latex/texlive/2024/texmf-dist/tex/latex/epstopdf-pkg/epstopdf-base.sty
Package: epstopdf-base 2020-01-24 v2.11 Base part for package epstopdf
Package epstopdf-base Info: Redefining graphics rule for `.eps' on input line 4
85.

(d:/app/latex/texlive/2024/texmf-dist/tex/latex/latexconfig/epstopdf-sys.cfg
File: epstopdf-sys.cfg 2010/07/13 v1.3 Configuration of (r)epstopdf for TeX Liv
e
))
LaTeX Font Info:    Trying to load font information for C70+rm on input line 30
.

(d:/app/latex/texlive/2024/texmf-dist/tex/latex/ctex/fd/c70rm.fd
File: c70rm.fd 2022/07/14 v2.5.10 Chinese font definition (CTEX)
)
Package CJKpunct Info: use punctuation spaces for family 'rm' with punctstyle (
quanjiao) on input line 33.
LaTeX Font Info:    Trying to load font information for TS1+ptm on input line 3
5.

(d:/app/latex/texlive/2024/texmf-dist/tex/latex/psnfss/ts1ptm.fd
File: ts1ptm.fd 2001/06/04 font definitions for TS1/ptm.
)
LaTeX Font Info:    Trying to load font information for U+msa on input line 39.


(d:/app/latex/texlive/2024/texmf-dist/tex/latex/amsfonts/umsa.fd
File: umsa.fd 2013/01/14 v3.01 AMS symbols A
)
LaTeX Font Info:    Trying to load font information for U+msb on input line 39.


(d:/app/latex/texlive/2024/texmf-dist/tex/latex/amsfonts/umsb.fd
File: umsb.fd 2013/01/14 v3.01 AMS symbols B
)
Underfull \hbox (badness 10000) in paragraph at lines 39--40
[]\C70/rm/b/n/9/4e „ \C70/rm/b/n/9/78 ^^A \C70/rm/b/n/9/5d Ú \C70/rm/b/n/9/5f ^
^@ \C70/rm/b/n/9/6e ê \C70/rm/b/n/9/81 Û|\C70/rm/b/n/9/ff ^^Z| $\OT1/ptm/b/n/9 
https : / / github . com / LJK666666666 /
 []


LaTeX Font Warning: Font shape `C70/rm/m/sc' undefined
(Font)              using `C70/rm/m/n' instead on input line 46.


Underfull \hbox (badness 10000) in paragraph at lines 69--70
[]\C70/rm/m/n/10/51 v \C70/rm/m/n/10/4e -$\OML/cmm/m/it/10 s[]\OT1/cmr/m/n/10 (
\OML/cmm/m/it/10 t\OT1/cmr/m/n/10 )$\C70/rm/m/n/10/54 å$\OML/cmm/m/it/10 s[]\OT
1/cmr/m/n/10 (\OML/cmm/m/it/10 t\OT1/cmr/m/n/10 )$\C70/rm/m/n/10/52 ^^F + \C70/
rm/m/n/10/88 h \C70/rm/m/n/10/79 : \C70/rm/m/n/10/54 ^^L \C70/rm/m/n/10/76 ¯\OT
1/ptm/m/n/10 (In-phase)\C70/rm/m/n/10/54 å \C70/rm/m/n/10/6b c
 []


Underfull \hbox (badness 10000) in paragraph at lines 90--91
[]\OT1/ptm/m/n/10 RML2016.10a\C70/rm/m/n/10/65 p \C70/rm/m/n/10/63 n \C70/rm/m/
n/10/96 ∆ \C70/rm/m/n/10/53 ^^E \C70/rm/m/n/10/54 +\OT1/ptm/m/n/10 11\C70/rm/m/
n/10/79 Õ \C70/rm/m/n/10/4e ^^M \C70/rm/m/n/10/54 ^^L \C70/rm/m/n/10/76 Ñ \C70/
rm/m/n/10/8c ^^C \C70/rm/m/n/10/52 6 \C70/rm/m/n/10/65 π \C70/rm/m/n/10/5f ^^O|
\C70/rm/m/n/10/ff ^^L|
 []


Underfull \hbox (badness 10000) in paragraph at lines 90--91
\C70/rm/m/n/10/6b œ \C70/rm/m/n/10/79 Õ \C70/rm/m/n/10/8c ^^C \C70/rm/m/n/10/52
 6 \C70/rm/m/n/10/65 π \C70/rm/m/n/10/5f ^^O \C70/rm/m/n/10/57 ( \C70/rm/m/n/10
/4e ^^M \C70/rm/m/n/10/54 ^^L\OT1/ptm/m/n/10 SNR\C70/rm/m/n/10/67 a \C70/rm/m/n
/10/4e ˆ \OT1/ptm/m/n/10 (-20dB\C70/rm/m/n/10/52 0\OT1/ptm/m/n/10 +18dB|\C70/r
m/m/n/10/ff ^^L|
 []


Underfull \hbox (badness 10000) in paragraph at lines 90--91
\C70/rm/m/n/10/6b e \C70/rm/m/n/10/95 ^^?\OT1/ptm/m/n/10 2dB)\C70/rm/m/n/10/75 
^^_ \C70/rm/m/n/10/62 ^^P \C70/rm/m/n/10/4f · \C70/rm/m/n/10/53 ˜ \C70/rm/m/n/1
0/68 7 \C70/rm/m/n/10/67 ,|\C70/rm/m/n/10/30 ^^B| \C70/rm/m/n/10/6b œ \C70/rm/m
/n/10/4e * \C70/rm/m/n/10/4f · \C70/rm/m/n/10/53 ˜ \C70/rm/m/n/10/68 7 \C70/rm/
m/n/10/67 , \C70/rm/m/n/10/53 ^^E
 []


Underfull \hbox (badness 10000) in paragraph at lines 90--91
\C70/rm/m/n/10/54 +\OT1/ptm/m/n/10 128\C70/rm/m/n/10/4e * \C70/rm/m/n/10/59 ^^M
 \C70/rm/m/n/10/65 p \C70/rm/m/n/10/68 7 \C70/rm/m/n/10/67 , \C70/rm/m/n/10/70 
π|\C70/rm/m/n/10/ff ^^L| \C70/rm/m/n/10/88 h \C70/rm/m/n/10/79 : \C70/rm/m/n/10
/4e : \C70/rm/m/n/10/95 ^^? \C70/rm/m/n/10/5e ¶ \C70/rm/m/n/10/4e :\OT1/ptm/m/n
/10 256\C70/rm/m/n/10/76 Ñ \C70/rm/m/n/10/5b û \C70/rm/m/n/10/65 p \C70/rm/m/n/
10/54 ^^Q
 []


(d:/app/latex/texlive/2024/texmf-dist/tex/generic/ctex/zhmap/ctex-zhmap-windows
.tex
File: ctex-zhmap-windows.tex 2022/07/14 v2.5.10 Windows font map loader for pdf
TeX and DVIPDFMx (CTEX)
{d:/app/latex/texlive/2024/texmf-var/fonts/map/pdftex/updmap/pdftex.map}{UGBK.s
fd}{Unicode.sfd}) [1{d:/app/latex/texlive/2024/texmf-dist/fonts/enc/dvips/base/
8r.enc}


]
Underfull \hbox (badness 4913) in paragraph at lines 136--137
[]\C70/rm/m/n/10/6a ! \C70/rm/m/n/10/57 ã \C70/rm/m/n/10/4e - \C70/rm/m/n/10/91
 « \C70/rm/m/n/10/75 ( \C70/rm/m/n/10/5f Ñ \C70/rm/m/n/10/54 ^^Q \C70/rm/m/n/10
/57 ˙ \C70/rm/m/n/10/51 ˝ \C70/rm/m/n/10/65 p |\C70/rm/m/n/10/ff ^^H|\OT1/ptm/m
/n/10 RBF|\C70/rm/m/n/10/ff 	||\C70/rm/m/n/10/30 ^^A| \OT1/ptm/m/n/10 Matern\C7
0/rm/m/n/10/54 å\OT1/ptm/m/n/10 Rational
 []


Underfull \hbox (badness 1708) in paragraph at lines 150--151
[]\OT1/ptm/b/n/10 (3) \C70/rm/b/n/10/76 ¯ \C70/rm/b/n/10/4f M · \C70/rm/b/n/10/
60 o \C70/rm/b/n/10/63 _ \C70/rm/b/n/10/59 1|\C70/rm/b/n/10/ff ^^Z|  \C70/rm/m/
n/10/5b ˘ \C70/rm/m/n/10/4e é \C70/rm/m/n/10/76 ¯ \C70/rm/m/n/10/4f M \C70/rm/m
/n/10/8c ^^C \C70/rm/m/n/10/52 6 \C70/rm/m/n/10/4f · \C70/rm/m/n/10/53 ˜ |\C70/
rm/m/n/10/ff ^^H|\C70/rm/m/n/10/59 Ç\OT1/ptm/m/n/10 PSK|\C70/rm/m/n/10/30 ^^A|
 []

[2]
Underfull \hbox (badness 2753) in paragraph at lines 288--289
\C70/rm/m/sc/10/5b X|\C70/rm/m/n/10/ff 	| \C70/rm/m/n/10/54 å\OT1/ptm/m/n/10 64
GB\C70/rm/m/n/10/7c ˚ \C70/rm/m/n/10/7e ﬂ \C70/rm/m/n/10/51 Ö \C70/rm/m/sc/10/5
b X \C70/rm/m/n/10/76 Ñ \C70/rm/m/sc/10/9a ÿ \C70/rm/m/n/10/60 ' \C70/rm/m/n/10
/80 ˝ \C70/rm/m/n/10/5d Â \C70/rm/m/n/10/4f \ \C70/rm/m/n/10/7a Ÿ \C70/rm/m/n/1
0/4e 
 \C70/rm/m/n/10/8f € \C70/rm/m/n/10/88 L|\C70/rm/m/n/10/30 ^^B| \C70/rm/m/n/10/
6d Ò \C70/rm/m/n/10/5e ¶
 []


Underfull \hbox (badness 7099) in paragraph at lines 288--289
\C70/rm/m/sc/10/5b f \C70/rm/m/n/10/4e ` \C70/rm/m/n/10/68 F \C70/rm/m/n/10/67 
∂ \C70/rm/m/n/10/91 « \C70/rm/m/n/10/75 (\OT1/ptm/m/n/10 TensorFlow 2.17.0\C70/
rm/m/n/10/54 å\OT1/ptm/m/n/10 Keras 3.6.0|\C70/rm/m/n/10/ff ^^L| \C70/rm/m/n/10
/5e v \C70/rm/m/n/10/4f ^^?
 []

[3]
Underfull \hbox (badness 5175) in paragraph at lines 312--314
[]\OT1/ptm/b/n/10 SNR\C70/rm/b/n/10/67 a \C70/rm/b/n/10/4e ˆ  \C70/rm/b/n/10/7
6 Ñ \C70/rm/b/n/10/60 ' \C70/rm/b/n/10/80 ˝ \C70/rm/b/n/10/52 ^^F \C70/rm/b/n/1
0/67 ê|\C70/rm/b/n/10/ff ^^Z|  \C70/rm/m/n/10/4e : Ü \C70/rm/m/sc/10/8b ƒ \C70/
rm/m/n/10/4f 0 \C70/rm/m/n/10/6a ! \C70/rm/m/n/10/57 ã ( \C70/rm/m/n/10/4e ^^M 
\C70/rm/m/n/10/54 ^^L
 []


Underfull \hbox (badness 4217) in paragraph at lines 312--314
\C70/rm/m/n/10/56 j \C70/rm/m/n/10/58  \C70/rm/m/n/10/67 a \C70/rm/m/n/10/4e ˆ
  \C70/rm/m/n/10/76 Ñ \C70/rm/m/n/10/9c Å \C70/rm/m/n/10/68 “ \C70/rm/m/n/10/6
0 '|\C70/rm/m/n/10/ff ^^L| \C70/rm/m/n/10/63 	\OT1/ptm/m/n/10 SNR\C70/rm/m/n/10
/83 ^^C \C70/rm/m/n/10/56 Ù \C70/rm/m/n/10/5c ^^F \C70/rm/m/n/10/6d K \C70/rm/m
/sc/10/8b ’ \C70/rm/m/n/10/96 ∆ \C70/rm/m/n/10/52 ^^R ^^F \C70/rm/m/n/10/4e :
 []


Underfull \hbox (badness 7685) in paragraph at lines 332--333
[]\C70/rm/m/sc/10/4e : Ü \C70/rm/m/sc/10/9a å \C70/rm/m/sc/10/8b ¡ \C70/rm/m/n/
10/62 @ \C70/rm/m/n/10/63 – \C70/rm/m/n/10/51 ˙ \C70/rm/m/n/10/6d ˜ \C70/rm/m/n
/10/54 ^^H \C70/rm/m/sc/10/67 ∂ Ñ \C70/rm/m/n/10/76 Ñ \C70/rm/m/sc/10/67 	 \C70
/rm/m/n/10/65 H \C70/rm/m/n/10/60 '|\C70/rm/m/n/10/ff ^^L| \C70/rm/m/n/10/62 ^^
Q \C70/rm/m/sc/10/4e Ï \C70/rm/m/n/10/99 ñ \C70/rm/m/n/10/51 H
 []


Underfull \hbox (badness 10000) in paragraph at lines 332--333
\C70/rm/m/sc/10/4e å \C70/rm/m/sc/10/7e Ù \C70/rm/m/n/10/53 w \C70/rm/m/n/10/79
 Ô ^ \C70/rm/m/sc/10/7e œ \C70/rm/m/sc/10/7f Q \C70/rm/m/sc/10/7e ‹\OT1/ptm/m/n
/10 (CNN2D)|\C70/rm/m/n/10/30 ^^A| \C70/rm/m/n/10/6b ã \C70/rm/m/n/10/5d Ó \C70
/rm/m/sc/10/7f Q \C70/rm/m/sc/10/7e ‹\OT1/ptm/m/n/10 (ResNet)|\C70/rm/m/n/10/30
 ^^A|
 []


LaTeX Warning: `h' float specifier changed to `ht'.


LaTeX Warning: Reference `fig:snr_performance' on page 4 undefined on input lin
e 354.


Underfull \hbox (badness 2913) in paragraph at lines 356--357
[]\C70/rm/m/n/10/57 ˙ \C70/rm/m/sc/10/4e é \C70/rm/m/n/10/8f Ÿ \C70/rm/m/sc/10/
4e õ \C70/rm/m/n/10/57 ˙ \C70/rm/m/sc/10/7e ø \C70/rm/m/sc/10/5b û \C70/rm/m/sc
/10/9a å \C70/rm/m/n/10/76 Ñ \C70/rm/m/sc/10/7e ” \C70/rm/m/sc/10/67 ú \C70/rm/
m/n/10/54 å \C70/rm/m/sc/10/52 ^^F \C70/rm/m/sc/10/67 ê|\C70/rm/m/n/10/ff ^^L| 
\C70/rm/m/n/10/62 ^^Q \C70/rm/m/sc/10/4e Ï \C70/rm/m/sc/10/8b æ ° \C70/rm/m/sc/
10/4e Ü \C70/rm/m/n/10/87 ç
 []


LaTeX Warning: Reference `fig:gpr_denoising' on page 4 undefined on input line 
360.


Underfull \hbox (badness 2644) in paragraph at lines 362--363
[]\C70/rm/m/n/10/88 h \OT1/ptm/m/n/10 II[]\C70/rm/m/sc/10/8b Ê \C70/rm/m/sc/10/
7e ∆ \C70/rm/m/sc/10/52 ^^F \C70/rm/m/sc/10/67 ê \C70/rm/m/sc/10/4e Ü\OT1/ptm/m
/n/10 GPR\C70/rm/m/n/10/53 ª \C70/rm/m/n/10/56 j \C70/rm/m/sc/10/5b ˘ \C70/rm/m
/sc/10/4e ^^M \C70/rm/m/n/10/54 ^^L\OT1/ptm/m/n/10 SNR\C70/rm/m/n/10/83 ^^C \C7
0/rm/m/n/10/56 Ù \C70/rm/m/sc/10/4e  \C70/rm/m/sc/10/52 ^^F \C70/rm/m/n/10/7c 
{ \C70/rm/m/n/10/51 ∆
 []


Underfull \hbox (badness 1817) in paragraph at lines 362--363
\C70/rm/m/n/10/78 n \C70/rm/m/n/10/73 á \C70/rm/m/n/10/76 Ñ \C70/rm/m/n/10/5f q
 \C70/rm/m/n/10/54 Õ|\C70/rm/m/n/10/30 ^^B| \C70/rm/m/sc/10/5b û \C70/rm/m/sc/1
0/9a å \C70/rm/m/sc/10/7e ” \C70/rm/m/sc/10/67 ú \C70/rm/m/n/10/88 h \C70/rm/m/
n/10/66 ^^N|\C70/rm/m/n/10/ff ^^L| \OT1/ptm/m/n/10 GPR\C70/rm/m/n/10/53 ª \C70/
rm/m/n/10/56 j \C70/rm/m/n/10/57 ( \C70/rm/m/n/10/4f N\OT1/ptm/m/n/10 SNR\C70/r
m/m/sc/10/67 a \C70/rm/m/sc/10/4e ˆ
 []


LaTeX Warning: Reference `fig:constellation_denoising' on page 4 undefined on i
nput line 380.


Underfull \hbox (badness 1742) in paragraph at lines 380--381
[]\C70/rm/m/n/10/56 ˛ []\C70/rm/m/n/10/5c U \C70/rm/m/n/10/79 : \C70/rm/m/sc/10
/4e Ü \C70/rm/m/n/10/51 x \C70/rm/m/n/10/57 ã \C70/rm/m/n/10/8c ^^C \C70/rm/m/s
c/10/52 6 \C70/rm/m/n/10/7c { \C70/rm/m/n/10/57 ã |\C70/rm/m/n/10/ff ^^H|\OT1/p
tm/m/n/10 QPSK\C70/rm/m/n/10/54 å\OT1/ptm/m/n/10 16QAM|\C70/rm/m/n/10/ff 	| \C7
0/rm/m/n/10/57 ( \C70/rm/m/sc/10/4e ^^M
 []


Underfull \hbox (badness 2726) in paragraph at lines 380--381
\C70/rm/m/n/10/54 ^^L\OT1/ptm/m/n/10 SNR\C70/rm/m/sc/10/67 a \C70/rm/m/sc/10/4e
 ˆ  \C70/rm/m/n/10/76 Ñ \C70/rm/m/n/10/66 ^^_ \C70/rm/m/n/10/5e ß \C70/rm/m/n/
10/56 ˛ \C70/rm/m/n/10/53 ª \C70/rm/m/n/10/56 j \C70/rm/m/n/10/65 H \C70/rm/m/s
c/10/67 ú|\C70/rm/m/n/10/30 ^^B| \C70/rm/m/sc/10/4e Œ \C70/rm/m/n/10/56 ˛ \C70/
rm/m/sc/10/4e - \C70/rm/m/n/10/53 Ô \C70/rm/m/sc/10/4e Â \C70/rm/m/n/10/77  \C
70/rm/m/n/10/51 ˙|\C70/rm/m/n/10/ff ^^L|
 []

[4]
Underfull \hbox (badness 2005) in paragraph at lines 424--425
[]\C70/rm/m/n/10/88 h \OT1/ptm/m/n/10 IV[]\C70/rm/m/n/10/5c U \C70/rm/m/n/10/79
 : \C70/rm/m/sc/10/4e Ü \C70/rm/m/n/10/65 p \C70/rm/m/n/10/63 n \C70/rm/m/n/10/
58 û \C70/rm/m/n/10/5f : \C70/rm/m/sc/10/5b ˘ \C70/rm/m/sc/10/4e ^^M \C70/rm/m/
n/10/54 ^^L \C70/rm/m/n/10/8c ^^C \C70/rm/m/sc/10/52 6 \C70/rm/m/n/10/7c { \C70
/rm/m/n/10/57 ã \C70/rm/m/sc/10/52 ^^F \C70/rm/m/n/10/7c { \C70/rm/m/n/10/60 ' 
\C70/rm/m/n/10/80 ˝ \C70/rm/m/n/10/76 Ñ
 []


Underfull \hbox (badness 2922) in paragraph at lines 424--425
\C70/rm/m/n/10/5f q \C70/rm/m/n/10/54 Õ|\C70/rm/m/n/10/30 ^^B| \C70/rm/m/sc/10/
5b û \C70/rm/m/sc/10/9a å \C70/rm/m/sc/10/7e ” \C70/rm/m/sc/10/67 ú \C70/rm/m/n
/10/88 h \C70/rm/m/n/10/66 ^^N|\C70/rm/m/n/10/ff ^^L| \C70/rm/m/n/10/65 À \C70/
rm/m/n/10/8f l \C70/rm/m/n/10/65 p \C70/rm/m/n/10/63 n \C70/rm/m/n/10/58 û \C70
/rm/m/n/10/5f : \C70/rm/m/sc/10/5b ˘\OT1/ptm/m/n/10 QAM\C70/rm/m/n/10/7c { \C70
/rm/m/n/10/8c ^^C \C70/rm/m/sc/10/52 6
 []


LaTeX Warning: `h' float specifier changed to `ht'.


LaTeX Warning: Reference `fig:rotation_augmentation' on page 5 undefined on inp
ut line 449.


Underfull \hbox (badness 10000) in paragraph at lines 455--456
[]\C70/rm/m/sc/10/67 , \C70/rm/m/n/10/78 ^^T \C70/rm/m/n/10/7a v \C70/rm/m/n/10
/63 – \C70/rm/m/n/10/51 ˙ \C70/rm/m/n/10/76 Ñ \C70/rm/m/n/10/6d ˜ \C70/rm/m/n/1
0/54 ^^H\OT1/ptm/m/n/10 ResNet-ComplexCNN\C70/rm/m/sc/10/67 ∂ Ñ
 []


Underfull \hbox (badness 10000) in paragraph at lines 455--456
\C70/rm/m/n/10/57 (\OT1/ptm/m/n/10 RML2016.10a\C70/rm/m/n/10/65 p \C70/rm/m/n/1
0/63 n \C70/rm/m/n/10/96 ∆ \C70/rm/m/sc/10/4e 
 \C70/rm/m/n/10/53 ÷ \C70/rm/m/n/10/5f ó \C70/rm/m/sc/10/4e Ü \C70/rm/m/n/10/66
 > \C70/rm/m/n/10/84 W \C70/rm/m/n/10/76 Ñ \C70/rm/m/n/10/60 ' \C70/rm/m/n/10/8
0 ˝ \C70/rm/m/n/10/63 – \C70/rm/m/n/10/53 G|\C70/rm/m/n/10/ff ^^L|
 []


Underfull \hbox (badness 3701) in paragraph at lines 455--456
\C70/rm/m/sc/10/67 ^^@ \C70/rm/m/sc/10/7e » \C70/rm/m/sc/10/52 ^^F \C70/rm/m/n/
10/7c { \C70/rm/m/n/10/51 ∆ \C70/rm/m/n/10/78 n \C70/rm/m/n/10/73 á \C70/rm/m/n
/10/8f æ \C70/rm/m/sc/10/52 0\OT1/ptm/m/n/10 65.38%|\C70/rm/m/n/10/ff ^^L| \C70
/rm/m/n/10/76 ¯ \C70/rm/m/n/10/6b ‘ \C70/rm/m/sc/10/67 ^^@ \C70/rm/m/n/10/4f s 
\C70/rm/m/n/10/53 U \C70/rm/m/sc/10/4e ^^@ \C70/rm/m/n/10/57 ˙ \C70/rm/m/sc/10/
7e ø \C70/rm/m/sc/10/67 ∂
 []


LaTeX Warning: Reference `fig:training_convergence' on page 5 undefined on inpu
t line 477.


Underfull \hbox (badness 5008) in paragraph at lines 485--486
[]\C70/rm/m/sc/10/4e Œ ^^M \C70/rm/m/n/10/54 ^^L\OT1/ptm/m/n/10 SNR\C70/rm/m/sc
/10/67 a \C70/rm/m/sc/10/4e ˆ  \C70/rm/m/n/10/76 Ñ \C70/rm/m/n/10/60 ' \C70/rm
/m/n/10/80 ˝ \C70/rm/m/sc/10/52 ^^F \C70/rm/m/sc/10/67 ê e \C70/rm/m/n/10/77 |
\C70/rm/m/n/10/ff ^^L| \C70/rm/m/n/10/6d ˜ \C70/rm/m/n/10/54 ^^H \C70/rm/m/sc/1
0/67 ∂ Ñ \C70/rm/m/n/10/57 (
 []


Underfull \hbox (badness 2512) in paragraph at lines 485--486
\C70/rm/m/n/10/54 ^^D \C70/rm/m/sc/10/4e * \C70/rm/m/n/10/4f · \C70/rm/m/n/10/5
6 j \C70/rm/m/n/10/6b ‘ \C70/rm/m/n/10/83 ^^C \C70/rm/m/n/10/56 Ù \C70/rm/m/n/1
0/51 Ö \C70/rm/m/n/10/90 ˝ \C70/rm/m/n/10/88 h \C70/rm/m/n/10/73 ∞ \C70/rm/m/n/
10/51 ˙ \C70/rm/m/sc/10/4e Ü \C70/rm/m/n/10/82 o \C70/rm/m/n/10/59 } \C70/rm/m/
n/10/76 Ñ \C70/rm/m/sc/10/52 ^^F \C70/rm/m/n/10/7c { \C70/rm/m/n/10/80 ˝ \C70/r
m/m/sc/10/52 õ|\C70/rm/m/n/10/30 ^^B| \C70/rm/m/n/10/57 (
 []


Underfull \hbox (badness 1748) in paragraph at lines 485--486
\C70/rm/m/n/10/4f N\OT1/ptm/m/n/10 SNR\C70/rm/m/sc/10/67 a \C70/rm/m/sc/10/4e ˆ
  |\C70/rm/m/n/10/ff ^^H|\OT1/ptm/m/n/10 -20dB\C70/rm/m/sc/10/52 0\OT1/ptm/m/n
/10 -2dB|\C70/rm/m/n/10/ff 	||^^L| \C70/rm/m/n/10/51 ∆ \C70/rm/m/n/10/78 n \C70
/rm/m/n/10/73 á \C70/rm/m/n/10/8f æ \C70/rm/m/sc/10/52 0\OT1/ptm/m/n/10 38.2%|\
C70/rm/m/n/10/ff ^^L| \C70/rm/m/n/10/76 ¯
 []

[5]

LaTeX Warning: Reference `fig:ablation_components' on page 6 undefined on input
 line 511.


LaTeX Warning: Reference `fig:cumulative_improvement' on page 6 undefined on in
put line 515.


Underfull \hbox (badness 1888) in paragraph at lines 517--518
[]\C70/rm/m/n/10/53 U \C70/rm/m/n/10/72 Ï \C70/rm/m/n/10/62 Ä \C70/rm/m/sc/10/6
7 / \C70/rm/m/n/10/76 Ñ \C70/rm/m/n/10/6d Ò \C70/rm/m/n/10/51 e \C70/rm/m/sc/10
/52 ^^F \C70/rm/m/sc/10/67 ê \C70/rm/m/n/10/8f ÿ \C70/rm/m/n/10/63 Ì \C70/rm/m/
n/10/79 : \C70/rm/m/sc/10/4e Ü \C70/rm/m/n/10/54 ^^D \C70/rm/m/sc/10/7e ƒ \C70/
rm/m/sc/10/4e ˆ \C70/rm/m/n/10/76 Ñ \C70/rm/m/n/10/90 ^^B \C70/rm/m/n/10/75 ( \
C70/rm/m/n/10/57 : \C70/rm/m/n/10/66 o|\C70/rm/m/n/10/ff ^^Z|
 []


Underfull \hbox (badness 10000) in paragraph at lines 523--524
\OT1/ptm/m/n/10 ComplexCNN\C70/rm/m/sc/10/67 ∂ Ñ|\C70/rm/m/n/10/ff ^^L| \C70/rm
/m/n/10/57 (\OT1/ptm/m/n/10 RML2016.10a\C70/rm/m/n/10/65 p \C70/rm/m/n/10/63 n 
\C70/rm/m/n/10/96 ∆ \C70/rm/m/sc/10/4e 
 \C70/rm/m/n/10/53 ÷ \C70/rm/m/n/10/5f ó
 []

[6]
Underfull \hbox (badness 6592) in paragraph at lines 563--564
\C70/rm/m/sc/10/67 Ñ \C70/rm/m/sc/10/4e ^^N \C70/rm/m/sc/10/9a ÿ \C70/rm/m/n/10
/65 Ø \C70/rm/m/n/10/8f « \C70/rm/m/n/10/7a  \C70/rm/m/n/10/56 ﬁ \C70/rm/m/n/1
0/5f R \C70/rm/m/n/10/53 ª \C70/rm/m/n/10/56 j \C70/rm/m/n/10/76 Ñ \C70/rm/m/n/
10/58 û \C70/rm/m/n/10/5f : \C70/rm/m/n/10/57 ã \C70/rm/m/n/10/89 „ \C70/rm/m/n
/10/51 ≥ \C70/rm/m/n/10/65 π \C70/rm/m/n/10/68 H|\C70/rm/m/n/10/30 ^^B| \C70/rm
/m/n/10/90 ^^Z \C70/rm/m/n/10/8f «
 []


Underfull \hbox (badness 10000) in paragraph at lines 596--600
[]\C70/rm/b/n/10/62 i \C70/rm/b/n/10/5c U \C70/rm/b/n/10/52 0 \C70/rm/b/n/10/66
 Ù \C70/rm/b/n/10/5e ^^? \C70/rm/b/n/10/6c € \C70/rm/b/n/10/76 Ñ \C70/rm/b/n/10
/65 p \C70/rm/b/n/10/63 n \C70/rm/b/n/10/96 ∆ \C70/rm/b/n/10/54 å \C70/rm/b/n/1
0/4f · \C70/rm/b/n/10/90 S \C70/rm/b/n/10/6a ! \C70/rm/b/n/10/57 ã|\C70/rm/b/n/
10/ff ^^Z|  \OT1/ptm/m/n/10 (1)
 []


Underfull \hbox (badness 2818) in paragraph at lines 596--600
\C70/rm/m/n/10/57 (\OT1/ptm/m/n/10 RML2018.01A|\C70/rm/m/n/10/30 ^^A| \OT1/ptm/
m/n/10 RML2022\C70/rm/m/n/10/7b I \C70/rm/m/n/10/66 Ù \C70/rm/m/n/10/59 ' \C70/
rm/m/n/10/89 ƒ \C70/rm/m/n/10/6a ! \C70/rm/m/n/10/65 p \C70/rm/m/n/10/63 n \C70
/rm/m/n/10/96 ∆ \C70/rm/m/sc/10/4e 
 \C70/rm/m/sc/10/9a å \C70/rm/m/sc/10/8b ¡
 []


Underfull \hbox (badness 5460) in paragraph at lines 601--605
[]\C70/rm/b/n/10/5b û \C70/rm/b/n/10/65 ˆ \C70/rm/b/n/10/5b û \C70/rm/b/n/10/73
 ∞ \C70/rm/b/n/10/54 å \C70/rm/b/n/10/78 l \C70/rm/b/n/10/4e ˆ \C70/rm/b/n/10/4
f ^^X \C70/rm/b/n/10/53 ^^V|\C70/rm/b/n/10/ff ^^Z|  \OT1/ptm/m/n/10 (1) \C70/rm
/m/n/10/5f ^^@ \C70/rm/m/n/10/53 —\OT1/ptm/m/n/10 GPU/FPGA\C70/rm/m/sc/10/52 † 
\C70/rm/m/n/10/90 ^^_
 []

[7]

** Conference Paper **
Before submitting the final camera ready copy, remember to:

 1. Manually equalize the lengths of two columns on the last page
 of your paper;

 2. Ensure that any PostScript and/or PDF output post-processing
 uses only Type 1 fonts and that every step in the generation
 process uses the appropriate paper size.

[8

] (./radio_modulation_classification.aux)
 ***********
LaTeX2e <2023-11-01> patch level 1
L3 programming layer <2022/07/14>
 ***********


LaTeX Font Warning: Some font shapes were not available, defaults substituted.


LaTeX Warning: There were undefined references.

 ) 
Here is how much of TeX's memory you used:
 10243 strings out of 474116
 177926 string characters out of 5742687
 1996190 words of memory out of 5000000
 31907 multiletter control sequences out of 15000+600000
 683856 words of font info for 425 fonts, out of 8000000 for 9000
 1141 hyphenation exceptions out of 8191
 80i,15n,83p,866b,355s stack positions out of 10000i,1000n,20000p,200000b,200000s
<c:/Windows/Fonts/simhei.ttf><c:/Windows/Fonts/simhei.ttf><c:/Windows/Fonts/s
imhei.ttf><c:/Windows/Fonts/simkai.ttf><c:/Windows/Fonts/simkai.ttf><c:/Windows
/Fonts/simsun.ttc><c:/Windows/Fonts/simkai.ttf><c:/Windows/Fonts/simkai.ttf><c:
/Windows/Fonts/simkai.ttf><c:/Windows/Fonts/simkai.ttf><c:/Windows/Fonts/simsun
.ttc><c:/Windows/Fonts/simkai.ttf><c:/Windows/Fonts/simkai.ttf><c:/Windows/Font
s/simkai.ttf><c:/Windows/Fonts/simkai.ttf><c:/Windows/Fonts/simkai.ttf><c:/Wind
ows/Fonts/simkai.ttf><c:/Windows/Fonts/simkai.ttf><c:/Windows/Fonts/simkai.ttf>
<c:/Windows/Fonts/simkai.ttf><c:/Windows/Fonts/simkai.ttf><c:/Windows/Fonts/sim
kai.ttf><c:/Windows/Fonts/simsun.ttc><c:/Windows/Fonts/simkai.ttf><c:/Windows/F
onts/simsun.ttc><c:/Windows/Fonts/simsun.ttc><c:/Windows/Fonts/simsun.ttc><c:/W
indows/Fonts/simsun.ttc><c:/Windows/Fonts/simsun.ttc><c:/Windows/Fonts/simkai.t
tf><c:/Windows/Fonts/simkai.ttf><c:/Windows/Fonts/simhei.ttf><c:/Windows/Fonts/
simhei.ttf><c:/Windows/Fonts/simsun.ttc><c:/Windows/Fonts/simsun.ttc><c:/Window
s/Fonts/simsun.ttc><c:/Windows/Fonts/simsun.ttc><c:/Windows/Fonts/simsun.ttc><c
:/Windows/Fonts/simsun.ttc><c:/Windows/Fonts/simsun.ttc><c:/Windows/Fonts/simka
i.ttf><c:/Windows/Fonts/simkai.ttf><c:/Windows/Fonts/simkai.ttf><c:/Windows/Fon
ts/simkai.ttf><c:/Windows/Fonts/simkai.ttf><c:/Windows/Fonts/simsun.ttc><c:/Win
dows/Fonts/simsun.ttc><c:/Windows/Fonts/simsun.ttc><c:/Windows/Fonts/simsun.ttc
><c:/Windows/Fonts/simsun.ttc><c:/Windows/Fonts/simsun.ttc><c:/Windows/Fonts/si
msun.ttc><c:/Windows/Fonts/simsun.ttc><c:/Windows/Fonts/simsun.ttc><c:/Windows/
Fonts/simsun.ttc><c:/Windows/Fonts/simsun.ttc><c:/Windows/Fonts/simsun.ttc><c:/
Windows/Fonts/simsun.ttc><c:/Windows/Fonts/simsun.ttc><c:/Windows/Fonts/simkai.
ttf><c:/Windows/Fonts/simkai.ttf><c:/Windows/Fonts/simkai.ttf><c:/Windows/Fonts
/simkai.ttf><c:/Windows/Fonts/simkai.ttf><c:/Windows/Fonts/simsun.ttc><c:/Windo
ws/Fonts/simsun.ttc><c:/Windows/Fonts/simsun.ttc><c:/Windows/Fonts/simsun.ttc><
c:/Windows/Fonts/simsun.ttc><c:/Windows/Fonts/simsun.ttc><c:/Windows/Fonts/sims
un.ttc><c:/Windows/Fonts/simsun.ttc><c:/Windows/Fonts/simsun.ttc><c:/Windows/Fo
nts/simsun.ttc><c:/Windows/Fonts/simsun.ttc><c:/Windows/Fonts/simsun.ttc><c:/Wi
ndows/Fonts/simsun.ttc><c:/Windows/Fonts/simsun.ttc><c:/Windows/Fonts/simsun.tt
c><c:/Windows/Fonts/simsun.ttc><c:/Windows/Fonts/simsun.ttc><c:/Windows/Fonts/s
imsun.ttc><c:/Windows/Fonts/simsun.ttc><c:/Windows/Fonts/simsun.ttc><c:/Windows
/Fonts/simsun.ttc><c:/Windows/Fonts/simsun.ttc><c:/Windows/Fonts/simsun.ttc><c:
/Windows/Fonts/simkai.ttf><c:/Windows/Fonts/simkai.ttf><c:/Windows/Fonts/simkai
.ttf><c:/Windows/Fonts/simkai.ttf><c:/Windows/Fonts/simkai.ttf><c:/Windows/Font
s/simsun.ttc><c:/Windows/Fonts/simsun.ttc><c:/Windows/Fonts/simsun.ttc><c:/Wind
ows/Fonts/simhei.ttf><c:/Windows/Fonts/simhei.ttf><c:/Windows/Fonts/simhei.ttf>
<c:/Windows/Fonts/simhei.ttf><c:/Windows/Fonts/simhei.ttf><c:/Windows/Fonts/sim
hei.ttf><c:/Windows/Fonts/simhei.ttf><c:/Windows/Fonts/simhei.ttf><c:/Windows/F
onts/simhei.ttf><c:/Windows/Fonts/simhei.ttf><c:/Windows/Fonts/simhei.ttf><c:/W
indows/Fonts/simhei.ttf><c:/Windows/Fonts/simhei.ttf><c:/Windows/Fonts/simhei.t
tf><c:/Windows/Fonts/simhei.ttf><c:/Windows/Fonts/simhei.ttf><c:/Windows/Fonts/
simhei.ttf><c:/Windows/Fonts/simhei.ttf><c:/Windows/Fonts/simhei.ttf><c:/Window
s/Fonts/simhei.ttf><c:/Windows/Fonts/simhei.ttf><c:/Windows/Fonts/simhei.ttf><c
:/Windows/Fonts/simhei.ttf><c:/Windows/Fonts/simhei.ttf><c:/Windows/Fonts/simhe
i.ttf><c:/Windows/Fonts/simhei.ttf><c:/Windows/Fonts/simhei.ttf><c:/Windows/Fon
ts/simhei.ttf><c:/Windows/Fonts/simhei.ttf><c:/Windows/Fonts/simhei.ttf><c:/Win
dows/Fonts/simhei.ttf><c:/Windows/Fonts/simhei.ttf><c:/Windows/Fonts/simhei.ttf
><c:/Windows/Fonts/simhei.ttf><c:/Windows/Fonts/simhei.ttf><c:/Windows/Fonts/si
mhei.ttf><c:/Windows/Fonts/simhei.ttf><c:/Windows/Fonts/simhei.ttf><c:/Windows/
Fonts/simhei.ttf><c:/Windows/Fonts/simhei.ttf><c:/Windows/Fonts/simhei.ttf><c:/
Windows/Fonts/simhei.ttf><c:/Windows/Fonts/simhei.ttf><c:/Windows/Fonts/simhei.
ttf><c:/Windows/Fonts/simhei.ttf><c:/Windows/Fonts/simhei.ttf><c:/Windows/Fonts
/simhei.ttf><c:/Windows/Fonts/simhei.ttf><c:/Windows/Fonts/simhei.ttf><c:/Windo
ws/Fonts/simhei.ttf><c:/Windows/Fonts/simhei.ttf><c:/Windows/Fonts/simhei.ttf><
c:/Windows/Fonts/simhei.ttf><c:/Windows/Fonts/simhei.ttf><c:/Windows/Fonts/simh
ei.ttf><c:/Windows/Fonts/simhei.ttf><c:/Windows/Fonts/simhei.ttf><c:/Windows/Fo
nts/simhei.ttf><c:/Windows/Fonts/simhei.ttf><c:/Windows/Fonts/simhei.ttf><c:/Wi
ndows/Fonts/simkai.ttf><c:/Windows/Fonts/simkai.ttf><c:/Windows/Fonts/simkai.tt
f><c:/Windows/Fonts/simkai.ttf><c:/Windows/Fonts/simkai.ttf><c:/Windows/Fonts/s
imkai.ttf><c:/Windows/Fonts/simsun.ttc><c:/Windows/Fonts/simsun.ttc><c:/Windows
/Fonts/simsun.ttc><c:/Windows/Fonts/simsun.ttc><c:/Windows/Fonts/simsun.ttc><c:
/Windows/Fonts/simsun.ttc><c:/Windows/Fonts/simsun.ttc><c:/Windows/Fonts/simsun
.ttc><c:/Windows/Fonts/simsun.ttc><c:/Windows/Fonts/simsun.ttc><c:/Windows/Font
s/simsun.ttc><c:/Windows/Fonts/simsun.ttc><c:/Windows/Fonts/simsun.ttc><c:/Wind
ows/Fonts/simsun.ttc><c:/Windows/Fonts/simsun.ttc><c:/Windows/Fonts/simsun.ttc>
<c:/Windows/Fonts/simsun.ttc><c:/Windows/Fonts/simsun.ttc><c:/Windows/Fonts/sim
sun.ttc><c:/Windows/Fonts/simsun.ttc><c:/Windows/Fonts/simsun.ttc><d:/app/latex
/texlive/2024/texmf-dist/fonts/type1/public/amsfonts/cm/cmbx10.pfb><d:/app/late
x/texlive/2024/texmf-dist/fonts/type1/public/amsfonts/cm/cmex10.pfb><d:/app/lat
ex/texlive/2024/texmf-dist/fonts/type1/public/amsfonts/cm/cmmi10.pfb><d:/app/la
tex/texlive/2024/texmf-dist/fonts/type1/public/amsfonts/cm/cmmi5.pfb><d:/app/la
tex/texlive/2024/texmf-dist/fonts/type1/public/amsfonts/cm/cmmi7.pfb><d:/app/la
tex/texlive/2024/texmf-dist/fonts/type1/public/amsfonts/cm/cmr10.pfb><d:/app/la
tex/texlive/2024/texmf-dist/fonts/type1/public/amsfonts/cm/cmr5.pfb><d:/app/lat
ex/texlive/2024/texmf-dist/fonts/type1/public/amsfonts/cm/cmr7.pfb><d:/app/late
x/texlive/2024/texmf-dist/fonts/type1/public/amsfonts/cm/cmsy10.pfb><d:/app/lat
ex/texlive/2024/texmf-dist/fonts/type1/public/amsfonts/cm/cmsy7.pfb><d:/app/lat
ex/texlive/2024/texmf-dist/fonts/type1/public/amsfonts/cm/cmsy8.pfb><d:/app/lat
ex/texlive/2024/texmf-dist/fonts/type1/public/amsfonts/symbols/msam10.pfb><d:/a
pp/latex/texlive/2024/texmf-dist/fonts/type1/public/amsfonts/symbols/msbm10.pfb
><d:/app/latex/texlive/2024/texmf-dist/fonts/type1/urw/times/utmb8a.pfb><d:/app
/latex/texlive/2024/texmf-dist/fonts/type1/urw/times/utmbi8a.pfb><d:/app/latex/
texlive/2024/texmf-dist/fonts/type1/urw/times/utmr8a.pfb><d:/app/latex/texlive/
2024/texmf-dist/fonts/type1/urw/times/utmri8a.pfb>
Output written on radio_modulation_classification.pdf (8 pages, 964142 bytes).
PDF statistics:
 927 PDF objects out of 1000 (max. 8388607)
 618 compressed objects within 7 object streams
 0 named destinations out of 1000 (max. 500000)
 305 words of extra memory for PDF output out of 10000 (max. 10000000)

